{"meta": {"format": 3, "version": "7.10.7", "timestamp": "2026-03-18T17:29:12.443339", "branch_coverage": false, "show_contexts": false}, "files": {"hbot\\controllers\\__init__.py": {"executed_lines": [1], "summary": {"covered_lines": 0, "num_statements": 0, "percent_covered": 100.0, "percent_covered_display": "100", "missing_lines": 0, "excluded_lines": 0}, "missing_lines": [], "excluded_lines": [], "functions": {"": {"executed_lines": [1], "summary": {"covered_lines": 0, "num_statements": 0, "percent_covered": 100.0, "percent_covered_display": "100", "missing_lines": 0, "excluded_lines": 0}, "missing_lines": [], "excluded_lines": []}}, "classes": {"": {"executed_lines": [1], "summary": {"covered_lines": 0, "num_statements": 0, "percent_covered": 100.0, "percent_covered_display": "100", "missing_lines": 0, "excluded_lines": 0}, "missing_lines": [], "excluded_lines": []}}}, "hbot\\controllers\\analytics\\__init__.py": {"executed_lines": [1], "summary": {"covered_lines": 0, "num_statements": 0, "percent_covered": 100.0, "percent_covered_display": "100", "missing_lines": 0, "excluded_lines": 0}, "missing_lines": [], "excluded_lines": [], "functions": {"": {"executed_lines": [1], "summary": {"covered_lines": 0, "num_statements": 0, "percent_covered": 100.0, "percent_covered_display": "100", "missing_lines": 0, "excluded_lines": 0}, "missing_lines": [], "excluded_lines": []}}, "classes": {"": {"executed_lines": [1], "summary": {"covered_lines": 0, "num_statements": 0, "percent_covered": 100.0, "percent_covered_display": "100", "missing_lines": 0, "excluded_lines": 0}, "missing_lines": [], "excluded_lines": []}}}, "hbot\\controllers\\analytics\\performance_metrics.py": {"executed_lines": [1, 11, 13, 14, 15, 16, 17, 18, 20, 21, 24, 25, 28, 39, 51, 67, 83, 98, 127, 128, 129, 130, 131, 132, 133, 134, 135, 138, 204, 208, 223, 231, 239, 258, 270, 288, 316, 334], "summary": {"covered_lines": 37, "num_statements": 227, "percent_covered": 16.29955947136564, "percent_covered_display": "16", "missing_lines": 190, "excluded_lines": 0}, "missing_lines": [29, 30, 31, 32, 33, 34, 35, 36, 41, 42, 43, 44, 45, 46, 47, 48, 53, 54, 55, 56, 57, 58, 59, 60, 62, 63, 64, 69, 70, 71, 72, 73, 74, 75, 76, 78, 79, 80, 85, 86, 87, 88, 89, 90, 91, 93, 94, 95, 100, 101, 102, 103, 104, 105, 107, 108, 109, 110, 111, 112, 113, 114, 115, 116, 118, 120, 121, 123, 124, 144, 145, 146, 155, 156, 158, 159, 160, 162, 163, 164, 165, 166, 168, 169, 170, 171, 173, 174, 175, 176, 178, 184, 185, 186, 187, 189, 190, 191, 192, 193, 205, 209, 210, 211, 212, 213, 214, 216, 217, 218, 219, 220, 224, 225, 226, 227, 228, 232, 233, 234, 236, 244, 245, 246, 247, 248, 249, 250, 251, 252, 253, 254, 255, 263, 264, 265, 266, 267, 277, 278, 279, 280, 281, 282, 283, 284, 285, 294, 295, 296, 297, 298, 299, 301, 302, 304, 305, 306, 307, 308, 309, 310, 311, 312, 313, 323, 324, 325, 326, 327, 328, 329, 330, 331, 339, 340, 341, 342, 343, 344, 345, 346, 347, 348, 349, 350, 351, 352, 353, 354], "excluded_lines": [], "functions": {"_to_decimal_list": {"executed_lines": [], "summary": {"covered_lines": 0, "num_statements": 8, "percent_covered": 0.0, "percent_covered_display": "0", "missing_lines": 8, "excluded_lines": 0}, "missing_lines": [29, 30, 31, 32, 33, 34, 35, 36], "excluded_lines": []}, "percent_return": {"executed_lines": [], "summary": {"covered_lines": 0, "num_statements": 8, "percent_covered": 0.0, "percent_covered_display": "0", "missing_lines": 8, "excluded_lines": 0}, "missing_lines": [41, 42, 43, 44, 45, 46, 47, 48], "excluded_lines": []}, "simple_return_series": {"executed_lines": [], "summary": {"covered_lines": 0, "num_statements": 11, "percent_covered": 0.0, "percent_covered_display": "0", "missing_lines": 11, "excluded_lines": 0}, "missing_lines": [53, 54, 55, 56, 57, 58, 59, 60, 62, 63, 64], "excluded_lines": []}, "log_return_series": {"executed_lines": [], "summary": {"covered_lines": 0, "num_statements": 11, "percent_covered": 0.0, "percent_covered_display": "0", "missing_lines": 11, "excluded_lines": 0}, "missing_lines": [69, 70, 71, 72, 73, 74, 75, 76, 78, 79, 80], "excluded_lines": []}, "mean_std": {"executed_lines": [], "summary": {"covered_lines": 0, "num_statements": 10, "percent_covered": 0.0, "percent_covered_display": "0", "missing_lines": 10, "excluded_lines": 0}, "missing_lines": [85, 86, 87, 88, 89, 90, 91, 93, 94, 95], "excluded_lines": []}, "drawdown_series": {"executed_lines": [], "summary": {"covered_lines": 0, "num_statements": 21, "percent_covered": 0.0, "percent_covered_display": "0", "missing_lines": 21, "excluded_lines": 0}, "missing_lines": [100, 101, 102, 103, 104, 105, 107, 108, 109, 110, 111, 112, 113, 114, 115, 116, 118, 120, 121, 123, 124], "excluded_lines": []}, "max_drawdown_with_metadata": {"executed_lines": [], "summary": {"covered_lines": 0, "num_statements": 31, "percent_covered": 0.0, "percent_covered_display": "0", "missing_lines": 31, "excluded_lines": 0}, "missing_lines": [144, 145, 146, 155, 156, 158, 159, 160, 162, 163, 164, 165, 166, 168, 169, 170, 171, 173, 174, 175, 176, 178, 184, 185, 186, 187, 189, 190, 191, 192, 193], "excluded_lines": []}, "max_drawdown": {"executed_lines": [], "summary": {"covered_lines": 0, "num_statements": 1, "percent_covered": 0.0, "percent_covered_display": "0", "missing_lines": 1, "excluded_lines": 0}, "missing_lines": [205], "excluded_lines": []}, "_to_datetimes": {"executed_lines": [], "summary": {"covered_lines": 0, "num_statements": 11, "percent_covered": 0.0, "percent_covered_display": "0", "missing_lines": 11, "excluded_lines": 0}, "missing_lines": [209, 210, 211, 212, 213, 214, 216, 217, 218, 219, 220], "excluded_lines": []}, "years_past": {"executed_lines": [], "summary": {"covered_lines": 0, "num_statements": 5, "percent_covered": 0.0, "percent_covered_display": "0", "missing_lines": 5, "excluded_lines": 0}, "missing_lines": [224, 225, 226, 227, 228], "excluded_lines": []}, "entries_per_year": {"executed_lines": [], "summary": {"covered_lines": 0, "num_statements": 4, "percent_covered": 0.0, "percent_covered_display": "0", "missing_lines": 4, "excluded_lines": 0}, "missing_lines": [232, 233, 234, 236], "excluded_lines": []}, "cagr": {"executed_lines": [], "summary": {"covered_lines": 0, "num_statements": 12, "percent_covered": 0.0, "percent_covered_display": "0", "missing_lines": 12, "excluded_lines": 0}, "missing_lines": [244, 245, 246, 247, 248, 249, 250, 251, 252, 253, 254, 255], "excluded_lines": []}, "annualized_volatility": {"executed_lines": [], "summary": {"covered_lines": 0, "num_statements": 5, "percent_covered": 0.0, "percent_covered_display": "0", "missing_lines": 5, "excluded_lines": 0}, "missing_lines": [263, 264, 265, 266, 267], "excluded_lines": []}, "sharpe_ratio": {"executed_lines": [], "summary": {"covered_lines": 0, "num_statements": 9, "percent_covered": 0.0, "percent_covered_display": "0", "missing_lines": 9, "excluded_lines": 0}, "missing_lines": [277, 278, 279, 280, 281, 282, 283, 284, 285], "excluded_lines": []}, "annualized_downside_deviation": {"executed_lines": [], "summary": {"covered_lines": 0, "num_statements": 18, "percent_covered": 0.0, "percent_covered_display": "0", "missing_lines": 18, "excluded_lines": 0}, "missing_lines": [294, 295, 296, 297, 298, 299, 301, 302, 304, 305, 306, 307, 308, 309, 310, 311, 312, 313], "excluded_lines": []}, "sortino_ratio": {"executed_lines": [], "summary": {"covered_lines": 0, "num_statements": 9, "percent_covered": 0.0, "percent_covered_display": "0", "missing_lines": 9, "excluded_lines": 0}, "missing_lines": [323, 324, 325, 326, 327, 328, 329, 330, 331], "excluded_lines": []}, "jensens_alpha": {"executed_lines": [], "summary": {"covered_lines": 0, "num_statements": 16, "percent_covered": 0.0, "percent_covered_display": "0", "missing_lines": 16, "excluded_lines": 0}, "missing_lines": [339, 340, 341, 342, 343, 344, 345, 346, 347, 348, 349, 350, 351, 352, 353, 354], "excluded_lines": []}, "": {"executed_lines": [1, 11, 13, 14, 15, 16, 17, 18, 20, 21, 24, 25, 28, 39, 51, 67, 83, 98, 127, 128, 129, 130, 131, 132, 133, 134, 135, 138, 204, 208, 223, 231, 239, 258, 270, 288, 316, 334], "summary": {"covered_lines": 37, "num_statements": 37, "percent_covered": 100.0, "percent_covered_display": "100", "missing_lines": 0, "excluded_lines": 0}, "missing_lines": [], "excluded_lines": []}}, "classes": {"MetricsError": {"executed_lines": [], "summary": {"covered_lines": 0, "num_statements": 0, "percent_covered": 100.0, "percent_covered_display": "100", "missing_lines": 0, "excluded_lines": 0}, "missing_lines": [], "excluded_lines": []}, "MaxDrawdownMetadata": {"executed_lines": [], "summary": {"covered_lines": 0, "num_statements": 0, "percent_covered": 100.0, "percent_covered_display": "100", "missing_lines": 0, "excluded_lines": 0}, "missing_lines": [], "excluded_lines": []}, "": {"executed_lines": [1, 11, 13, 14, 15, 16, 17, 18, 20, 21, 24, 25, 28, 39, 51, 67, 83, 98, 127, 128, 129, 130, 131, 132, 133, 134, 135, 138, 204, 208, 223, 231, 239, 258, 270, 288, 316, 334], "summary": {"covered_lines": 37, "num_statements": 227, "percent_covered": 16.29955947136564, "percent_covered_display": "16", "missing_lines": 190, "excluded_lines": 0}, "missing_lines": [29, 30, 31, 32, 33, 34, 35, 36, 41, 42, 43, 44, 45, 46, 47, 48, 53, 54, 55, 56, 57, 58, 59, 60, 62, 63, 64, 69, 70, 71, 72, 73, 74, 75, 76, 78, 79, 80, 85, 86, 87, 88, 89, 90, 91, 93, 94, 95, 100, 101, 102, 103, 104, 105, 107, 108, 109, 110, 111, 112, 113, 114, 115, 116, 118, 120, 121, 123, 124, 144, 145, 146, 155, 156, 158, 159, 160, 162, 163, 164, 165, 166, 168, 169, 170, 171, 173, 174, 175, 176, 178, 184, 185, 186, 187, 189, 190, 191, 192, 193, 205, 209, 210, 211, 212, 213, 214, 216, 217, 218, 219, 220, 224, 225, 226, 227, 228, 232, 233, 234, 236, 244, 245, 246, 247, 248, 249, 250, 251, 252, 253, 254, 255, 263, 264, 265, 266, 267, 277, 278, 279, 280, 281, 282, 283, 284, 285, 294, 295, 296, 297, 298, 299, 301, 302, 304, 305, 306, 307, 308, 309, 310, 311, 312, 313, 323, 324, 325, 326, 327, 328, 329, 330, 331, 339, 340, 341, 342, 343, 344, 345, 346, 347, 348, 349, 350, 351, 352, 353, 354], "excluded_lines": []}}}, "hbot\\controllers\\auto_calibration_mixin.py": {"executed_lines": [1, 6, 8, 9, 10, 11, 12, 14, 16, 17, 21, 23, 25, 27, 28, 29, 32, 33, 35, 36, 45, 48, 68, 82, 106, 130], "summary": {"covered_lines": 24, "num_statements": 168, "percent_covered": 14.285714285714286, "percent_covered_display": "14", "missing_lines": 144, "excluded_lines": 0}, "missing_lines": [18, 19, 37, 38, 39, 41, 42, 43, 46, 49, 50, 51, 52, 53, 54, 55, 56, 57, 58, 59, 60, 61, 62, 63, 64, 65, 66, 69, 70, 75, 76, 77, 78, 79, 80, 91, 116, 117, 138, 139, 140, 141, 142, 143, 145, 146, 147, 148, 149, 151, 152, 153, 154, 155, 159, 160, 161, 162, 164, 165, 166, 167, 168, 169, 170, 171, 172, 173, 174, 176, 182, 192, 193, 194, 195, 197, 198, 200, 202, 203, 204, 205, 206, 207, 208, 209, 210, 211, 212, 214, 215, 216, 217, 218, 219, 220, 222, 223, 224, 225, 226, 227, 229, 230, 235, 240, 246, 247, 248, 249, 251, 252, 253, 254, 255, 257, 258, 259, 260, 261, 262, 263, 278, 279, 284, 290, 291, 292, 293, 294, 295, 300, 301, 302, 303, 304, 305, 306, 307, 308, 309, 314, 315, 352], "excluded_lines": [], "functions": {"AutoCalibrationMixin._auto_calibration_p95": {"executed_lines": [], "summary": {"covered_lines": 0, "num_statements": 6, "percent_covered": 0.0, "percent_covered_display": "0", "missing_lines": 6, "excluded_lines": 0}, "missing_lines": [37, 38, 39, 41, 42, 43], "excluded_lines": []}, "AutoCalibrationMixin._auto_calibration_report_path": {"executed_lines": [], "summary": {"covered_lines": 0, "num_statements": 1, "percent_covered": 0.0, "percent_covered_display": "0", "missing_lines": 1, "excluded_lines": 0}, "missing_lines": [46], "excluded_lines": []}, "AutoCalibrationMixin._auto_calibration_report_paths": {"executed_lines": [], "summary": {"covered_lines": 0, "num_statements": 18, "percent_covered": 0.0, "percent_covered_display": "0", "missing_lines": 18, "excluded_lines": 0}, "missing_lines": [49, 50, 51, 52, 53, 54, 55, 56, 57, 58, 59, 60, 61, 62, 63, 64, 65, 66], "excluded_lines": []}, "AutoCalibrationMixin._auto_calibration_write_report": {"executed_lines": [], "summary": {"covered_lines": 0, "num_statements": 8, "percent_covered": 0.0, "percent_covered_display": "0", "missing_lines": 8, "excluded_lines": 0}, "missing_lines": [69, 70, 75, 76, 77, 78, 79, 80], "excluded_lines": []}, "AutoCalibrationMixin._auto_calibration_record_minute": {"executed_lines": [], "summary": {"covered_lines": 0, "num_statements": 1, "percent_covered": 0.0, "percent_covered_display": "0", "missing_lines": 1, "excluded_lines": 0}, "missing_lines": [91], "excluded_lines": []}, "AutoCalibrationMixin._auto_calibration_record_fill": {"executed_lines": [], "summary": {"covered_lines": 0, "num_statements": 2, "percent_covered": 0.0, "percent_covered_display": "0", "missing_lines": 2, "excluded_lines": 0}, "missing_lines": [116, 117], "excluded_lines": []}, "AutoCalibrationMixin._auto_calibration_maybe_run": {"executed_lines": [], "summary": {"covered_lines": 0, "num_statements": 106, "percent_covered": 0.0, "percent_covered_display": "0", "missing_lines": 106, "excluded_lines": 0}, "missing_lines": [138, 139, 140, 141, 142, 143, 145, 146, 147, 148, 149, 151, 152, 153, 154, 155, 159, 160, 161, 162, 164, 165, 166, 167, 168, 169, 170, 171, 172, 173, 174, 176, 182, 192, 193, 194, 195, 197, 198, 200, 202, 203, 204, 205, 206, 207, 208, 209, 210, 211, 212, 214, 215, 216, 217, 218, 219, 220, 222, 223, 224, 225, 226, 227, 229, 230, 235, 240, 246, 247, 248, 249, 251, 252, 253, 254, 255, 257, 258, 259, 260, 261, 262, 263, 278, 279, 284, 290, 291, 292, 293, 294, 295, 300, 301, 302, 303, 304, 305, 306, 307, 308, 309, 314, 315, 352], "excluded_lines": []}, "": {"executed_lines": [1, 6, 8, 9, 10, 11, 12, 14, 16, 17, 21, 23, 25, 27, 28, 29, 32, 33, 35, 36, 45, 48, 68, 82, 106, 130], "summary": {"covered_lines": 24, "num_statements": 26, "percent_covered": 92.3076923076923, "percent_covered_display": "92", "missing_lines": 2, "excluded_lines": 0}, "missing_lines": [18, 19], "excluded_lines": []}}, "classes": {"AutoCalibrationMixin": {"executed_lines": [], "summary": {"covered_lines": 0, "num_statements": 142, "percent_covered": 0.0, "percent_covered_display": "0", "missing_lines": 142, "excluded_lines": 0}, "missing_lines": [37, 38, 39, 41, 42, 43, 46, 49, 50, 51, 52, 53, 54, 55, 56, 57, 58, 59, 60, 61, 62, 63, 64, 65, 66, 69, 70, 75, 76, 77, 78, 79, 80, 91, 116, 117, 138, 139, 140, 141, 142, 143, 145, 146, 147, 148, 149, 151, 152, 153, 154, 155, 159, 160, 161, 162, 164, 165, 166, 167, 168, 169, 170, 171, 172, 173, 174, 176, 182, 192, 193, 194, 195, 197, 198, 200, 202, 203, 204, 205, 206, 207, 208, 209, 210, 211, 212, 214, 215, 216, 217, 218, 219, 220, 222, 223, 224, 225, 226, 227, 229, 230, 235, 240, 246, 247, 248, 249, 251, 252, 253, 254, 255, 257, 258, 259, 260, 261, 262, 263, 278, 279, 284, 290, 291, 292, 293, 294, 295, 300, 301, 302, 303, 304, 305, 306, 307, 308, 309, 314, 315, 352], "excluded_lines": []}, "": {"executed_lines": [1, 6, 8, 9, 10, 11, 12, 14, 16, 17, 21, 23, 25, 27, 28, 29, 32, 33, 35, 36, 45, 48, 68, 82, 106, 130], "summary": {"covered_lines": 24, "num_statements": 26, "percent_covered": 92.3076923076923, "percent_covered_display": "92", "missing_lines": 2, "excluded_lines": 0}, "missing_lines": [18, 19], "excluded_lines": []}}}, "hbot\\controllers\\bot1_baseline_v1.py": {"executed_lines": [], "summary": {"covered_lines": 0, "num_statements": 2, "percent_covered": 0.0, "percent_covered_display": "0", "missing_lines": 2, "excluded_lines": 0}, "missing_lines": [3, 5], "excluded_lines": [], "functions": {"": {"executed_lines": [], "summary": {"covered_lines": 0, "num_statements": 2, "percent_covered": 0.0, "percent_covered_display": "0", "missing_lines": 2, "excluded_lines": 0}, "missing_lines": [3, 5], "excluded_lines": []}}, "classes": {"": {"executed_lines": [], "summary": {"covered_lines": 0, "num_statements": 2, "percent_covered": 0.0, "percent_covered_display": "0", "missing_lines": 2, "excluded_lines": 0}, "missing_lines": [3, 5], "excluded_lines": []}}}, "hbot\\controllers\\bot5_ift_jota_v1.py": {"executed_lines": [], "summary": {"covered_lines": 0, "num_statements": 2, "percent_covered": 0.0, "percent_covered_display": "0", "missing_lines": 2, "excluded_lines": 0}, "missing_lines": [3, 5], "excluded_lines": [], "functions": {"": {"executed_lines": [], "summary": {"covered_lines": 0, "num_statements": 2, "percent_covered": 0.0, "percent_covered_display": "0", "missing_lines": 2, "excluded_lines": 0}, "missing_lines": [3, 5], "excluded_lines": []}}, "classes": {"": {"executed_lines": [], "summary": {"covered_lines": 0, "num_statements": 2, "percent_covered": 0.0, "percent_covered_display": "0", "missing_lines": 2, "excluded_lines": 0}, "missing_lines": [3, 5], "excluded_lines": []}}}, "hbot\\controllers\\bot6_cvd_divergence_v1.py": {"executed_lines": [], "summary": {"covered_lines": 0, "num_statements": 2, "percent_covered": 0.0, "percent_covered_display": "0", "missing_lines": 2, "excluded_lines": 0}, "missing_lines": [3, 8], "excluded_lines": [], "functions": {"": {"executed_lines": [], "summary": {"covered_lines": 0, "num_statements": 2, "percent_covered": 0.0, "percent_covered_display": "0", "missing_lines": 2, "excluded_lines": 0}, "missing_lines": [3, 8], "excluded_lines": []}}, "classes": {"": {"executed_lines": [], "summary": {"covered_lines": 0, "num_statements": 2, "percent_covered": 0.0, "percent_covered_display": "0", "missing_lines": 2, "excluded_lines": 0}, "missing_lines": [3, 8], "excluded_lines": []}}}, "hbot\\controllers\\bot7_pullback_v1.py": {"executed_lines": [], "summary": {"covered_lines": 0, "num_statements": 2, "percent_covered": 0.0, "percent_covered_display": "0", "missing_lines": 2, "excluded_lines": 0}, "missing_lines": [3, 8], "excluded_lines": [], "functions": {"": {"executed_lines": [], "summary": {"covered_lines": 0, "num_statements": 2, "percent_covered": 0.0, "percent_covered_display": "0", "missing_lines": 2, "excluded_lines": 0}, "missing_lines": [3, 8], "excluded_lines": []}}, "classes": {"": {"executed_lines": [], "summary": {"covered_lines": 0, "num_statements": 2, "percent_covered": 0.0, "percent_covered_display": "0", "missing_lines": 2, "excluded_lines": 0}, "missing_lines": [3, 8], "excluded_lines": []}}}, "hbot\\controllers\\bots\\__init__.py": {"executed_lines": [], "summary": {"covered_lines": 0, "num_statements": 1, "percent_covered": 0.0, "percent_covered_display": "0", "missing_lines": 1, "excluded_lines": 0}, "missing_lines": [7], "excluded_lines": [], "functions": {"": {"executed_lines": [], "summary": {"covered_lines": 0, "num_statements": 1, "percent_covered": 0.0, "percent_covered_display": "0", "missing_lines": 1, "excluded_lines": 0}, "missing_lines": [7], "excluded_lines": []}}, "classes": {"": {"executed_lines": [], "summary": {"covered_lines": 0, "num_statements": 1, "percent_covered": 0.0, "percent_covered_display": "0", "missing_lines": 1, "excluded_lines": 0}, "missing_lines": [7], "excluded_lines": []}}}, "hbot\\controllers\\bots\\bot1\\__init__.py": {"executed_lines": [], "summary": {"covered_lines": 0, "num_statements": 2, "percent_covered": 0.0, "percent_covered_display": "0", "missing_lines": 2, "excluded_lines": 0}, "missing_lines": [1, 3], "excluded_lines": [], "functions": {"": {"executed_lines": [], "summary": {"covered_lines": 0, "num_statements": 2, "percent_covered": 0.0, "percent_covered_display": "0", "missing_lines": 2, "excluded_lines": 0}, "missing_lines": [1, 3], "excluded_lines": []}}, "classes": {"": {"executed_lines": [], "summary": {"covered_lines": 0, "num_statements": 2, "percent_covered": 0.0, "percent_covered_display": "0", "missing_lines": 2, "excluded_lines": 0}, "missing_lines": [1, 3], "excluded_lines": []}}}, "hbot\\controllers\\bots\\bot1\\baseline_v1.py": {"executed_lines": [], "summary": {"covered_lines": 0, "num_statements": 52, "percent_covered": 0.0, "percent_covered_display": "0", "missing_lines": 52, "excluded_lines": 0}, "missing_lines": [1, 3, 4, 5, 7, 9, 10, 11, 13, 15, 18, 21, 22, 24, 25, 26, 27, 31, 32, 35, 38, 39, 40, 41, 42, 43, 44, 45, 46, 47, 48, 49, 50, 51, 52, 53, 54, 55, 56, 58, 59, 60, 68, 91, 113, 114, 115, 116, 117, 118, 120, 121], "excluded_lines": [], "functions": {"Bot1BaselineV1Config._validate_base_pct_range": {"executed_lines": [], "summary": {"covered_lines": 0, "num_statements": 4, "percent_covered": 0.0, "percent_covered_display": "0", "missing_lines": 4, "excluded_lines": 0}, "missing_lines": [26, 27, 31, 32], "excluded_lines": []}, "Bot1BaselineV1Controller._bot1_gate_metrics": {"executed_lines": [], "summary": {"covered_lines": 0, "num_statements": 21, "percent_covered": 0.0, "percent_covered_display": "0", "missing_lines": 21, "excluded_lines": 0}, "missing_lines": [39, 40, 41, 42, 43, 44, 45, 46, 47, 48, 49, 50, 51, 52, 53, 54, 55, 56, 58, 59, 60], "excluded_lines": []}, "Bot1BaselineV1Controller._emit_tick_output": {"executed_lines": [], "summary": {"covered_lines": 0, "num_statements": 7, "percent_covered": 0.0, "percent_covered_display": "0", "missing_lines": 7, "excluded_lines": 0}, "missing_lines": [91, 113, 114, 115, 116, 117, 118], "excluded_lines": []}, "Bot1BaselineV1Controller.telemetry_fields": {"executed_lines": [], "summary": {"covered_lines": 0, "num_statements": 1, "percent_covered": 0.0, "percent_covered_display": "0", "missing_lines": 1, "excluded_lines": 0}, "missing_lines": [121], "excluded_lines": []}, "": {"executed_lines": [], "summary": {"covered_lines": 0, "num_statements": 19, "percent_covered": 0.0, "percent_covered_display": "0", "missing_lines": 19, "excluded_lines": 0}, "missing_lines": [1, 3, 4, 5, 7, 9, 10, 11, 13, 15, 18, 21, 22, 24, 25, 35, 38, 68, 120], "excluded_lines": []}}, "classes": {"Bot1BaselineV1Config": {"executed_lines": [], "summary": {"covered_lines": 0, "num_statements": 4, "percent_covered": 0.0, "percent_covered_display": "0", "missing_lines": 4, "excluded_lines": 0}, "missing_lines": [26, 27, 31, 32], "excluded_lines": []}, "Bot1BaselineV1Controller": {"executed_lines": [], "summary": {"covered_lines": 0, "num_statements": 29, "percent_covered": 0.0, "percent_covered_display": "0", "missing_lines": 29, "excluded_lines": 0}, "missing_lines": [39, 40, 41, 42, 43, 44, 45, 46, 47, 48, 49, 50, 51, 52, 53, 54, 55, 56, 58, 59, 60, 91, 113, 114, 115, 116, 117, 118, 121], "excluded_lines": []}, "": {"executed_lines": [], "summary": {"covered_lines": 0, "num_statements": 19, "percent_covered": 0.0, "percent_covered_display": "0", "missing_lines": 19, "excluded_lines": 0}, "missing_lines": [1, 3, 4, 5, 7, 9, 10, 11, 13, 15, 18, 21, 22, 24, 25, 35, 38, 68, 120], "excluded_lines": []}}}, "hbot\\controllers\\bots\\bot5\\__init__.py": {"executed_lines": [], "summary": {"covered_lines": 0, "num_statements": 1, "percent_covered": 0.0, "percent_covered_display": "0", "missing_lines": 1, "excluded_lines": 0}, "missing_lines": [3], "excluded_lines": [], "functions": {"": {"executed_lines": [], "summary": {"covered_lines": 0, "num_statements": 1, "percent_covered": 0.0, "percent_covered_display": "0", "missing_lines": 1, "excluded_lines": 0}, "missing_lines": [3], "excluded_lines": []}}, "classes": {"": {"executed_lines": [], "summary": {"covered_lines": 0, "num_statements": 1, "percent_covered": 0.0, "percent_covered_display": "0", "missing_lines": 1, "excluded_lines": 0}, "missing_lines": [3], "excluded_lines": []}}}, "hbot\\controllers\\bots\\bot5\\ift_jota_v1.py": {"executed_lines": [], "summary": {"covered_lines": 0, "num_statements": 184, "percent_covered": 0.0, "percent_covered_display": "0", "missing_lines": 184, "excluded_lines": 0}, "missing_lines": [1, 3, 4, 6, 8, 9, 10, 11, 12, 14, 15, 16, 17, 18, 21, 24, 25, 29, 33, 37, 41, 45, 49, 55, 58, 59, 60, 62, 63, 76, 77, 78, 79, 80, 81, 82, 83, 84, 85, 87, 88, 95, 104, 105, 106, 113, 114, 115, 116, 117, 118, 120, 128, 135, 136, 137, 138, 139, 140, 142, 143, 144, 145, 150, 151, 152, 153, 155, 159, 160, 161, 166, 173, 179, 180, 181, 182, 183, 185, 186, 187, 192, 197, 198, 202, 204, 211, 218, 219, 220, 224, 229, 231, 232, 233, 234, 235, 236, 237, 238, 239, 240, 241, 242, 244, 246, 258, 260, 261, 262, 263, 264, 265, 266, 267, 269, 276, 277, 278, 280, 281, 282, 283, 284, 285, 287, 288, 289, 290, 292, 293, 294, 295, 298, 299, 300, 302, 305, 308, 309, 311, 312, 313, 316, 317, 321, 326, 327, 328, 329, 331, 340, 355, 357, 358, 359, 360, 361, 362, 363, 364, 365, 366, 367, 368, 369, 370, 371, 372, 373, 380, 395, 405, 406, 407, 408, 409, 410, 411, 412, 413, 414, 416, 417], "excluded_lines": [], "functions": {"Bot5IftJotaV1Controller.__init__": {"executed_lines": [], "summary": {"covered_lines": 0, "num_statements": 2, "percent_covered": 0.0, "percent_covered_display": "0", "missing_lines": 2, "excluded_lines": 0}, "missing_lines": [59, 60], "excluded_lines": []}, "Bot5IftJotaV1Controller._empty_bot5_flow_state": {"executed_lines": [], "summary": {"covered_lines": 0, "num_statements": 1, "percent_covered": 0.0, "percent_covered_display": "0", "missing_lines": 1, "excluded_lines": 0}, "missing_lines": [63], "excluded_lines": []}, "Bot5IftJotaV1Controller._bot5_gate_metrics": {"executed_lines": [], "summary": {"covered_lines": 0, "num_statements": 11, "percent_covered": 0.0, "percent_covered_display": "0", "missing_lines": 11, "excluded_lines": 0}, "missing_lines": [77, 78, 79, 80, 81, 82, 83, 84, 85, 87, 88], "excluded_lines": []}, "Bot5IftJotaV1Controller._compute_alpha_policy": {"executed_lines": [], "summary": {"covered_lines": 0, "num_statements": 9, "percent_covered": 0.0, "percent_covered_display": "0", "missing_lines": 9, "excluded_lines": 0}, "missing_lines": [104, 105, 106, 113, 114, 115, 116, 117, 118], "excluded_lines": []}, "Bot5IftJotaV1Controller._evaluate_all_risk": {"executed_lines": [], "summary": {"covered_lines": 0, "num_statements": 7, "percent_covered": 0.0, "percent_covered_display": "0", "missing_lines": 7, "excluded_lines": 0}, "missing_lines": [128, 135, 136, 137, 138, 139, 140], "excluded_lines": []}, "Bot5IftJotaV1Controller._bot5_update_flow_state": {"executed_lines": [], "summary": {"covered_lines": 0, "num_statements": 47, "percent_covered": 0.0, "percent_covered_display": "0", "missing_lines": 47, "excluded_lines": 0}, "missing_lines": [143, 144, 145, 150, 151, 152, 153, 155, 159, 160, 161, 166, 173, 179, 180, 181, 182, 183, 185, 186, 187, 192, 197, 198, 202, 204, 211, 218, 219, 220, 224, 229, 231, 232, 233, 234, 235, 236, 237, 238, 239, 240, 241, 242, 244, 246, 258], "excluded_lines": []}, "Bot5IftJotaV1Controller._resolve_regime_and_targets": {"executed_lines": [], "summary": {"covered_lines": 0, "num_statements": 7, "percent_covered": 0.0, "percent_covered_display": "0", "missing_lines": 7, "excluded_lines": 0}, "missing_lines": [261, 262, 263, 264, 265, 266, 267], "excluded_lines": []}, "Bot5IftJotaV1Controller._resolve_quote_side_mode": {"executed_lines": [], "summary": {"covered_lines": 0, "num_statements": 20, "percent_covered": 0.0, "percent_covered_display": "0", "missing_lines": 20, "excluded_lines": 0}, "missing_lines": [276, 277, 278, 280, 281, 282, 283, 284, 285, 287, 288, 289, 290, 292, 293, 294, 295, 298, 299, 300], "excluded_lines": []}, "Bot5IftJotaV1Controller._compute_adaptive_spread_knobs": {"executed_lines": [], "summary": {"covered_lines": 0, "num_statements": 13, "percent_covered": 0.0, "percent_covered_display": "0", "missing_lines": 13, "excluded_lines": 0}, "missing_lines": [305, 308, 309, 311, 312, 313, 316, 317, 321, 326, 327, 328, 329], "excluded_lines": []}, "Bot5IftJotaV1Controller._compute_levels_and_sizing": {"executed_lines": [], "summary": {"covered_lines": 0, "num_statements": 2, "percent_covered": 0.0, "percent_covered_display": "0", "missing_lines": 2, "excluded_lines": 0}, "missing_lines": [340, 355], "excluded_lines": []}, "Bot5IftJotaV1Controller.build_runtime_execution_plan": {"executed_lines": [], "summary": {"covered_lines": 0, "num_statements": 17, "percent_covered": 0.0, "percent_covered_display": "0", "missing_lines": 17, "excluded_lines": 0}, "missing_lines": [358, 359, 360, 361, 362, 363, 364, 365, 366, 367, 368, 369, 370, 371, 372, 373, 380], "excluded_lines": []}, "Bot5IftJotaV1Controller._extend_processed_data_before_log": {"executed_lines": [], "summary": {"covered_lines": 0, "num_statements": 10, "percent_covered": 0.0, "percent_covered_display": "0", "missing_lines": 10, "excluded_lines": 0}, "missing_lines": [405, 406, 407, 408, 409, 410, 411, 412, 413, 414], "excluded_lines": []}, "Bot5IftJotaV1Controller.telemetry_fields": {"executed_lines": [], "summary": {"covered_lines": 0, "num_statements": 1, "percent_covered": 0.0, "percent_covered_display": "0", "missing_lines": 1, "excluded_lines": 0}, "missing_lines": [417], "excluded_lines": []}, "": {"executed_lines": [], "summary": {"covered_lines": 0, "num_statements": 37, "percent_covered": 0.0, "percent_covered_display": "0", "missing_lines": 37, "excluded_lines": 0}, "missing_lines": [1, 3, 4, 6, 8, 9, 10, 11, 12, 14, 15, 16, 17, 18, 21, 24, 25, 29, 33, 37, 41, 45, 49, 55, 58, 62, 76, 95, 120, 142, 260, 269, 302, 331, 357, 395, 416], "excluded_lines": []}}, "classes": {"Bot5IftJotaV1Config": {"executed_lines": [], "summary": {"covered_lines": 0, "num_statements": 0, "percent_covered": 100.0, "percent_covered_display": "100", "missing_lines": 0, "excluded_lines": 0}, "missing_lines": [], "excluded_lines": []}, "Bot5IftJotaV1Controller": {"executed_lines": [], "summary": {"covered_lines": 0, "num_statements": 147, "percent_covered": 0.0, "percent_covered_display": "0", "missing_lines": 147, "excluded_lines": 0}, "missing_lines": [59, 60, 63, 77, 78, 79, 80, 81, 82, 83, 84, 85, 87, 88, 104, 105, 106, 113, 114, 115, 116, 117, 118, 128, 135, 136, 137, 138, 139, 140, 143, 144, 145, 150, 151, 152, 153, 155, 159, 160, 161, 166, 173, 179, 180, 181, 182, 183, 185, 186, 187, 192, 197, 198, 202, 204, 211, 218, 219, 220, 224, 229, 231, 232, 233, 234, 235, 236, 237, 238, 239, 240, 241, 242, 244, 246, 258, 261, 262, 263, 264, 265, 266, 267, 276, 277, 278, 280, 281, 282, 283, 284, 285, 287, 288, 289, 290, 292, 293, 294, 295, 298, 299, 300, 305, 308, 309, 311, 312, 313, 316, 317, 321, 326, 327, 328, 329, 340, 355, 358, 359, 360, 361, 362, 363, 364, 365, 366, 367, 368, 369, 370, 371, 372, 373, 380, 405, 406, 407, 408, 409, 410, 411, 412, 413, 414, 417], "excluded_lines": []}, "": {"executed_lines": [], "summary": {"covered_lines": 0, "num_statements": 37, "percent_covered": 0.0, "percent_covered_display": "0", "missing_lines": 37, "excluded_lines": 0}, "missing_lines": [1, 3, 4, 6, 8, 9, 10, 11, 12, 14, 15, 16, 17, 18, 21, 24, 25, 29, 33, 37, 41, 45, 49, 55, 58, 62, 76, 95, 120, 142, 260, 269, 302, 331, 357, 395, 416], "excluded_lines": []}}}, "hbot\\controllers\\bots\\bot6\\__init__.py": {"executed_lines": [], "summary": {"covered_lines": 0, "num_statements": 1, "percent_covered": 0.0, "percent_covered_display": "0", "missing_lines": 1, "excluded_lines": 0}, "missing_lines": [3], "excluded_lines": [], "functions": {"": {"executed_lines": [], "summary": {"covered_lines": 0, "num_statements": 1, "percent_covered": 0.0, "percent_covered_display": "0", "missing_lines": 1, "excluded_lines": 0}, "missing_lines": [3], "excluded_lines": []}}, "classes": {"": {"executed_lines": [], "summary": {"covered_lines": 0, "num_statements": 1, "percent_covered": 0.0, "percent_covered_display": "0", "missing_lines": 1, "excluded_lines": 0}, "missing_lines": [3], "excluded_lines": []}}}, "hbot\\controllers\\bots\\bot6\\cvd_divergence_v1.py": {"executed_lines": [], "summary": {"covered_lines": 0, "num_statements": 289, "percent_covered": 0.0, "percent_covered_display": "0", "missing_lines": 289, "excluded_lines": 0}, "missing_lines": [1, 3, 4, 5, 6, 7, 9, 11, 12, 13, 14, 15, 16, 18, 19, 20, 21, 22, 23, 25, 28, 31, 32, 36, 40, 41, 42, 43, 44, 45, 46, 47, 53, 54, 55, 56, 62, 63, 67, 68, 69, 70, 71, 72, 73, 79, 83, 91, 94, 95, 96, 97, 98, 99, 100, 102, 103, 128, 129, 130, 131, 132, 133, 134, 135, 136, 138, 139, 140, 141, 142, 149, 158, 159, 160, 167, 168, 169, 170, 171, 172, 174, 182, 189, 190, 191, 192, 193, 194, 196, 197, 198, 199, 200, 201, 203, 205, 206, 207, 209, 210, 214, 215, 221, 222, 223, 224, 225, 226, 227, 228, 229, 230, 231, 232, 233, 234, 235, 237, 238, 239, 253, 254, 255, 256, 257, 258, 259, 260, 261, 263, 264, 265, 266, 267, 268, 269, 270, 271, 272, 273, 274, 276, 277, 279, 280, 281, 282, 283, 284, 285, 286, 287, 288, 293, 295, 296, 297, 298, 299, 300, 301, 302, 306, 307, 308, 312, 313, 314, 315, 317, 318, 319, 320, 321, 322, 323, 324, 325, 326, 327, 328, 329, 331, 333, 340, 346, 353, 358, 359, 360, 361, 362, 364, 365, 366, 367, 368, 369, 370, 371, 372, 374, 400, 402, 403, 404, 405, 406, 407, 409, 416, 417, 418, 420, 421, 422, 423, 424, 425, 427, 428, 429, 430, 431, 432, 433, 434, 435, 436, 439, 440, 441, 443, 449, 452, 453, 454, 455, 456, 457, 458, 460, 469, 484, 486, 487, 489, 490, 504, 505, 506, 507, 508, 509, 510, 511, 512, 513, 514, 515, 516, 523, 538, 548, 549, 550, 551, 552, 553, 554, 555, 556, 557, 558, 559, 560, 561, 562, 563, 564, 565, 566, 567, 568, 569, 570, 572, 573], "excluded_lines": [], "functions": {"Bot6CvdDivergenceV1Controller.__init__": {"executed_lines": [], "summary": {"covered_lines": 0, "num_statements": 6, "percent_covered": 0.0, "percent_covered_display": "0", "missing_lines": 6, "excluded_lines": 0}, "missing_lines": [95, 96, 97, 98, 99, 100], "excluded_lines": []}, "Bot6CvdDivergenceV1Controller._empty_bot6_signal_state": {"executed_lines": [], "summary": {"covered_lines": 0, "num_statements": 1, "percent_covered": 0.0, "percent_covered_display": "0", "missing_lines": 1, "excluded_lines": 0}, "missing_lines": [103], "excluded_lines": []}, "Bot6CvdDivergenceV1Controller._bot6_gate_metrics": {"executed_lines": [], "summary": {"covered_lines": 0, "num_statements": 13, "percent_covered": 0.0, "percent_covered_display": "0", "missing_lines": 13, "excluded_lines": 0}, "missing_lines": [129, 130, 131, 132, 133, 134, 135, 136, 138, 139, 140, 141, 142], "excluded_lines": []}, "Bot6CvdDivergenceV1Controller._compute_alpha_policy": {"executed_lines": [], "summary": {"covered_lines": 0, "num_statements": 9, "percent_covered": 0.0, "percent_covered_display": "0", "missing_lines": 9, "excluded_lines": 0}, "missing_lines": [158, 159, 160, 167, 168, 169, 170, 171, 172], "excluded_lines": []}, "Bot6CvdDivergenceV1Controller._evaluate_all_risk": {"executed_lines": [], "summary": {"covered_lines": 0, "num_statements": 7, "percent_covered": 0.0, "percent_covered_display": "0", "missing_lines": 7, "excluded_lines": 0}, "missing_lines": [182, 189, 190, 191, 192, 193, 194], "excluded_lines": []}, "Bot6CvdDivergenceV1Controller._decimal_series": {"executed_lines": [], "summary": {"covered_lines": 0, "num_statements": 5, "percent_covered": 0.0, "percent_covered_display": "0", "missing_lines": 5, "excluded_lines": 0}, "missing_lines": [197, 198, 199, 200, 201], "excluded_lines": []}, "Bot6CvdDivergenceV1Controller._compute_adx": {"executed_lines": [], "summary": {"covered_lines": 0, "num_statements": 3, "percent_covered": 0.0, "percent_covered_display": "0", "missing_lines": 3, "excluded_lines": 0}, "missing_lines": [205, 206, 207], "excluded_lines": []}, "Bot6CvdDivergenceV1Controller._get_bot6_candle_signal": {"executed_lines": [], "summary": {"covered_lines": 0, "num_statements": 18, "percent_covered": 0.0, "percent_covered_display": "0", "missing_lines": 18, "excluded_lines": 0}, "missing_lines": [210, 214, 215, 221, 222, 223, 224, 225, 226, 227, 228, 229, 230, 231, 232, 233, 234, 235], "excluded_lines": []}, "Bot6CvdDivergenceV1Controller._bot6_update_signal_state": {"executed_lines": [], "summary": {"covered_lines": 0, "num_statements": 85, "percent_covered": 0.0, "percent_covered_display": "0", "missing_lines": 85, "excluded_lines": 0}, "missing_lines": [238, 239, 253, 254, 255, 256, 257, 258, 259, 260, 261, 263, 264, 265, 266, 267, 268, 269, 270, 271, 272, 273, 274, 276, 277, 279, 280, 281, 282, 283, 284, 285, 286, 287, 288, 293, 295, 296, 297, 298, 299, 300, 301, 302, 306, 307, 308, 312, 313, 314, 315, 317, 318, 319, 320, 321, 322, 323, 324, 325, 326, 327, 328, 329, 331, 333, 340, 346, 353, 358, 359, 360, 361, 362, 364, 365, 366, 367, 368, 369, 370, 371, 372, 374, 400], "excluded_lines": []}, "Bot6CvdDivergenceV1Controller._resolve_regime_and_targets": {"executed_lines": [], "summary": {"covered_lines": 0, "num_statements": 5, "percent_covered": 0.0, "percent_covered_display": "0", "missing_lines": 5, "excluded_lines": 0}, "missing_lines": [403, 404, 405, 406, 407], "excluded_lines": []}, "Bot6CvdDivergenceV1Controller._resolve_quote_side_mode": {"executed_lines": [], "summary": {"covered_lines": 0, "num_statements": 22, "percent_covered": 0.0, "percent_covered_display": "0", "missing_lines": 22, "excluded_lines": 0}, "missing_lines": [416, 417, 418, 420, 421, 422, 423, 424, 425, 427, 428, 429, 430, 431, 432, 433, 434, 435, 436, 439, 440, 441], "excluded_lines": []}, "Bot6CvdDivergenceV1Controller._compute_adaptive_spread_knobs": {"executed_lines": [], "summary": {"covered_lines": 0, "num_statements": 8, "percent_covered": 0.0, "percent_covered_display": "0", "missing_lines": 8, "excluded_lines": 0}, "missing_lines": [449, 452, 453, 454, 455, 456, 457, 458], "excluded_lines": []}, "Bot6CvdDivergenceV1Controller._compute_levels_and_sizing": {"executed_lines": [], "summary": {"covered_lines": 0, "num_statements": 2, "percent_covered": 0.0, "percent_covered_display": "0", "missing_lines": 2, "excluded_lines": 0}, "missing_lines": [469, 484], "excluded_lines": []}, "Bot6CvdDivergenceV1Controller.build_runtime_execution_plan": {"executed_lines": [], "summary": {"covered_lines": 0, "num_statements": 17, "percent_covered": 0.0, "percent_covered_display": "0", "missing_lines": 17, "excluded_lines": 0}, "missing_lines": [487, 489, 490, 504, 505, 506, 507, 508, 509, 510, 511, 512, 513, 514, 515, 516, 523], "excluded_lines": []}, "Bot6CvdDivergenceV1Controller._extend_processed_data_before_log": {"executed_lines": [], "summary": {"covered_lines": 0, "num_statements": 23, "percent_covered": 0.0, "percent_covered_display": "0", "missing_lines": 23, "excluded_lines": 0}, "missing_lines": [548, 549, 550, 551, 552, 553, 554, 555, 556, 557, 558, 559, 560, 561, 562, 563, 564, 565, 566, 567, 568, 569, 570], "excluded_lines": []}, "Bot6CvdDivergenceV1Controller.telemetry_fields": {"executed_lines": [], "summary": {"covered_lines": 0, "num_statements": 1, "percent_covered": 0.0, "percent_covered_display": "0", "missing_lines": 1, "excluded_lines": 0}, "missing_lines": [573], "excluded_lines": []}, "": {"executed_lines": [], "summary": {"covered_lines": 0, "num_statements": 64, "percent_covered": 0.0, "percent_covered_display": "0", "missing_lines": 64, "excluded_lines": 0}, "missing_lines": [1, 3, 4, 5, 6, 7, 9, 11, 12, 13, 14, 15, 16, 18, 19, 20, 21, 22, 23, 25, 28, 31, 32, 36, 40, 41, 42, 43, 44, 45, 46, 47, 53, 54, 55, 56, 62, 63, 67, 68, 69, 70, 71, 72, 73, 79, 83, 91, 94, 102, 128, 149, 174, 196, 203, 209, 237, 402, 409, 443, 460, 486, 538, 572], "excluded_lines": []}}, "classes": {"Bot6CvdDivergenceV1Config": {"executed_lines": [], "summary": {"covered_lines": 0, "num_statements": 0, "percent_covered": 100.0, "percent_covered_display": "100", "missing_lines": 0, "excluded_lines": 0}, "missing_lines": [], "excluded_lines": []}, "Bot6CvdDivergenceV1Controller": {"executed_lines": [], "summary": {"covered_lines": 0, "num_statements": 225, "percent_covered": 0.0, "percent_covered_display": "0", "missing_lines": 225, "excluded_lines": 0}, "missing_lines": [95, 96, 97, 98, 99, 100, 103, 129, 130, 131, 132, 133, 134, 135, 136, 138, 139, 140, 141, 142, 158, 159, 160, 167, 168, 169, 170, 171, 172, 182, 189, 190, 191, 192, 193, 194, 197, 198, 199, 200, 201, 205, 206, 207, 210, 214, 215, 221, 222, 223, 224, 225, 226, 227, 228, 229, 230, 231, 232, 233, 234, 235, 238, 239, 253, 254, 255, 256, 257, 258, 259, 260, 261, 263, 264, 265, 266, 267, 268, 269, 270, 271, 272, 273, 274, 276, 277, 279, 280, 281, 282, 283, 284, 285, 286, 287, 288, 293, 295, 296, 297, 298, 299, 300, 301, 302, 306, 307, 308, 312, 313, 314, 315, 317, 318, 319, 320, 321, 322, 323, 324, 325, 326, 327, 328, 329, 331, 333, 340, 346, 353, 358, 359, 360, 361, 362, 364, 365, 366, 367, 368, 369, 370, 371, 372, 374, 400, 403, 404, 405, 406, 407, 416, 417, 418, 420, 421, 422, 423, 424, 425, 427, 428, 429, 430, 431, 432, 433, 434, 435, 436, 439, 440, 441, 449, 452, 453, 454, 455, 456, 457, 458, 469, 484, 487, 489, 490, 504, 505, 506, 507, 508, 509, 510, 511, 512, 513, 514, 515, 516, 523, 548, 549, 550, 551, 552, 553, 554, 555, 556, 557, 558, 559, 560, 561, 562, 563, 564, 565, 566, 567, 568, 569, 570, 573], "excluded_lines": []}, "": {"executed_lines": [], "summary": {"covered_lines": 0, "num_statements": 64, "percent_covered": 0.0, "percent_covered_display": "0", "missing_lines": 64, "excluded_lines": 0}, "missing_lines": [1, 3, 4, 5, 6, 7, 9, 11, 12, 13, 14, 15, 16, 18, 19, 20, 21, 22, 23, 25, 28, 31, 32, 36, 40, 41, 42, 43, 44, 45, 46, 47, 53, 54, 55, 56, 62, 63, 67, 68, 69, 70, 71, 72, 73, 79, 83, 91, 94, 102, 128, 149, 174, 196, 203, 209, 237, 402, 409, 443, 460, 486, 538, 572], "excluded_lines": []}}}, "hbot\\controllers\\bots\\bot7\\__init__.py": {"executed_lines": [], "summary": {"covered_lines": 0, "num_statements": 1, "percent_covered": 0.0, "percent_covered_display": "0", "missing_lines": 1, "excluded_lines": 0}, "missing_lines": [3], "excluded_lines": [], "functions": {"": {"executed_lines": [], "summary": {"covered_lines": 0, "num_statements": 1, "percent_covered": 0.0, "percent_covered_display": "0", "missing_lines": 1, "excluded_lines": 0}, "missing_lines": [3], "excluded_lines": []}}, "classes": {"": {"executed_lines": [], "summary": {"covered_lines": 0, "num_statements": 1, "percent_covered": 0.0, "percent_covered_display": "0", "missing_lines": 1, "excluded_lines": 0}, "missing_lines": [3], "excluded_lines": []}}}, "hbot\\controllers\\bots\\bot7\\pullback_v1.py": {"executed_lines": [], "summary": {"covered_lines": 0, "num_statements": 982, "percent_covered": 0.0, "percent_covered_display": "0", "missing_lines": 982, "excluded_lines": 0}, "missing_lines": [26, 28, 29, 30, 31, 32, 34, 36, 37, 38, 39, 40, 41, 42, 44, 46, 47, 48, 49, 52, 55, 58, 59, 60, 61, 62, 66, 67, 69, 70, 72, 73, 74, 75, 78, 79, 85, 86, 87, 90, 91, 92, 95, 96, 97, 100, 101, 102, 103, 106, 109, 110, 111, 112, 113, 114, 115, 118, 119, 120, 121, 123, 126, 127, 128, 131, 134, 135, 138, 139, 140, 141, 142, 143, 144, 147, 148, 149, 150, 153, 154, 155, 158, 161, 162, 163, 164, 165, 166, 169, 170, 173, 176, 177, 178, 181, 182, 185, 186, 187, 190, 191, 194, 195, 198, 199, 202, 203, 204, 207, 208, 210, 211, 213, 214, 215, 216, 219, 222, 223, 224, 225, 226, 227, 234, 235, 236, 237, 238, 239, 240, 241, 243, 244, 246, 247, 249, 251, 252, 253, 254, 255, 257, 258, 307, 308, 309, 310, 316, 317, 319, 328, 329, 330, 337, 338, 339, 340, 341, 342, 344, 352, 359, 360, 361, 362, 363, 364, 366, 367, 368, 369, 370, 371, 372, 373, 374, 376, 377, 379, 380, 381, 382, 383, 384, 386, 387, 388, 389, 390, 392, 398, 399, 400, 401, 402, 403, 405, 406, 407, 408, 409, 413, 419, 420, 424, 425, 429, 430, 432, 433, 434, 435, 436, 441, 447, 448, 449, 450, 452, 454, 455, 456, 457, 460, 461, 462, 463, 464, 465, 466, 467, 468, 472, 480, 481, 482, 483, 484, 485, 487, 488, 490, 491, 492, 493, 494, 495, 496, 497, 498, 499, 500, 501, 502, 504, 509, 510, 511, 512, 513, 514, 515, 516, 517, 518, 519, 523, 531, 532, 533, 534, 535, 536, 537, 538, 539, 540, 541, 542, 543, 544, 545, 546, 547, 548, 552, 556, 561, 562, 563, 564, 565, 566, 567, 568, 569, 570, 571, 572, 573, 574, 575, 576, 577, 578, 579, 581, 582, 583, 584, 585, 586, 587, 588, 589, 590, 594, 601, 602, 604, 605, 606, 607, 609, 610, 611, 613, 614, 615, 616, 618, 619, 620, 624, 630, 631, 632, 633, 634, 635, 636, 637, 638, 639, 640, 641, 642, 643, 645, 647, 648, 649, 650, 651, 652, 653, 654, 656, 657, 658, 659, 660, 662, 663, 664, 665, 666, 667, 668, 669, 671, 672, 673, 674, 675, 676, 678, 679, 680, 681, 682, 683, 687, 689, 690, 691, 692, 693, 694, 695, 697, 702, 703, 705, 706, 707, 708, 709, 711, 712, 714, 715, 716, 718, 719, 720, 721, 724, 725, 726, 727, 729, 732, 733, 734, 735, 736, 737, 738, 739, 740, 743, 746, 750, 751, 752, 753, 754, 756, 758, 759, 760, 761, 762, 763, 764, 766, 767, 768, 769, 770, 772, 773, 774, 775, 776, 777, 778, 779, 780, 781, 783, 785, 794, 795, 796, 797, 799, 800, 801, 802, 804, 805, 806, 807, 816, 817, 818, 819, 820, 821, 826, 827, 828, 829, 830, 841, 847, 851, 852, 856, 858, 860, 861, 862, 863, 865, 867, 868, 869, 870, 871, 872, 874, 876, 877, 878, 879, 880, 881, 885, 887, 893, 894, 895, 896, 897, 898, 900, 916, 917, 918, 919, 920, 921, 922, 923, 924, 925, 926, 928, 939, 940, 941, 942, 943, 944, 945, 946, 947, 948, 949, 950, 951, 952, 953, 954, 958, 959, 960, 961, 963, 964, 965, 966, 969, 973, 977, 978, 979, 983, 987, 991, 995, 997, 1008, 1009, 1010, 1011, 1012, 1016, 1017, 1018, 1019, 1020, 1021, 1022, 1023, 1026, 1031, 1032, 1033, 1034, 1038, 1042, 1048, 1054, 1056, 1057, 1058, 1059, 1060, 1061, 1062, 1063, 1064, 1066, 1067, 1068, 1069, 1070, 1071, 1072, 1074, 1078, 1079, 1080, 1081, 1082, 1083, 1084, 1085, 1086, 1087, 1088, 1089, 1090, 1091, 1092, 1093, 1095, 1096, 1098, 1099, 1100, 1111, 1113, 1114, 1115, 1116, 1117, 1118, 1119, 1120, 1121, 1123, 1124, 1125, 1136, 1138, 1142, 1143, 1144, 1147, 1150, 1151, 1152, 1155, 1156, 1157, 1158, 1161, 1170, 1173, 1181, 1191, 1192, 1193, 1194, 1195, 1196, 1197, 1198, 1199, 1200, 1201, 1202, 1205, 1206, 1207, 1210, 1215, 1216, 1219, 1221, 1233, 1246, 1247, 1260, 1274, 1275, 1276, 1278, 1279, 1280, 1281, 1282, 1283, 1284, 1285, 1286, 1287, 1288, 1289, 1290, 1291, 1292, 1293, 1294, 1295, 1296, 1297, 1298, 1299, 1300, 1301, 1302, 1303, 1304, 1305, 1306, 1307, 1308, 1309, 1312, 1313, 1314, 1315, 1316, 1317, 1318, 1319, 1320, 1321, 1322, 1323, 1324, 1325, 1326, 1327, 1328, 1329, 1330, 1331, 1332, 1333, 1334, 1335, 1340, 1341, 1342, 1345, 1346, 1347, 1348, 1351, 1352, 1353, 1355, 1356, 1357, 1358, 1359, 1360, 1361, 1362, 1363, 1364, 1365, 1366, 1367, 1368, 1369, 1370, 1371, 1372, 1373, 1374, 1375, 1378, 1379, 1380, 1381, 1384, 1385, 1386, 1389, 1390, 1391, 1392, 1394, 1395, 1398, 1399, 1400, 1406, 1407, 1408, 1409, 1410, 1416, 1417, 1418, 1419, 1420, 1421, 1424, 1425, 1429, 1432, 1435, 1436, 1437, 1438, 1443, 1444, 1451, 1452, 1453, 1457, 1458, 1460, 1461, 1466, 1467, 1468, 1469, 1473, 1524, 1526, 1528, 1529, 1530, 1533, 1534, 1537, 1538, 1539, 1540, 1541, 1544, 1546, 1547, 1548, 1550, 1552, 1553, 1554, 1555, 1556, 1557, 1558, 1559, 1560, 1562, 1563, 1564, 1565, 1566, 1567, 1568, 1569, 1570, 1571, 1572, 1573, 1575, 1576, 1577, 1578, 1579, 1580, 1581, 1586, 1587, 1588, 1589, 1590, 1591, 1592, 1594, 1595, 1596, 1597, 1599, 1600, 1601, 1602, 1603, 1604, 1605, 1607, 1612, 1619, 1620, 1621, 1622, 1623, 1624, 1625, 1626, 1629, 1633, 1634, 1635, 1636, 1637, 1638, 1639, 1640, 1641, 1642, 1643, 1644, 1646, 1655, 1670, 1672, 1673, 1677, 1678, 1679, 1684, 1685, 1686, 1687, 1688, 1689, 1697, 1698, 1699, 1707, 1712, 1713, 1714, 1718, 1725, 1741, 1742, 1743, 1744, 1745, 1746, 1755, 1760, 1761, 1762, 1765, 1766, 1767, 1768, 1770, 1771, 1772, 1773, 1775, 1776, 1777, 1778, 1779, 1780, 1782, 1783, 1786, 1787, 1788, 1789, 1794, 1795, 1796, 1797, 1804, 1818, 1828, 1829, 1830, 1878, 1887, 1896, 1897, 1929, 1930, 1931, 1932, 1940, 1941, 1942, 1943, 1944, 1945, 1949, 1950, 1951, 1952, 1953, 1954, 1955, 1959, 1962, 1963, 1968], "excluded_lines": [], "functions": {"PullbackV1Config.triple_barrier_config": {"executed_lines": [], "summary": {"covered_lines": 0, "num_statements": 4, "percent_covered": 0.0, "percent_covered_display": "0", "missing_lines": 4, "excluded_lines": 0}, "missing_lines": [213, 214, 215, 216], "excluded_lines": []}, "PullbackV1Controller.__init__": {"executed_lines": [], "summary": {"covered_lines": 0, "num_statements": 17, "percent_covered": 0.0, "percent_covered_display": "0", "missing_lines": 17, "excluded_lines": 0}, "missing_lines": [223, 224, 225, 226, 227, 234, 235, 236, 237, 238, 239, 240, 241, 243, 244, 246, 247], "excluded_lines": []}, "PullbackV1Controller.determine_executor_actions": {"executed_lines": [], "summary": {"covered_lines": 0, "num_statements": 5, "percent_covered": 0.0, "percent_covered_display": "0", "missing_lines": 5, "excluded_lines": 0}, "missing_lines": [251, 252, 253, 254, 255], "excluded_lines": []}, "PullbackV1Controller._empty_pb_state": {"executed_lines": [], "summary": {"covered_lines": 0, "num_statements": 1, "percent_covered": 0.0, "percent_covered_display": "0", "missing_lines": 1, "excluded_lines": 0}, "missing_lines": [258], "excluded_lines": []}, "PullbackV1Controller._pb_gate_metrics": {"executed_lines": [], "summary": {"covered_lines": 0, "num_statements": 3, "percent_covered": 0.0, "percent_covered_display": "0", "missing_lines": 3, "excluded_lines": 0}, "missing_lines": [308, 309, 310], "excluded_lines": []}, "PullbackV1Controller._bot7_gate_metrics": {"executed_lines": [], "summary": {"covered_lines": 0, "num_statements": 1, "percent_covered": 0.0, "percent_covered_display": "0", "missing_lines": 1, "excluded_lines": 0}, "missing_lines": [317], "excluded_lines": []}, "PullbackV1Controller._compute_alpha_policy": {"executed_lines": [], "summary": {"covered_lines": 0, "num_statements": 9, "percent_covered": 0.0, "percent_covered_display": "0", "missing_lines": 9, "excluded_lines": 0}, "missing_lines": [328, 329, 330, 337, 338, 339, 340, 341, 342], "excluded_lines": []}, "PullbackV1Controller._evaluate_all_risk": {"executed_lines": [], "summary": {"covered_lines": 0, "num_statements": 7, "percent_covered": 0.0, "percent_covered_display": "0", "missing_lines": 7, "excluded_lines": 0}, "missing_lines": [352, 359, 360, 361, 362, 363, 364], "excluded_lines": []}, "PullbackV1Controller._trade_age_ms": {"executed_lines": [], "summary": {"covered_lines": 0, "num_statements": 10, "percent_covered": 0.0, "percent_covered_display": "0", "missing_lines": 10, "excluded_lines": 0}, "missing_lines": [367, 368, 369, 370, 371, 372, 373, 374, 376, 377], "excluded_lines": []}, "PullbackV1Controller._funding_bias": {"executed_lines": [], "summary": {"covered_lines": 0, "num_statements": 5, "percent_covered": 0.0, "percent_covered_display": "0", "missing_lines": 5, "excluded_lines": 0}, "missing_lines": [380, 381, 382, 383, 384], "excluded_lines": []}, "PullbackV1Controller._funding_risk_scale": {"executed_lines": [], "summary": {"covered_lines": 0, "num_statements": 4, "percent_covered": 0.0, "percent_covered_display": "0", "missing_lines": 4, "excluded_lines": 0}, "missing_lines": [387, 388, 389, 390], "excluded_lines": []}, "PullbackV1Controller._signal_cooldown_active": {"executed_lines": [], "summary": {"covered_lines": 0, "num_statements": 11, "percent_covered": 0.0, "percent_covered_display": "0", "missing_lines": 11, "excluded_lines": 0}, "missing_lines": [398, 399, 400, 401, 402, 403, 405, 406, 407, 408, 409], "excluded_lines": []}, "PullbackV1Controller._compute_dynamic_barriers": {"executed_lines": [], "summary": {"covered_lines": 0, "num_statements": 16, "percent_covered": 0.0, "percent_covered_display": "0", "missing_lines": 16, "excluded_lines": 0}, "missing_lines": [419, 420, 424, 425, 429, 430, 432, 433, 434, 435, 436, 441, 447, 448, 449, 450], "excluded_lines": []}, "PullbackV1Controller._update_dynamic_tbc": {"executed_lines": [], "summary": {"covered_lines": 0, "num_statements": 13, "percent_covered": 0.0, "percent_covered_display": "0", "missing_lines": 13, "excluded_lines": 0}, "missing_lines": [454, 455, 456, 457, 460, 461, 462, 463, 464, 465, 466, 467, 468], "excluded_lines": []}, "PullbackV1Controller._check_basis_slope": {"executed_lines": [], "summary": {"covered_lines": 0, "num_statements": 21, "percent_covered": 0.0, "percent_covered_display": "0", "missing_lines": 21, "excluded_lines": 0}, "missing_lines": [480, 481, 482, 483, 484, 485, 487, 488, 490, 491, 492, 493, 494, 495, 496, 497, 498, 499, 500, 501, 502], "excluded_lines": []}, "PullbackV1Controller._check_trend_sma": {"executed_lines": [], "summary": {"covered_lines": 0, "num_statements": 11, "percent_covered": 0.0, "percent_covered_display": "0", "missing_lines": 11, "excluded_lines": 0}, "missing_lines": [509, 510, 511, 512, 513, 514, 515, 516, 517, 518, 519], "excluded_lines": []}, "PullbackV1Controller._check_volume_decline": {"executed_lines": [], "summary": {"covered_lines": 0, "num_statements": 19, "percent_covered": 0.0, "percent_covered_display": "0", "missing_lines": 19, "excluded_lines": 0}, "missing_lines": [531, 532, 533, 534, 535, 536, 537, 538, 539, 540, 541, 542, 543, 544, 545, 546, 547, 548, 552], "excluded_lines": []}, "PullbackV1Controller._in_quality_session": {"executed_lines": [], "summary": {"covered_lines": 0, "num_statements": 29, "percent_covered": 0.0, "percent_covered_display": "0", "missing_lines": 29, "excluded_lines": 0}, "missing_lines": [561, 562, 563, 564, 565, 566, 567, 568, 569, 570, 571, 572, 573, 574, 575, 576, 577, 578, 579, 581, 582, 583, 584, 585, 586, 587, 588, 589, 590], "excluded_lines": []}, "PullbackV1Controller._compute_trend_confidence": {"executed_lines": [], "summary": {"covered_lines": 0, "num_statements": 16, "percent_covered": 0.0, "percent_covered_display": "0", "missing_lines": 16, "excluded_lines": 0}, "missing_lines": [601, 602, 604, 605, 606, 607, 609, 610, 611, 613, 614, 615, 616, 618, 619, 620], "excluded_lines": []}, "PullbackV1Controller._detect_rsi_divergence": {"executed_lines": [], "summary": {"covered_lines": 0, "num_statements": 48, "percent_covered": 0.0, "percent_covered_display": "0", "missing_lines": 48, "excluded_lines": 0}, "missing_lines": [630, 631, 632, 633, 634, 635, 636, 637, 638, 639, 640, 641, 642, 643, 645, 647, 648, 649, 650, 651, 652, 653, 654, 656, 657, 658, 659, 660, 662, 663, 664, 665, 666, 667, 668, 669, 671, 672, 673, 674, 675, 676, 678, 679, 680, 681, 682, 683], "excluded_lines": []}, "PullbackV1Controller._reset_trail_state": {"executed_lines": [], "summary": {"covered_lines": 0, "num_statements": 7, "percent_covered": 0.0, "percent_covered_display": "0", "missing_lines": 7, "excluded_lines": 0}, "missing_lines": [689, 690, 691, 692, 693, 694, 695], "excluded_lines": []}, "PullbackV1Controller._manage_trailing_stop": {"executed_lines": [], "summary": {"covered_lines": 0, "num_statements": 61, "percent_covered": 0.0, "percent_covered_display": "0", "missing_lines": 61, "excluded_lines": 0}, "missing_lines": [702, 703, 705, 706, 707, 708, 709, 711, 712, 714, 715, 716, 718, 719, 720, 721, 724, 725, 726, 727, 729, 732, 733, 734, 735, 736, 737, 738, 739, 740, 743, 746, 750, 751, 752, 753, 754, 756, 758, 759, 760, 761, 762, 763, 764, 766, 767, 768, 769, 770, 772, 773, 774, 775, 776, 777, 778, 779, 780, 781, 783], "excluded_lines": []}, "PullbackV1Controller._emit_close_action": {"executed_lines": [], "summary": {"covered_lines": 0, "num_statements": 27, "percent_covered": 0.0, "percent_covered_display": "0", "missing_lines": 27, "excluded_lines": 0}, "missing_lines": [794, 795, 796, 797, 799, 800, 801, 802, 804, 805, 806, 807, 816, 817, 818, 819, 820, 821, 826, 827, 828, 829, 830, 841, 847, 851, 852], "excluded_lines": []}, "PullbackV1Controller._record_signal": {"executed_lines": [], "summary": {"covered_lines": 0, "num_statements": 4, "percent_covered": 0.0, "percent_covered_display": "0", "missing_lines": 4, "excluded_lines": 0}, "missing_lines": [860, 861, 862, 863], "excluded_lines": []}, "PullbackV1Controller._signal_count_24h": {"executed_lines": [], "summary": {"covered_lines": 0, "num_statements": 6, "percent_covered": 0.0, "percent_covered_display": "0", "missing_lines": 6, "excluded_lines": 0}, "missing_lines": [867, 868, 869, 870, 871, 872], "excluded_lines": []}, "PullbackV1Controller._check_signal_frequency": {"executed_lines": [], "summary": {"covered_lines": 0, "num_statements": 7, "percent_covered": 0.0, "percent_covered_display": "0", "missing_lines": 7, "excluded_lines": 0}, "missing_lines": [876, 877, 878, 879, 880, 881, 885], "excluded_lines": []}, "PullbackV1Controller._effective_zone_pct": {"executed_lines": [], "summary": {"covered_lines": 0, "num_statements": 6, "percent_covered": 0.0, "percent_covered_display": "0", "missing_lines": 6, "excluded_lines": 0}, "missing_lines": [893, 894, 895, 896, 897, 898], "excluded_lines": []}, "PullbackV1Controller._detect_pullback_zone": {"executed_lines": [], "summary": {"covered_lines": 0, "num_statements": 11, "percent_covered": 0.0, "percent_covered_display": "0", "missing_lines": 11, "excluded_lines": 0}, "missing_lines": [916, 917, 918, 919, 920, 921, 922, 923, 924, 925, 926], "excluded_lines": []}, "PullbackV1Controller._detect_absorption": {"executed_lines": [], "summary": {"covered_lines": 0, "num_statements": 33, "percent_covered": 0.0, "percent_covered_display": "0", "missing_lines": 33, "excluded_lines": 0}, "missing_lines": [939, 940, 941, 942, 943, 944, 945, 946, 947, 948, 949, 950, 951, 952, 953, 954, 958, 959, 960, 961, 963, 964, 965, 966, 969, 973, 977, 978, 979, 983, 987, 991, 995], "excluded_lines": []}, "PullbackV1Controller._detect_delta_trap": {"executed_lines": [], "summary": {"covered_lines": 0, "num_statements": 22, "percent_covered": 0.0, "percent_covered_display": "0", "missing_lines": 22, "excluded_lines": 0}, "missing_lines": [1008, 1009, 1010, 1011, 1012, 1016, 1017, 1018, 1019, 1020, 1021, 1022, 1023, 1026, 1031, 1032, 1033, 1034, 1038, 1042, 1048, 1054], "excluded_lines": []}, "PullbackV1Controller._load_recent_trades": {"executed_lines": [], "summary": {"covered_lines": 0, "num_statements": 8, "percent_covered": 0.0, "percent_covered_display": "0", "missing_lines": 8, "excluded_lines": 0}, "missing_lines": [1057, 1058, 1059, 1060, 1061, 1062, 1063, 1064], "excluded_lines": []}, "PullbackV1Controller._update_pb_state": {"executed_lines": [], "summary": {"covered_lines": 0, "num_statements": 223, "percent_covered": 0.0, "percent_covered_display": "0", "missing_lines": 223, "excluded_lines": 0}, "missing_lines": [1067, 1068, 1069, 1070, 1071, 1072, 1074, 1078, 1079, 1080, 1081, 1082, 1083, 1084, 1085, 1086, 1087, 1088, 1089, 1090, 1091, 1092, 1093, 1095, 1096, 1098, 1099, 1100, 1111, 1113, 1114, 1115, 1116, 1117, 1118, 1119, 1120, 1121, 1123, 1124, 1125, 1136, 1138, 1142, 1143, 1144, 1147, 1150, 1151, 1152, 1155, 1156, 1157, 1158, 1161, 1170, 1173, 1181, 1191, 1192, 1193, 1194, 1195, 1196, 1197, 1198, 1199, 1200, 1201, 1202, 1205, 1206, 1207, 1210, 1215, 1216, 1219, 1221, 1233, 1246, 1247, 1260, 1274, 1275, 1276, 1278, 1279, 1280, 1281, 1282, 1283, 1284, 1285, 1286, 1287, 1288, 1289, 1290, 1291, 1292, 1293, 1294, 1295, 1296, 1297, 1298, 1299, 1300, 1301, 1302, 1303, 1304, 1305, 1306, 1307, 1308, 1309, 1312, 1313, 1314, 1315, 1316, 1317, 1318, 1319, 1320, 1321, 1322, 1323, 1324, 1325, 1326, 1327, 1328, 1329, 1330, 1331, 1332, 1333, 1334, 1335, 1340, 1341, 1342, 1345, 1346, 1347, 1348, 1351, 1352, 1353, 1355, 1356, 1357, 1358, 1359, 1360, 1361, 1362, 1363, 1364, 1365, 1366, 1367, 1368, 1369, 1370, 1371, 1372, 1373, 1374, 1375, 1378, 1379, 1380, 1381, 1384, 1385, 1386, 1389, 1390, 1391, 1392, 1394, 1395, 1398, 1399, 1400, 1406, 1407, 1408, 1409, 1410, 1416, 1417, 1418, 1419, 1420, 1421, 1424, 1425, 1429, 1432, 1435, 1436, 1437, 1438, 1443, 1444, 1451, 1452, 1453, 1457, 1458, 1460, 1461, 1466, 1467, 1468, 1469, 1473, 1524, 1526], "excluded_lines": []}, "PullbackV1Controller._resolve_regime_and_targets": {"executed_lines": [], "summary": {"covered_lines": 0, "num_statements": 13, "percent_covered": 0.0, "percent_covered_display": "0", "missing_lines": 13, "excluded_lines": 0}, "missing_lines": [1529, 1530, 1533, 1534, 1537, 1538, 1539, 1540, 1541, 1544, 1546, 1547, 1548], "excluded_lines": []}, "PullbackV1Controller._force_cancel_orphaned_orders": {"executed_lines": [], "summary": {"covered_lines": 0, "num_statements": 46, "percent_covered": 0.0, "percent_covered_display": "0", "missing_lines": 46, "excluded_lines": 0}, "missing_lines": [1552, 1553, 1554, 1555, 1556, 1557, 1558, 1559, 1560, 1562, 1563, 1564, 1565, 1566, 1567, 1568, 1569, 1570, 1571, 1572, 1573, 1575, 1576, 1577, 1578, 1579, 1580, 1581, 1586, 1587, 1588, 1589, 1590, 1591, 1592, 1594, 1595, 1596, 1597, 1599, 1600, 1601, 1602, 1603, 1604, 1605], "excluded_lines": []}, "PullbackV1Controller._resolve_quote_side_mode": {"executed_lines": [], "summary": {"covered_lines": 0, "num_statements": 21, "percent_covered": 0.0, "percent_covered_display": "0", "missing_lines": 21, "excluded_lines": 0}, "missing_lines": [1619, 1620, 1621, 1622, 1623, 1624, 1625, 1626, 1629, 1633, 1634, 1635, 1636, 1637, 1638, 1639, 1640, 1641, 1642, 1643, 1644], "excluded_lines": []}, "PullbackV1Controller._compute_levels_and_sizing": {"executed_lines": [], "summary": {"covered_lines": 0, "num_statements": 2, "percent_covered": 0.0, "percent_covered_display": "0", "missing_lines": 2, "excluded_lines": 0}, "missing_lines": [1655, 1670], "excluded_lines": []}, "PullbackV1Controller.build_runtime_execution_plan": {"executed_lines": [], "summary": {"covered_lines": 0, "num_statements": 54, "percent_covered": 0.0, "percent_covered_display": "0", "missing_lines": 54, "excluded_lines": 0}, "missing_lines": [1673, 1677, 1678, 1679, 1684, 1685, 1686, 1687, 1688, 1689, 1697, 1698, 1699, 1707, 1712, 1713, 1714, 1718, 1725, 1741, 1742, 1743, 1744, 1745, 1746, 1755, 1760, 1761, 1762, 1765, 1766, 1767, 1768, 1770, 1771, 1772, 1773, 1775, 1776, 1777, 1778, 1779, 1780, 1782, 1783, 1786, 1787, 1788, 1789, 1794, 1795, 1796, 1797, 1804], "excluded_lines": []}, "PullbackV1Controller._extend_processed_data_before_log": {"executed_lines": [], "summary": {"covered_lines": 0, "num_statements": 3, "percent_covered": 0.0, "percent_covered_display": "0", "missing_lines": 3, "excluded_lines": 0}, "missing_lines": [1828, 1829, 1830], "excluded_lines": []}, "PullbackV1Controller.extend_runtime_processed_data": {"executed_lines": [], "summary": {"covered_lines": 0, "num_statements": 1, "percent_covered": 0.0, "percent_covered_display": "0", "missing_lines": 1, "excluded_lines": 0}, "missing_lines": [1887], "excluded_lines": []}, "PullbackV1Controller.telemetry_fields": {"executed_lines": [], "summary": {"covered_lines": 0, "num_statements": 1, "percent_covered": 0.0, "percent_covered_display": "0", "missing_lines": 1, "excluded_lines": 0}, "missing_lines": [1897], "excluded_lines": []}, "PullbackV1Controller.to_format_status": {"executed_lines": [], "summary": {"covered_lines": 0, "num_statements": 20, "percent_covered": 0.0, "percent_covered_display": "0", "missing_lines": 20, "excluded_lines": 0}, "missing_lines": [1930, 1931, 1932, 1940, 1941, 1942, 1943, 1944, 1945, 1949, 1950, 1951, 1952, 1953, 1954, 1955, 1959, 1962, 1963, 1968], "excluded_lines": []}, "": {"executed_lines": [], "summary": {"covered_lines": 0, "num_statements": 156, "percent_covered": 0.0, "percent_covered_display": "0", "missing_lines": 156, "excluded_lines": 0}, "missing_lines": [26, 28, 29, 30, 31, 32, 34, 36, 37, 38, 39, 40, 41, 42, 44, 46, 47, 48, 49, 52, 55, 58, 59, 60, 61, 62, 66, 67, 69, 70, 72, 73, 74, 75, 78, 79, 85, 86, 87, 90, 91, 92, 95, 96, 97, 100, 101, 102, 103, 106, 109, 110, 111, 112, 113, 114, 115, 118, 119, 120, 121, 123, 126, 127, 128, 131, 134, 135, 138, 139, 140, 141, 142, 143, 144, 147, 148, 149, 150, 153, 154, 155, 158, 161, 162, 163, 164, 165, 166, 169, 170, 173, 176, 177, 178, 181, 182, 185, 186, 187, 190, 191, 194, 195, 198, 199, 202, 203, 204, 207, 208, 210, 211, 219, 222, 249, 257, 307, 316, 319, 344, 366, 379, 386, 392, 413, 452, 472, 504, 523, 556, 594, 624, 687, 697, 785, 856, 858, 865, 874, 887, 900, 928, 997, 1056, 1066, 1528, 1550, 1607, 1612, 1646, 1672, 1818, 1878, 1896, 1929], "excluded_lines": []}}, "classes": {"PullbackV1Config": {"executed_lines": [], "summary": {"covered_lines": 0, "num_statements": 4, "percent_covered": 0.0, "percent_covered_display": "0", "missing_lines": 4, "excluded_lines": 0}, "missing_lines": [213, 214, 215, 216], "excluded_lines": []}, "PullbackV1Controller": {"executed_lines": [], "summary": {"covered_lines": 0, "num_statements": 822, "percent_covered": 0.0, "percent_covered_display": "0", "missing_lines": 822, "excluded_lines": 0}, "missing_lines": [223, 224, 225, 226, 227, 234, 235, 236, 237, 238, 239, 240, 241, 243, 244, 246, 247, 251, 252, 253, 254, 255, 258, 308, 309, 310, 317, 328, 329, 330, 337, 338, 339, 340, 341, 342, 352, 359, 360, 361, 362, 363, 364, 367, 368, 369, 370, 371, 372, 373, 374, 376, 377, 380, 381, 382, 383, 384, 387, 388, 389, 390, 398, 399, 400, 401, 402, 403, 405, 406, 407, 408, 409, 419, 420, 424, 425, 429, 430, 432, 433, 434, 435, 436, 441, 447, 448, 449, 450, 454, 455, 456, 457, 460, 461, 462, 463, 464, 465, 466, 467, 468, 480, 481, 482, 483, 484, 485, 487, 488, 490, 491, 492, 493, 494, 495, 496, 497, 498, 499, 500, 501, 502, 509, 510, 511, 512, 513, 514, 515, 516, 517, 518, 519, 531, 532, 533, 534, 535, 536, 537, 538, 539, 540, 541, 542, 543, 544, 545, 546, 547, 548, 552, 561, 562, 563, 564, 565, 566, 567, 568, 569, 570, 571, 572, 573, 574, 575, 576, 577, 578, 579, 581, 582, 583, 584, 585, 586, 587, 588, 589, 590, 601, 602, 604, 605, 606, 607, 609, 610, 611, 613, 614, 615, 616, 618, 619, 620, 630, 631, 632, 633, 634, 635, 636, 637, 638, 639, 640, 641, 642, 643, 645, 647, 648, 649, 650, 651, 652, 653, 654, 656, 657, 658, 659, 660, 662, 663, 664, 665, 666, 667, 668, 669, 671, 672, 673, 674, 675, 676, 678, 679, 680, 681, 682, 683, 689, 690, 691, 692, 693, 694, 695, 702, 703, 705, 706, 707, 708, 709, 711, 712, 714, 715, 716, 718, 719, 720, 721, 724, 725, 726, 727, 729, 732, 733, 734, 735, 736, 737, 738, 739, 740, 743, 746, 750, 751, 752, 753, 754, 756, 758, 759, 760, 761, 762, 763, 764, 766, 767, 768, 769, 770, 772, 773, 774, 775, 776, 777, 778, 779, 780, 781, 783, 794, 795, 796, 797, 799, 800, 801, 802, 804, 805, 806, 807, 816, 817, 818, 819, 820, 821, 826, 827, 828, 829, 830, 841, 847, 851, 852, 860, 861, 862, 863, 867, 868, 869, 870, 871, 872, 876, 877, 878, 879, 880, 881, 885, 893, 894, 895, 896, 897, 898, 916, 917, 918, 919, 920, 921, 922, 923, 924, 925, 926, 939, 940, 941, 942, 943, 944, 945, 946, 947, 948, 949, 950, 951, 952, 953, 954, 958, 959, 960, 961, 963, 964, 965, 966, 969, 973, 977, 978, 979, 983, 987, 991, 995, 1008, 1009, 1010, 1011, 1012, 1016, 1017, 1018, 1019, 1020, 1021, 1022, 1023, 1026, 1031, 1032, 1033, 1034, 1038, 1042, 1048, 1054, 1057, 1058, 1059, 1060, 1061, 1062, 1063, 1064, 1067, 1068, 1069, 1070, 1071, 1072, 1074, 1078, 1079, 1080, 1081, 1082, 1083, 1084, 1085, 1086, 1087, 1088, 1089, 1090, 1091, 1092, 1093, 1095, 1096, 1098, 1099, 1100, 1111, 1113, 1114, 1115, 1116, 1117, 1118, 1119, 1120, 1121, 1123, 1124, 1125, 1136, 1138, 1142, 1143, 1144, 1147, 1150, 1151, 1152, 1155, 1156, 1157, 1158, 1161, 1170, 1173, 1181, 1191, 1192, 1193, 1194, 1195, 1196, 1197, 1198, 1199, 1200, 1201, 1202, 1205, 1206, 1207, 1210, 1215, 1216, 1219, 1221, 1233, 1246, 1247, 1260, 1274, 1275, 1276, 1278, 1279, 1280, 1281, 1282, 1283, 1284, 1285, 1286, 1287, 1288, 1289, 1290, 1291, 1292, 1293, 1294, 1295, 1296, 1297, 1298, 1299, 1300, 1301, 1302, 1303, 1304, 1305, 1306, 1307, 1308, 1309, 1312, 1313, 1314, 1315, 1316, 1317, 1318, 1319, 1320, 1321, 1322, 1323, 1324, 1325, 1326, 1327, 1328, 1329, 1330, 1331, 1332, 1333, 1334, 1335, 1340, 1341, 1342, 1345, 1346, 1347, 1348, 1351, 1352, 1353, 1355, 1356, 1357, 1358, 1359, 1360, 1361, 1362, 1363, 1364, 1365, 1366, 1367, 1368, 1369, 1370, 1371, 1372, 1373, 1374, 1375, 1378, 1379, 1380, 1381, 1384, 1385, 1386, 1389, 1390, 1391, 1392, 1394, 1395, 1398, 1399, 1400, 1406, 1407, 1408, 1409, 1410, 1416, 1417, 1418, 1419, 1420, 1421, 1424, 1425, 1429, 1432, 1435, 1436, 1437, 1438, 1443, 1444, 1451, 1452, 1453, 1457, 1458, 1460, 1461, 1466, 1467, 1468, 1469, 1473, 1524, 1526, 1529, 1530, 1533, 1534, 1537, 1538, 1539, 1540, 1541, 1544, 1546, 1547, 1548, 1552, 1553, 1554, 1555, 1556, 1557, 1558, 1559, 1560, 1562, 1563, 1564, 1565, 1566, 1567, 1568, 1569, 1570, 1571, 1572, 1573, 1575, 1576, 1577, 1578, 1579, 1580, 1581, 1586, 1587, 1588, 1589, 1590, 1591, 1592, 1594, 1595, 1596, 1597, 1599, 1600, 1601, 1602, 1603, 1604, 1605, 1619, 1620, 1621, 1622, 1623, 1624, 1625, 1626, 1629, 1633, 1634, 1635, 1636, 1637, 1638, 1639, 1640, 1641, 1642, 1643, 1644, 1655, 1670, 1673, 1677, 1678, 1679, 1684, 1685, 1686, 1687, 1688, 1689, 1697, 1698, 1699, 1707, 1712, 1713, 1714, 1718, 1725, 1741, 1742, 1743, 1744, 1745, 1746, 1755, 1760, 1761, 1762, 1765, 1766, 1767, 1768, 1770, 1771, 1772, 1773, 1775, 1776, 1777, 1778, 1779, 1780, 1782, 1783, 1786, 1787, 1788, 1789, 1794, 1795, 1796, 1797, 1804, 1828, 1829, 1830, 1887, 1897, 1930, 1931, 1932, 1940, 1941, 1942, 1943, 1944, 1945, 1949, 1950, 1951, 1952, 1953, 1954, 1955, 1959, 1962, 1963, 1968], "excluded_lines": []}, "": {"executed_lines": [], "summary": {"covered_lines": 0, "num_statements": 156, "percent_covered": 0.0, "percent_covered_display": "0", "missing_lines": 156, "excluded_lines": 0}, "missing_lines": [26, 28, 29, 30, 31, 32, 34, 36, 37, 38, 39, 40, 41, 42, 44, 46, 47, 48, 49, 52, 55, 58, 59, 60, 61, 62, 66, 67, 69, 70, 72, 73, 74, 75, 78, 79, 85, 86, 87, 90, 91, 92, 95, 96, 97, 100, 101, 102, 103, 106, 109, 110, 111, 112, 113, 114, 115, 118, 119, 120, 121, 123, 126, 127, 128, 131, 134, 135, 138, 139, 140, 141, 142, 143, 144, 147, 148, 149, 150, 153, 154, 155, 158, 161, 162, 163, 164, 165, 166, 169, 170, 173, 176, 177, 178, 181, 182, 185, 186, 187, 190, 191, 194, 195, 198, 199, 202, 203, 204, 207, 208, 210, 211, 219, 222, 249, 257, 307, 316, 319, 344, 366, 379, 386, 392, 413, 452, 472, 504, 523, 556, 594, 624, 687, 697, 785, 856, 858, 865, 874, 887, 900, 928, 997, 1056, 1066, 1528, 1550, 1607, 1612, 1646, 1672, 1818, 1878, 1896, 1929], "excluded_lines": []}}}, "hbot\\controllers\\common\\__init__.py": {"executed_lines": [1], "summary": {"covered_lines": 0, "num_statements": 0, "percent_covered": 100.0, "percent_covered_display": "100", "missing_lines": 0, "excluded_lines": 0}, "missing_lines": [], "excluded_lines": [], "functions": {"": {"executed_lines": [1], "summary": {"covered_lines": 0, "num_statements": 0, "percent_covered": 100.0, "percent_covered_display": "100", "missing_lines": 0, "excluded_lines": 0}, "missing_lines": [], "excluded_lines": []}}, "classes": {"": {"executed_lines": [1], "summary": {"covered_lines": 0, "num_statements": 0, "percent_covered": 100.0, "percent_covered_display": "100", "missing_lines": 0, "excluded_lines": 0}, "missing_lines": [], "excluded_lines": []}}}, "hbot\\controllers\\common\\indicators.py": {"executed_lines": [1, 28, 30, 31, 32, 33, 36, 38, 39, 40, 41, 48, 50, 51, 52, 53, 56, 58, 59, 60, 61, 62, 63, 66, 72, 73, 74, 75, 76, 78, 79, 80, 81, 84, 94, 95, 96, 97, 98, 99, 102, 113, 114, 115, 116, 117, 118, 119, 120, 121, 122, 123, 124, 125, 126, 127, 128, 129, 136, 138, 139, 140, 141, 142, 143, 146, 153, 154, 155, 156, 158, 159, 160, 161, 162, 165, 177, 178, 180, 181, 182, 183, 184, 185, 186, 187, 188, 189, 190, 192, 194, 195, 196, 199, 200, 201, 202, 203, 204, 205, 206, 207, 208, 209, 210, 212, 216, 217, 218, 219], "summary": {"covered_lines": 109, "num_statements": 111, "percent_covered": 98.1981981981982, "percent_covered_display": "98", "missing_lines": 2, "excluded_lines": 0}, "missing_lines": [157, 213], "excluded_lines": [], "functions": {"sma": {"executed_lines": [50, 51, 52, 53], "summary": {"covered_lines": 4, "num_statements": 4, "percent_covered": 100.0, "percent_covered_display": "100", "missing_lines": 0, "excluded_lines": 0}, "missing_lines": [], "excluded_lines": []}, "stddev": {"executed_lines": [58, 59, 60, 61, 62, 63], "summary": {"covered_lines": 6, "num_statements": 6, "percent_covered": 100.0, "percent_covered_display": "100", "missing_lines": 0, "excluded_lines": 0}, "missing_lines": [], "excluded_lines": []}, "ema": {"executed_lines": [72, 73, 74, 75, 76, 78, 79, 80, 81], "summary": {"covered_lines": 9, "num_statements": 9, "percent_covered": 100.0, "percent_covered_display": "100", "missing_lines": 0, "excluded_lines": 0}, "missing_lines": [], "excluded_lines": []}, "bollinger_bands": {"executed_lines": [94, 95, 96, 97, 98, 99], "summary": {"covered_lines": 6, "num_statements": 6, "percent_covered": 100.0, "percent_covered_display": "100", "missing_lines": 0, "excluded_lines": 0}, "missing_lines": [], "excluded_lines": []}, "rsi": {"executed_lines": [113, 114, 115, 116, 117, 118, 119, 120, 121, 122, 123, 124, 125, 126, 127, 128, 129], "summary": {"covered_lines": 17, "num_statements": 17, "percent_covered": 100.0, "percent_covered_display": "100", "missing_lines": 0, "excluded_lines": 0}, "missing_lines": [], "excluded_lines": []}, "_true_ranges": {"executed_lines": [138, 139, 140, 141, 142, 143], "summary": {"covered_lines": 6, "num_statements": 6, "percent_covered": 100.0, "percent_covered_display": "100", "missing_lines": 0, "excluded_lines": 0}, "missing_lines": [], "excluded_lines": []}, "atr": {"executed_lines": [153, 154, 155, 156, 158, 159, 160, 161, 162], "summary": {"covered_lines": 9, "num_statements": 10, "percent_covered": 90.0, "percent_covered_display": "90", "missing_lines": 1, "excluded_lines": 0}, "missing_lines": [157], "excluded_lines": []}, "adx": {"executed_lines": [177, 178, 180, 181, 182, 183, 184, 185, 186, 187, 188, 189, 190, 192, 194, 195, 196, 199, 200, 201, 202, 203, 204, 205, 206, 207, 208, 209, 210, 212, 216, 217, 218, 219], "summary": {"covered_lines": 34, "num_statements": 35, "percent_covered": 97.14285714285714, "percent_covered_display": "97", "missing_lines": 1, "excluded_lines": 0}, "missing_lines": [213], "excluded_lines": []}, "": {"executed_lines": [1, 28, 30, 31, 32, 33, 36, 38, 39, 40, 41, 48, 56, 66, 84, 102, 136, 146, 165], "summary": {"covered_lines": 18, "num_statements": 18, "percent_covered": 100.0, "percent_covered_display": "100", "missing_lines": 0, "excluded_lines": 0}, "missing_lines": [], "excluded_lines": []}}, "classes": {"": {"executed_lines": [1, 28, 30, 31, 32, 33, 36, 38, 39, 40, 41, 48, 50, 51, 52, 53, 56, 58, 59, 60, 61, 62, 63, 66, 72, 73, 74, 75, 76, 78, 79, 80, 81, 84, 94, 95, 96, 97, 98, 99, 102, 113, 114, 115, 116, 117, 118, 119, 120, 121, 122, 123, 124, 125, 126, 127, 128, 129, 136, 138, 139, 140, 141, 142, 143, 146, 153, 154, 155, 156, 158, 159, 160, 161, 162, 165, 177, 178, 180, 181, 182, 183, 184, 185, 186, 187, 188, 189, 190, 192, 194, 195, 196, 199, 200, 201, 202, 203, 204, 205, 206, 207, 208, 209, 210, 212, 216, 217, 218, 219], "summary": {"covered_lines": 109, "num_statements": 111, "percent_covered": 98.1981981981982, "percent_covered_display": "98", "missing_lines": 2, "excluded_lines": 0}, "missing_lines": [157, 213], "excluded_lines": []}}}, "hbot\\controllers\\connector_runtime_adapter.py": {"executed_lines": [1, 3, 4, 5, 6, 8, 9, 10, 11, 13, 14, 16, 23, 25, 27, 28, 31, 32, 38, 53, 54, 57, 58, 61, 78, 83, 94, 165, 176, 183, 197, 239, 242, 252, 271, 279, 294, 325, 341, 383, 401, 412, 423], "summary": {"covered_lines": 40, "num_statements": 299, "percent_covered": 13.377926421404682, "percent_covered_display": "13", "missing_lines": 259, "excluded_lines": 2}, "missing_lines": [39, 40, 41, 42, 43, 44, 45, 46, 47, 51, 55, 59, 63, 64, 65, 66, 67, 68, 69, 70, 71, 72, 73, 74, 75, 76, 79, 80, 81, 84, 85, 86, 87, 88, 89, 90, 91, 92, 95, 96, 97, 98, 99, 100, 101, 103, 104, 105, 106, 107, 108, 109, 110, 111, 112, 113, 114, 115, 116, 117, 118, 119, 120, 121, 123, 124, 125, 126, 127, 128, 129, 130, 132, 133, 134, 135, 136, 137, 138, 139, 140, 141, 142, 143, 144, 145, 146, 149, 150, 151, 152, 153, 160, 162, 163, 171, 172, 173, 174, 178, 179, 180, 181, 191, 192, 193, 194, 195, 198, 199, 200, 201, 202, 203, 204, 205, 206, 207, 208, 209, 210, 211, 212, 213, 214, 215, 216, 217, 218, 219, 220, 221, 222, 223, 224, 225, 226, 227, 228, 229, 230, 231, 240, 243, 244, 247, 250, 253, 254, 255, 256, 257, 258, 259, 260, 261, 262, 263, 264, 265, 266, 267, 268, 269, 272, 273, 274, 275, 276, 277, 287, 292, 310, 326, 327, 328, 329, 330, 331, 332, 333, 334, 335, 336, 337, 338, 339, 346, 347, 348, 349, 350, 351, 352, 353, 354, 355, 356, 357, 359, 360, 361, 362, 363, 364, 365, 366, 367, 368, 369, 370, 371, 372, 373, 374, 375, 376, 377, 378, 379, 380, 381, 384, 385, 386, 387, 388, 389, 390, 391, 392, 393, 394, 395, 396, 397, 398, 399, 402, 403, 404, 405, 406, 407, 408, 409, 410, 413, 414, 415, 416, 417, 418, 419, 420, 421, 425, 426, 427], "excluded_lines": [13, 14], "functions": {"ConnectorRuntimeAdapter.__init__": {"executed_lines": [], "summary": {"covered_lines": 0, "num_statements": 10, "percent_covered": 0.0, "percent_covered_display": "0", "missing_lines": 10, "excluded_lines": 0}, "missing_lines": [39, 40, 41, 42, 43, 44, 45, 46, 47, 51], "excluded_lines": []}, "ConnectorRuntimeAdapter.connector_name": {"executed_lines": [], "summary": {"covered_lines": 0, "num_statements": 1, "percent_covered": 0.0, "percent_covered_display": "0", "missing_lines": 1, "excluded_lines": 0}, "missing_lines": [55], "excluded_lines": []}, "ConnectorRuntimeAdapter.trading_pair": {"executed_lines": [], "summary": {"covered_lines": 0, "num_statements": 1, "percent_covered": 0.0, "percent_covered_display": "0", "missing_lines": 1, "excluded_lines": 0}, "missing_lines": [59], "excluded_lines": []}, "ConnectorRuntimeAdapter.refresh_connector_cache": {"executed_lines": [], "summary": {"covered_lines": 0, "num_statements": 14, "percent_covered": 0.0, "percent_covered_display": "0", "missing_lines": 14, "excluded_lines": 0}, "missing_lines": [63, 64, 65, 66, 67, 68, 69, 70, 71, 72, 73, 74, 75, 76], "excluded_lines": []}, "ConnectorRuntimeAdapter.get_connector": {"executed_lines": [], "summary": {"covered_lines": 0, "num_statements": 3, "percent_covered": 0.0, "percent_covered_display": "0", "missing_lines": 3, "excluded_lines": 0}, "missing_lines": [79, 80, 81], "excluded_lines": []}, "ConnectorRuntimeAdapter.get_trading_rule": {"executed_lines": [], "summary": {"covered_lines": 0, "num_statements": 9, "percent_covered": 0.0, "percent_covered_display": "0", "missing_lines": 9, "excluded_lines": 0}, "missing_lines": [84, 85, 86, 87, 88, 89, 90, 91, 92], "excluded_lines": []}, "ConnectorRuntimeAdapter.get_mid_price": {"executed_lines": [], "summary": {"covered_lines": 0, "num_statements": 57, "percent_covered": 0.0, "percent_covered_display": "0", "missing_lines": 57, "excluded_lines": 0}, "missing_lines": [95, 96, 97, 98, 99, 100, 101, 103, 104, 105, 106, 107, 108, 109, 110, 111, 112, 113, 114, 115, 116, 117, 118, 119, 120, 121, 123, 124, 125, 126, 127, 128, 129, 130, 132, 133, 134, 135, 136, 137, 138, 139, 140, 141, 142, 143, 144, 145, 146, 149, 150, 151, 152, 153, 160, 162, 163], "excluded_lines": []}, "ConnectorRuntimeAdapter.get_mark_price": {"executed_lines": [], "summary": {"covered_lines": 0, "num_statements": 4, "percent_covered": 0.0, "percent_covered_display": "0", "missing_lines": 4, "excluded_lines": 0}, "missing_lines": [171, 172, 173, 174], "excluded_lines": []}, "ConnectorRuntimeAdapter.get_last_trade_price": {"executed_lines": [], "summary": {"covered_lines": 0, "num_statements": 4, "percent_covered": 0.0, "percent_covered_display": "0", "missing_lines": 4, "excluded_lines": 0}, "missing_lines": [178, 179, 180, 181], "excluded_lines": []}, "ConnectorRuntimeAdapter.get_price_for_buffer": {"executed_lines": [], "summary": {"covered_lines": 0, "num_statements": 5, "percent_covered": 0.0, "percent_covered_display": "0", "missing_lines": 5, "excluded_lines": 0}, "missing_lines": [191, 192, 193, 194, 195], "excluded_lines": []}, "ConnectorRuntimeAdapter.get_top_of_book": {"executed_lines": [], "summary": {"covered_lines": 0, "num_statements": 34, "percent_covered": 0.0, "percent_covered_display": "0", "missing_lines": 34, "excluded_lines": 0}, "missing_lines": [198, 199, 200, 201, 202, 203, 204, 205, 206, 207, 208, 209, 210, 211, 212, 
[...]
3, 54, 55, 56, 61, 63, 69, 88, 114], "excluded_lines": [12, 13, 17, 18, 46, 47], "functions": {"_download_http_to_temp": {"executed_lines": [], "summary": {"covered_lines": 0, "num_statements": 8, "percent_covered": 0.0, "percent_covered_display": "0", "missing_lines": 8, "excluded_lines": 0}, "missing_lines": [32, 33, 34, 35, 36, 37, 38, 39], "excluded_lines": []}, "_download_s3_to_temp": {"executed_lines": [], "summary": {"covered_lines": 0, "num_statements": 11, "percent_covered": 0.0, "percent_covered_display": "0", "missing_lines": 11, "excluded_lines": 2}, "missing_lines": [44, 45, 48, 49, 50, 51, 52, 53, 54, 55, 56], "excluded_lines": [46, 47]}, "_resolve_model_path": {"executed_lines": [60, 62, 64], "summary": {"covered_lines": 3, "num_statements": 5, "percent_covered": 60.0, "percent_covered_display": "60", "missing_lines": 2, "excluded_lines": 0}, "missing_lines": [61, 63], "excluded_lines": []}, "_load_custom_class": {"executed_lines": [68, 70, 71, 72, 73], "summary": {"covered_lines": 5, "num_statements": 6, "percent_covered": 83.33333333333333, "percent_covered_display": "83", "missing_lines": 1, "excluded_lines": 0}, "missing_lines": [69], "excluded_lines": []}, "load_model": {"executed_lines": [82, 83, 84, 86, 87, 89, 90, 91, 100, 101, 102, 103, 104, 105], "summary": {"covered_lines": 14, "num_statements": 16, "percent_covered": 87.5, "percent_covered_display": "88", "missing_lines": 2, "excluded_lines": 0}, "missing_lines": [88, 114], "excluded_lines": []}, "": {"executed_lines": [1, 3, 4, 5, 6, 7, 8, 10, 11, 15, 16, 21, 22, 23, 24, 25, 26, 27, 28, 31, 42, 59, 67, 76], "summary": {"covered_lines": 24, "num_statements": 24, "percent_covered": 100.0, "percent_covered_display": "100", "missing_lines": 0, "excluded_lines": 4}, "missing_lines": [], "excluded_lines": [12, 13, 17, 18]}}, "classes": {"LoadedModel": {"executed_lines": [], "summary": {"covered_lines": 0, "num_statements": 0, "percent_covered": 100.0, "percent_covered_display": "100", "missing_lines": 0, "excluded_lines": 0}, "missing_lines": [], "excluded_lines": []}, "": {"executed_lines": [1, 3, 4, 5, 6, 7, 8, 10, 11, 15, 16, 21, 22, 23, 24, 25, 26, 27, 28, 31, 42, 59, 60, 62, 64, 67, 68, 70, 71, 72, 73, 76, 82, 83, 84, 86, 87, 89, 90, 91, 100, 101, 102, 103, 104, 105], "summary": {"covered_lines": 46, "num_statements": 70, "percent_covered": 65.71428571428571, "percent_covered_display": "66", "missing_lines": 24, "excluded_lines": 6}, "missing_lines": [32, 33, 34, 35, 36, 37, 38, 39, 44, 45, 48, 49, 50, 51, 52, 53, 54, 55, 56, 61, 63, 69, 88, 114], "excluded_lines": [12, 13, 17, 18, 46, 47]}}}, "hbot\\services\\telegram_bot\\__init__.py": {"executed_lines": [1], "summary": {"covered_lines": 0, "num_statements": 0, "percent_covered": 100.0, "percent_covered_display": "100", "missing_lines": 0, "excluded_lines": 0}, "missing_lines": [], "excluded_lines": [], "functions": {"": {"executed_lines": [], "summary": {"covered_lines": 0, "num_statements": 0, "percent_covered": 100.0, "percent_covered_display": "100", "missing_lines": 0, "excluded_lines": 0}, "missing_lines": [], "excluded_lines": []}}, "classes": {"": {"executed_lines": [], "summary": {"covered_lines": 0, "num_statements": 0, "percent_covered": 100.0, "percent_covered_display": "100", "missing_lines": 0, "excluded_lines": 0}, "missing_lines": [], "excluded_lines": []}}}, "hbot\\services\\telegram_bot\\main.py": {"executed_lines": [1, 28, 30, 31, 32, 33, 34, 35, 36, 38, 39, 41, 42, 43, 44, 50, 51, 52, 53, 54, 56, 57, 58, 60, 61, 64, 65, 66, 67, 78, 79, 80, 81, 82, 85, 99, 113, 122, 126, 130, 138, 157, 171, 177, 185, 186, 189, 190, 193, 211, 261, 297, 334, 360, 428, 481, 504, 541, 560, 675], "summary": {"covered_lines": 59, "num_statements": 443, "percent_covered": 13.318284424379232, "percent_covered_display": "13", "missing_lines": 384, "excluded_lines": 0}, "missing_lines": [68, 69, 70, 71, 86, 87, 88, 89, 90, 91, 92, 93, 94, 95, 96, 100, 101, 102, 103, 104, 105, 106, 107, 108, 109, 110, 114, 115, 116, 117, 118, 119, 123, 127, 131, 140, 141, 142, 143, 145, 146, 147, 148, 149, 150, 151, 152, 153, 154, 159, 160, 161, 162, 163, 164, 165, 166, 167, 168, 173, 174, 179, 180, 181, 182, 194, 195, 196, 197, 198, 199, 200, 201, 202, 203, 204, 212, 213, 215, 216, 217, 218, 219, 220, 221, 222, 223, 224, 225, 226, 227, 228, 234, 237, 238, 239, 240, 241, 242, 243, 244, 245, 246, 247, 248, 249, 250, 251, 252, 258, 262, 263, 264, 265, 266, 267, 268, 269, 270, 271, 272, 282, 283, 284, 286, 287, 288, 289, 290, 291, 292, 293, 294, 298, 299, 300, 301, 302, 303, 304, 305, 306, 307, 308, 309, 319, 320, 321, 323, 324, 325, 326, 327, 328, 329, 330, 331, 335, 336, 337, 338, 339, 340, 341, 342, 343, 344, 345, 346, 347, 348, 349, 350, 351, 352, 353, 354, 355, 356, 357, 361, 362, 363, 364, 365, 366, 367, 369, 370, 372, 373, 374, 375, 376, 377, 378, 379, 380, 381, 382, 383, 384, 385, 386, 387, 388, 394, 395, 396, 397, 398, 399, 400, 401, 402, 403, 404, 405, 408, 411, 412, 413, 414, 415, 416, 417, 418, 419, 425, 430, 431, 432, 433, 434, 435, 437, 438, 440, 448, 449, 450, 451, 452, 454, 455, 456, 457, 458, 460, 461, 462, 464, 472, 473, 474, 475, 477, 478, 483, 484, 485, 486, 487, 488, 489, 490, 491, 492, 493, 494, 495, 496, 497, 498, 499, 500, 501, 505, 506, 507, 508, 509, 510, 511, 512, 513, 514, 515, 526, 527, 528, 530, 531, 532, 533, 534, 535, 536, 537, 538, 542, 561, 562, 563, 564, 565, 568, 570, 571, 572, 574, 575, 576, 582, 583, 584, 585, 587, 588, 589, 590, 592, 593, 594, 595, 597, 598, 599, 600, 601, 602, 604, 605, 606, 607, 609, 611, 612, 613, 614, 615, 617, 618, 619, 620, 622, 623, 624, 625, 627, 628, 629, 630, 632, 633, 634, 635, 636, 637, 638, 639, 640, 641, 643, 644, 645, 646, 648, 649, 650, 651, 653, 658, 659, 660, 661, 662, 663, 664, 665, 666, 668, 672, 676], "excluded_lines": [], "functions": {"_allowed_chat_id": {"executed_lines": [65, 66, 67], "summary": {"covered_lines": 3, "num_statements": 7, "percent_covered": 42.857142857142854, "percent_covered_display": "43", "missing_lines": 4, "excluded_lines": 0}, "missing_lines": [68, 69, 70, 71], "excluded_lines": []}, "_safe_float": {"executed_lines": [79, 80, 81, 82], "summary": {"covered_lines": 4, "num_statements": 4, "percent_covered": 100.0, "percent_covered_display": "100", "missing_lines": 0, "excluded_lines": 0}, "missing_lines": [], "excluded_lines": []}, "_read_last_csv_row": {"executed_lines": [], "summary": {"covered_lines": 0, "num_statements": 11, "percent_covered": 0.0, "percent_covered_display": "0", "missing_lines": 11, "excluded_lines": 0}, "missing_lines": [86, 87, 88, 89, 90, 91, 92, 93, 94, 95, 96], "excluded_lines": []}, "_read_last_n_csv_rows": {"executed_lines": [], "summary": {"covered_lines": 0, "num_statements": 11, "percent_covered": 0.0, "percent_covered_display": "0", "missing_lines": 11, "excluded_lines": 0}, "missing_lines": [100, 101, 102, 103, 104, 105, 106, 107, 108, 109, 110], "excluded_lines": []}, "_read_json": {"executed_lines": [], "summary": {"covered_lines": 0, "num_statements": 6, "percent_covered": 0.0, "percent_covered_display": "0", "missing_lines": 6, "excluded_lines": 0}, "missing_lines": [114, 115, 116, 117, 118, 119], "excluded_lines": []}, "_find_minute_files": {"executed_lines": [], "summary": {"covered_lines": 0, "num_statements": 1, "percent_covered": 0.0, "percent_covered_display": "0", "missing_lines": 1, "excluded_lines": 0}, "missing_lines": [123], "excluded_lines": []}, "_find_fills_files": {"executed_lines": [], "summary": {"covered_lines": 0, "num_statements": 1, "percent_covered": 0.0, "percent_covered_display": "0", "missing_lines": 1, "excluded_lines": 0}, "missing_lines": [127], "excluded_lines": []}, "_find_open_orders_files": {"executed_lines": [], "summary": {"covered_lines": 0, "num_statements": 1, "percent_covered": 0.0, "percent_covered_display": "0", "missing_lines": 1, "excluded_lines": 0}, "missing_lines": [131], "excluded_lines": []}, "_read_desk_snapshot": {"executed_lines": [], "summary": {"covered_lines": 0, "num_statements": 14, "percent_covered": 0.0, "percent_covered_display": "0", "missing_lines": 14, "excluded_lines": 0}, "missing_lines": [140, 141, 142, 143, 145, 146, 147, 148, 149, 150, 151, 152, 153, 154], "excluded_lines": []}, "_load_all_snapshots": {"executed_lines": [], "summary": {"covered_lines": 0, "num_statements": 10, "percent_covered": 0.0, "percent_covered_display": "0", "missing_lines": 10, "excluded_lines": 0}, "missing_lines": [159, 160, 161, 162, 163, 164, 165, 166, 167, 168], "excluded_lines": []}, "_snap_minute": {"executed_lines": [], "summary": {"covered_lines": 0, "num_statements": 2, "percent_covered": 0.0, "percent_covered_display": "0", "missing_lines": 2, "excluded_lines": 0}, "missing_lines": [173, 174], "excluded_lines": []}, "_snap_age_warn": {"executed_lines": [], "summary": {"covered_lines": 0, "num_statements": 4, "percent_covered": 0.0, "percent_covered_display": "0", "missing_lines": 4, "excluded_lines": 0}, "missing_lines": [179, 180, 181, 182], "excluded_lines": []}, "_state_emoji": {"executed_lines": [186], "summary": {"covered_lines": 1, "num_statements": 1, "percent_covered": 100.0, "percent_covered_display": "100", "missing_lines": 0, "excluded_lines": 0}, "missing_lines": [], "excluded_lines": []}, "_pct": {"executed_lines": [190], "summary": {"covered_lines": 1, "num_statements": 1, "percent_covered": 100.0, "percent_covered_display": "100", "missing_lines": 0, "excluded_lines": 0}, "missing_lines": [], "excluded_lines": []}, "_fmt_age": {"executed_lines": [], "summary": {"covered_lines": 0, "num_statements": 11, "percent_covered": 0.0, "percent_covered_display": "0", "missing_lines": 11, "excluded_lines": 0}, "missing_lines": [194, 195, 196, 197, 198, 199, 200, 201, 202, 203, 204], "excluded_lines": []}, "_build_status": {"executed_lines": [], "summary": {"covered_lines": 0, "num_statements": 34, "percent_covered": 0.0, "percent_covered_display": "0", "missing_lines": 34, "excluded_lines": 0}, "missing_lines": [212, 213, 215, 216, 217, 218, 219, 220, 221, 222, 223, 224, 225, 226, 227, 228, 234, 237, 238, 239, 240, 241, 242, 243, 244, 245, 246, 247, 248, 249, 250, 251, 252, 258], "excluded_lines": []}, "_build_pnl": {"executed_lines": [], "summary": {"covered_lines": 0, "num_statements": 13, "percent_covered": 0.0, "percent_covered_display": "0", "missing_lines": 13, "excluded_lines": 0}, "missing_lines": [262, 282, 283, 284, 286, 287, 288, 289, 290, 291, 292, 293, 294], "excluded_lines": []}, "_build_pnl._render": {"executed_lines": [], "summary": {"covered_lines": 0, "num_statements": 10, "percent_covered": 0.0, "percent_covered_display": "0", "missing_lines": 10, "excluded_lines": 0}, "missing_lines": [263, 264, 265, 266, 267, 268, 269, 270, 271, 272], "excluded_lines": []}, "_build_position": {"executed_lines": [], "summary": {"covered_lines": 0, "num_statements": 13, "percent_covered": 0.0, "percent_covered_display": "0", "missing_lines": 13, "excluded_lines": 0}, "missing_lines": [298, 319, 320, 321, 323, 324, 325, 326, 327, 328, 329, 330, 331], "excluded_lines": []}, "_build_position._render": {"executed_lines": [], "summary": {"covered_lines": 0, "num_statements": 11, "percent_covered": 0.0, "percent_covered_display": "0", "missing_lines": 11, "excluded_lines": 0}, "missing_lines": [299, 300, 301, 302, 303, 304, 305, 306, 307, 308, 309], "excluded_lines": []}, "_build_fills": {"executed_lines": [], "summary": {"covered_lines": 0, "num_statements": 23, "percent_covered": 0.0, "percent_covered_display": "0", "missing_lines": 23, "excluded_lines": 0}, "missing_lines": [335, 336, 337, 338, 339, 340, 341, 342, 343, 344, 345, 346, 347, 348, 349, 350, 351, 352, 353, 354, 355, 356, 357], "excluded_lines": []}, "_build_orders": {"executed_lines": [], "summary": {"covered_lines": 0, "num_statements": 49, "percent_covered": 0.0, "percent_covered_display": "0", "missing_lines": 49, "excluded_lines": 0}, "missing_lines": [361, 362, 363, 364, 365, 366, 367, 369, 370, 372, 373, 374, 375, 376, 377, 378, 379, 380, 381, 382, 383, 384, 385, 386, 387, 388, 394, 395, 396, 397, 398, 399, 400, 401, 402, 403, 404, 405, 408, 411, 412, 413, 414, 415, 416, 417, 418, 419, 425], "excluded_lines": []}, "_build_desk": {"executed_lines": [], "summary": {"covered_lines": 0, "num_statements": 28, "percent_covered": 0.0, "percent_covered_display": "0", "missing_lines": 28, "excluded_lines": 0}, "missing_lines": [430, 431, 432, 433, 434, 435, 437, 440, 448, 449, 450, 451, 452, 454, 455, 456, 457, 458, 460, 461, 462, 464, 472, 473, 474, 475, 477, 478], "excluded_lines": []}, "_build_desk._gate": {"executed_lines": [], "summary": {"covered_lines": 0, "num_statements": 1, "percent_covered": 0.0, "percent_covered_display": "0", "missing_lines": 1, "excluded_lines": 0}, "missing_lines": [438], "excluded_lines": []}, "_build_go": {"executed_lines": [], "summary": {"covered_lines": 0, "num_statements": 19, "percent_covered": 0.0, "percent_covered_display": "0", "missing_lines": 19, "excluded_lines": 0}, "missing_lines": [483, 484, 485, 486, 487, 488, 489, 490, 491, 492, 493, 494, 495, 496, 497, 498, 499, 500, 501], "excluded_lines": []}, "_build_risk": {"executed_lines": [], "summary": {"covered_lines": 0, "num_statements": 13, "percent_covered": 0.0, "percent_covered_display": "0", "missing_lines": 13, "excluded_lines": 0}, "missing_lines": [505, 526, 527, 528, 530, 531, 532, 533, 534, 535, 536, 537, 538], "excluded_lines": []}, "_build_risk._render": {"executed_lines": [], "summary": {"covered_lines": 0, "num_statements": 10, "percent_covered": 0.0, "percent_covered_display": "0", "missing_lines": 10, "excluded_lines": 0}, "missing_lines": [506, 507, 508, 509, 510, 511, 512, 513, 514, 515], "excluded_lines": []}, "_build_help": {"executed_lines": [], "summary": {"covered_lines": 0, "num_statements": 1, "percent_covered": 0.0, "percent_covered_display": "0", "missing_lines": 1, "excluded_lines": 0}, "missing_lines": [542], "excluded_lines": []}, "run": {"executed_lines": [], "summary": {"covered_lines": 0, "num_statements": 34, "percent_covered": 0.0, "percent_covered_display": "0", "missing_lines": 34, "excluded_lines": 0}, "missing_lines": [561, 562, 563, 564, 565, 568, 570, 571, 572, 574, 575, 576, 582, 587, 592, 597, 617, 622, 627, 632, 643, 648, 653, 658, 659, 660, 661, 662, 663, 664, 665, 666, 668, 672], "excluded_lines": []}, "run._guard": {"executed_lines": [], "summary": {"covered_lines": 0, "num_statements": 3, "percent_covered": 0.0, "percent_covered_display": "0", "missing_lines": 3, "excluded_lines": 0}, "missing_lines": [583, 584, 585], "excluded_lines": []}, "run.cmd_status": {"executed_lines": [], "summary": {"covered_lines": 0, "num_statements": 3, "percent_covered": 0.0, "percent_covered_display": "0", "missing_lines": 3, "excluded_lines": 0}, "missing_lines": [588, 589, 590], "excluded_lines": []}, "run.cmd_pnl": {"executed_lines": [], "summary": {"covered_lines": 0, "num_statements": 3, "percent_covered": 0.0, "percent_covered_display": "0", "missing_lines": 3, "excluded_lines": 0}, "missing_lines": [593, 594, 595], "excluded_lines": []}, "run.cmd_orders": {"executed_lines": [], "summary": {"covered_lines": 0, "num_statements": 15, "percent_covered": 0.0, "percent_covered_display": "0", "missing_lines": 15, "excluded_lines": 0}, "missing_lines": [598, 599, 600, 601, 602, 604, 605, 606, 607, 609, 611, 612, 613, 614, 615], "excluded_lines": []}, "run.cmd_go": {"executed_lines": [], "summary": {"covered_lines": 0, "num_statements": 3, "percent_covered": 0.0, "percent_covered_display": "0", "missing_lines": 3, "excluded_lines": 0}, "missing_lines": [618, 619, 620], "excluded_lines": []}, "run.cmd_desk": {"executed_lines": [], "summary": {"covered_lines": 0, "num_statements": 3, "percent_covered": 0.0, "percent_covered_display": "0", "missing_lines": 3, "excluded_lines": 0}, "missing_lines": [623, 624, 625], "excluded_lines": []}, "run.cmd_position": {"executed_lines": [], "summary": {"covered_lines": 0, "num_statements": 3, "percent_covered": 0.0, "percent_covered_display": "0", "missing_lines": 3, "excluded_lines": 0}, "missing_lines": [628, 629, 630], "excluded_lines": []}, "run.cmd_fills": {"executed_lines": [], "summary": {"covered_lines": 0, "num_statements": 9, "percent_covered": 0.0, "percent_covered_display": "0", "missing_lines": 9, "excluded_lines": 0}, "missing_lines": [633, 634, 635, 636, 637, 638, 639, 640, 641], "excluded_lines": []}, "run.cmd_risk": {"executed_lines": [], "summary": {"covered_lines": 0, "num_statements": 3, "percent_covered": 0.0, "percent_covered_display": "0", "missing_lines": 3, "excluded_lines": 0}, "missing_lines": [644, 645, 646], "excluded_lines": []}, "run.cmd_help": {"executed_lines": [], "summary": {"covered_lines": 0, "num_statements": 3, "percent_covered": 0.0, "percent_covered_display": "0", "missing_lines": 3, "excluded_lines": 0}, "missing_lines": [649, 650, 651], "excluded_lines": []}, "": {"executed_lines": [1, 28, 30, 31, 32, 33, 34, 35, 36, 38, 39, 41, 42, 43, 44, 50, 51, 52, 53, 54, 56, 57, 58, 60, 61, 64, 78, 85, 99, 113, 122, 126, 130, 138, 157, 171, 177, 185, 189, 193, 211, 261, 297, 334, 360, 428, 481, 504, 541, 560, 675], "summary": {"covered_lines": 50, "num_statements": 51, "percent_covered": 98.03921568627452, "percent_covered_display": "98", "missing_lines": 1, "excluded_lines": 0}, "missing_lines": [676], "excluded_lines": []}}, "classes": {"": {"executed_lines": [1, 28, 30, 31, 32, 33, 34, 35, 36, 38, 39, 41, 42, 43, 44, 50, 51, 52, 53, 54, 56, 57, 58, 60, 61, 64, 65, 66, 67, 78, 79, 80, 81, 82, 85, 99, 113, 122, 126, 130, 138, 157, 171, 177, 185, 186, 189, 190, 193, 211, 261, 297, 334, 360, 428, 481, 504, 541, 560, 675], "summary": {"covered_lines": 59, "num_statements": 443, "percent_covered": 13.318284424379232, "percent_covered_display": "13", "missing_lines": 384, "excluded_lines": 0}, "missing_lines": [68, 69, 70, 71, 86, 87, 88, 89, 90, 91, 92, 93, 94, 95, 96, 100, 101, 102, 103, 104, 105, 106, 107, 108, 109, 110, 114, 115, 116, 117, 118, 119, 123, 127, 131, 140, 141, 142, 143, 145, 146, 147, 148, 149, 150, 151, 152, 153, 154, 159, 160, 161, 162, 163, 164, 165, 166, 167, 168, 173, 174, 179, 180, 181, 182, 194, 195, 196, 197, 198, 199, 200, 201, 202, 203, 204, 212, 213, 215, 216, 217, 218, 219, 220, 221, 222, 223, 224, 225, 226, 227, 228, 234, 237, 238, 239, 240, 241, 242, 243, 244, 245, 246, 247, 248, 249, 250, 251, 252, 258, 262, 263, 264, 265, 266, 267, 268, 269, 270, 271, 272, 282, 283, 284, 286, 287, 288, 289, 290, 291, 292, 293, 294, 298, 299, 300, 301, 302, 303, 304, 305, 306, 307, 308, 309, 319, 320, 321, 323, 324, 325, 326, 327, 328, 329, 330, 331, 335, 336, 337, 338, 339, 340, 341, 342, 343, 344, 345, 346, 347, 348, 349, 350, 351, 352, 353, 354, 355, 356, 357, 361, 362, 363, 364, 365, 366, 367, 369, 370, 372, 373, 374, 375, 376, 377, 378, 379, 380, 381, 382, 383, 384, 385, 386, 387, 388, 394, 395, 396, 397, 398, 399, 400, 401, 402, 403, 404, 405, 408, 411, 412, 413, 414, 415, 416, 417, 418, 419, 425, 430, 431, 432, 433, 434, 435, 437, 438, 440, 448, 449, 450, 451, 452, 454, 455, 456, 457, 458, 460, 461, 462, 464, 472, 473, 474, 475, 477, 478, 483, 484, 485, 486, 487, 488, 489, 490, 491, 492, 493, 494, 495, 496, 497, 498, 499, 500, 501, 505, 506, 507, 508, 509, 510, 511, 512, 513, 514, 515, 526, 527, 528, 530, 531, 532, 533, 534, 535, 536, 537, 538, 542, 561, 562, 563, 564, 565, 568, 570, 571, 572, 574, 575, 576, 582, 583, 584, 585, 587, 588, 589, 590, 592, 593, 594, 595, 597, 598, 599, 600, 601, 602, 604, 605, 606, 607, 609, 611, 612, 613, 614, 615, 617, 618, 619, 620, 622, 623, 624, 625, 627, 628, 629, 630, 632, 633, 634, 635, 636, 637, 638, 639, 640, 641, 643, 644, 645, 646, 648, 649, 650, 651, 653, 658, 659, 660, 661, 662, 663, 664, 665, 666, 668, 672, 676], "excluded_lines": []}}}}, "totals": {"covered_lines": 14868, "num_statements": 26859, "percent_covered": 55.355746677091474, "percent_covered_display": "55", "missing_lines": 11991, "excluded_lines": 143}}