{"meta": {"format": 3, "version": "7.10.7", "timestamp": "2026-02-22T12:32:22.010728", "branch_coverage": false, "show_contexts": false}, "files": {"controllers\\connector_runtime_adapter.py": {"executed_lines": [], "summary": {"covered_lines": 0, "num_statements": 97, "percent_covered": 0.0, "percent_covered_display": "0", "missing_lines": 97, "excluded_lines": 0}, "missing_lines": [1, 3, 4, 6, 9, 10, 13, 19, 20, 22, 23, 24, 26, 27, 28, 30, 31, 32, 33, 34, 35, 36, 37, 38, 39, 40, 41, 43, 44, 45, 46, 47, 48, 49, 50, 51, 53, 54, 55, 56, 57, 58, 59, 60, 61, 68, 69, 71, 72, 73, 74, 75, 76, 77, 78, 79, 80, 81, 82, 83, 85, 86, 87, 88, 89, 90, 91, 92, 93, 94, 95, 96, 97, 98, 99, 100, 101, 102, 103, 105, 106, 107, 108, 109, 110, 111, 112, 113, 115, 116, 117, 118, 119, 120, 121, 122, 123], "excluded_lines": [], "functions": {"_d": {"executed_lines": [], "summary": {"covered_lines": 0, "num_statements": 1, "percent_covered": 0.0, "percent_covered_display": "0", "missing_lines": 1, "excluded_lines": 0}, "missing_lines": [10], "excluded_lines": []}, "ConnectorRuntimeAdapter.__init__": {"executed_lines": [], "summary": {"covered_lines": 0, "num_statements": 1, "percent_covered": 0.0, "percent_covered_display": "0", "missing_lines": 1, "excluded_lines": 0}, "missing_lines": [20], "excluded_lines": []}, "ConnectorRuntimeAdapter.connector_name": {"executed_lines": [], "summary": {"covered_lines": 0, "num_statements": 1, "percent_covered": 0.0, "percent_covered_display": "0", "missing_lines": 1, "excluded_lines": 0}, "missing_lines": [24], "excluded_lines": []}, "ConnectorRuntimeAdapter.trading_pair": {"executed_lines": [], "summary": {"covered_lines": 0, "num_statements": 1, "percent_covered": 0.0, "percent_covered_display": "0", "missing_lines": 1, "excluded_lines": 0}, "missing_lines": [28], "excluded_lines": []}, "ConnectorRuntimeAdapter.get_connector": {"executed_lines": [], "summary": {"covered_lines": 0, "num_statements": 11, "percent_covered": 0.0, "percent_covered_display": "0", "missing_lines": 11, "excluded_lines": 0}, "missing_lines": [31, 32, 33, 34, 35, 36, 37, 38, 39, 40, 41], "excluded_lines": []}, "ConnectorRuntimeAdapter.get_trading_rule": {"executed_lines": [], "summary": {"covered_lines": 0, "num_statements": 8, "percent_covered": 0.0, "percent_covered_display": "0", "missing_lines": 8, "excluded_lines": 0}, "missing_lines": [44, 45, 46, 47, 48, 49, 50, 51], "excluded_lines": []}, "ConnectorRuntimeAdapter.get_mid_price": {"executed_lines": [], "summary": {"covered_lines": 0, "num_statements": 10, "percent_covered": 0.0, "percent_covered_display": "0", "missing_lines": 10, "excluded_lines": 0}, "missing_lines": [54, 55, 56, 57, 58, 59, 60, 61, 68, 69], "excluded_lines": []}, "ConnectorRuntimeAdapter.get_balances": {"executed_lines": [], "summary": {"covered_lines": 0, "num_statements": 12, "percent_covered": 0.0, "percent_covered_display": "0", "missing_lines": 12, "excluded_lines": 0}, "missing_lines": [72, 73, 74, 75, 76, 77, 78, 79, 80, 81, 82, 83], "excluded_lines": []}, "ConnectorRuntimeAdapter.balances_consistent": {"executed_lines": [], "summary": {"covered_lines": 0, "num_statements": 18, "percent_covered": 0.0, "percent_covered_display": "0", "missing_lines": 18, "excluded_lines": 0}, "missing_lines": [86, 87, 88, 89, 90, 91, 92, 93, 94, 95, 96, 97, 98, 99, 100, 101, 102, 103], "excluded_lines": []}, "ConnectorRuntimeAdapter.status_dict": {"executed_lines": [], "summary": {"covered_lines": 0, "num_statements": 8, "percent_covered": 0.0, "percent_covered_display": "0", "missing_lines": 8, "excluded_lines": 0}, "missing_lines": [106, 107, 108, 109, 110, 111, 112, 113], "excluded_lines": []}, "ConnectorRuntimeAdapter.ready": {"executed_lines": [], "summary": {"covered_lines": 0, "num_statements": 8, "percent_covered": 0.0, "percent_covered_display": "0", "missing_lines": 8, "excluded_lines": 0}, "missing_lines": [116, 117, 118, 119, 120, 121, 122, 123], "excluded_lines": []}, "": {"executed_lines": [], "summary": {"covered_lines": 0, "num_statements": 18, "percent_covered": 0.0, "percent_covered_display": "0", "missing_lines": 18, "excluded_lines": 0}, "missing_lines": [1, 3, 4, 6, 9, 13, 19, 22, 23, 26, 27, 30, 43, 53, 71, 85, 105, 115], "excluded_lines": []}}, "classes": {"ConnectorRuntimeAdapter": {"executed_lines": [], "summary": {"covered_lines": 0, "num_statements": 78, "percent_covered": 0.0, "percent_covered_display": "0", "missing_lines": 78, "excluded_lines": 0}, "missing_lines": [20, 24, 28, 31, 32, 33, 34, 35, 36, 37, 38, 39, 40, 41, 44, 45, 46, 47, 48, 49, 50, 51, 54, 55, 56, 57, 58, 59, 60, 61, 68, 69, 72, 73, 74, 75, 76, 77, 78, 79, 80, 81, 82, 83, 86, 87, 88, 89, 90, 91, 92, 93, 94, 95, 96, 97, 98, 99, 100, 101, 102, 103, 106, 107, 108, 109, 110, 111, 112, 113, 116, 117, 118, 119, 120, 121, 122, 123], "excluded_lines": []}, "": {"executed_lines": [], "summary": {"covered_lines": 0, "num_statements": 19, "percent_covered": 0.0, "percent_covered_display": "0", "missing_lines": 19, "excluded_lines": 0}, "missing_lines": [1, 3, 4, 6, 9, 10, 13, 19, 22, 23, 26, 27, 30, 43, 53, 71, 85, 105, 115], "excluded_lines": []}}}, "controllers\\directional_trading\\__init__.py": {"executed_lines": [], "summary": {"covered_lines": 0, "num_statements": 0, "percent_covered": 100.0, "percent_covered_display": "100", "missing_lines": 0, "excluded_lines": 0}, "missing_lines": [], "excluded_lines": [], "functions": {"": {"executed_lines": [], "summary": {"covered_lines": 0, "num_statements": 0, "percent_covered": 100.0, "percent_covered_display": "100", "missing_lines": 0, "excluded_lines": 0}, "missing_lines": [], "excluded_lines": []}}, "classes": {"": {"executed_lines": [], "summary": {"covered_lines": 0, "num_statements": 0, "percent_covered": 100.0, "percent_covered_display": "100", "missing_lines": 0, "excluded_lines": 0}, "missing_lines": [], "excluded_lines": []}}}, "controllers\\epp_logging.py": {"executed_lines": [], "summary": {"covered_lines": 0, "num_statements": 46, "percent_covered": 0.0, "percent_covered_display": "0", "missing_lines": 46, "excluded_lines": 0}, "missing_lines": [1, 3, 4, 5, 6, 9, 10, 11, 12, 13, 14, 20, 21, 22, 24, 25, 26, 27, 29, 30, 31, 32, 33, 34, 35, 36, 37, 38, 39, 40, 41, 42, 43, 44, 46, 47, 48, 65, 67, 68, 69, 104, 106, 107, 108, 122], "excluded_lines": [], "functions": {"CsvSplitLogger.__init__": {"executed_lines": [], "summary": {"covered_lines": 0, "num_statements": 4, "percent_covered": 0.0, "percent_covered_display": "0", "missing_lines": 4, "excluded_lines": 0}, "missing_lines": [11, 12, 13, 14], "excluded_lines": []}, "CsvSplitLogger._now_iso": {"executed_lines": [], "summary": {"covered_lines": 0, "num_statements": 1, "percent_covered": 0.0, "percent_covered_display": "0", "missing_lines": 1, "excluded_lines": 0}, "missing_lines": [22], "excluded_lines": []}, "CsvSplitLogger._append": {"executed_lines": [], "summary": {"covered_lines": 0, "num_statements": 19, "percent_covered": 0.0, "percent_covered_display": "0", "missing_lines": 19, "excluded_lines": 0}, "missing_lines": [25, 26, 27, 29, 30, 31, 32, 33, 34, 35, 36, 37, 38, 39, 40, 41, 42, 43, 44], "excluded_lines": []}, "CsvSplitLogger.log_fill": {"executed_lines": [], "summary": {"covered_lines": 0, "num_statements": 3, "percent_covered": 0.0, "percent_covered_display": "0", "missing_lines": 3, "excluded_lines": 0}, "missing_lines": [47, 48, 65], "excluded_lines": []}, "CsvSplitLogger.log_minute": {"executed_lines": [], "summary": {"covered_lines": 0, "num_statements": 3, "percent_covered": 0.0, "percent_covered_display": "0", "missing_lines": 3, "excluded_lines": 0}, "missing_lines": [68, 69, 104], "excluded_lines": []}, "CsvSplitLogger.log_daily": {"executed_lines": [], "summary": {"covered_lines": 0, "num_statements": 3, "percent_covered": 0.0, "percent_covered_display": "0", "missing_lines": 3, "excluded_lines": 0}, "missing_lines": [107, 108, 122], "excluded_lines": []}, "": {"executed_lines": [], "summary": {"covered_lines": 0, "num_statements": 13, "percent_covered": 0.0, "percent_covered_display": "0", "missing_lines": 13, "excluded_lines": 0}, "missing_lines": [1, 3, 4, 5, 6, 9, 10, 20, 21, 24, 46, 67, 106], "excluded_lines": []}}, "classes": {"CsvSplitLogger": {"executed_lines": [], "summary": {"covered_lines": 0, "num_statements": 33, "percent_covered": 0.0, "percent_covered_display": "0", "missing_lines": 33, "excluded_lines": 0}, "missing_lines": [11, 12, 13, 14, 22, 25, 26, 27, 29, 30, 31, 32, 33, 34, 35, 36, 37, 38, 39, 40, 41, 42, 43, 44, 47, 48, 65, 68, 69, 104, 107, 108, 122], "excluded_lines": []}, "": {"executed_lines": [], "summary": {"covered_lines": 0, "num_statements": 13, "percent_covered": 0.0, "percent_covered_display": "0", "missing_lines": 13, "excluded_lines": 0}, "missing_lines": [1, 3, 4, 5, 6, 9, 10, 20, 21, 24, 46, 67, 106], "excluded_lines": []}}}, "controllers\\epp_v2_4.py": {"executed_lines": [], "summary": {"covered_lines": 0, "num_statements": 715, "percent_covered": 0.0, "percent_covered_display": "0", "missing_lines": 715, "excluded_lines": 0}, "missing_lines": [1, 3, 4, 5, 6, 8, 9, 11, 12, 13, 17, 19, 20, 21, 22, 23, 25, 26, 29, 30, 33, 34, 35, 36, 37, 38, 39, 40, 41, 42, 43, 46, 47, 48, 49, 50, 51, 52, 53, 54, 57, 58, 60, 61, 62, 63, 64, 65, 66, 69, 70, 71, 72, 73, 74, 77, 78, 79, 82, 83, 84, 87, 88, 89, 90, 91, 92, 93, 94, 95, 96, 97, 100, 101, 102, 103, 104, 105, 106, 108, 109, 110, 111, 112, 113, 114, 115, 117, 118, 119, 120, 121, 122, 123, 125, 126, 127, 128, 129, 130, 131, 133, 134, 135, 136, 137, 138, 140, 141, 142, 143, 144, 145, 147, 148, 149, 150, 153, 154, 201, 202, 203, 204, 205, 214, 215, 216, 217, 218, 219, 220, 221, 222, 223, 224, 225, 226, 227, 228, 229, 230, 231, 232, 233, 234, 235, 236, 237, 238, 239, 240, 241, 242, 243, 244, 245, 247, 248, 249, 250, 251, 252, 254, 255, 256, 257, 259, 260, 261, 262, 263, 264, 265, 266, 268, 269, 270, 271, 273, 274, 280, 281, 282, 283, 284, 286, 287, 288, 291, 292, 293, 294, 295, 300, 306, 307, 309, 310, 312, 319, 320, 323, 324, 325, 326, 330, 331, 332, 334, 335, 336, 343, 349, 350, 358, 359, 360, 373, 374, 375, 376, 377, 378, 381, 382, 383, 384, 385, 387, 396, 397, 398, 399, 400, 401, 402, 403, 404, 405, 407, 408, 454, 455, 456, 457, 458, 459, 462, 463, 468, 469, 470, 471, 472, 473, 475, 476, 488, 489, 490, 491, 492, 493, 494, 495, 496, 497, 498, 499, 500, 501, 502, 503, 523, 524, 525, 527, 528, 529, 530, 532, 534, 535, 551, 552, 554, 555, 556, 558, 559, 560, 561, 562, 563, 564, 565, 566, 567, 568, 569, 570, 571, 572, 573, 574, 575, 576, 577, 578, 579, 580, 581, 582, 583, 584, 585, 586, 588, 589, 590, 591, 592, 593, 594, 595, 596, 597, 598, 599, 600, 602, 603, 604, 606, 607, 608, 609, 610, 611, 613, 616, 617, 618, 619, 620, 621, 622, 623, 624, 625, 626, 627, 628, 629, 630, 632, 641, 642, 643, 644, 645, 646, 647, 648, 649, 650, 651, 652, 653, 654, 656, 657, 658, 659, 661, 662, 663, 665, 666, 667, 668, 669, 671, 672, 673, 674, 675, 677, 678, 679, 680, 681, 682, 684, 685, 686, 687, 688, 690, 691, 693, 694, 696, 697, 698, 703, 704, 706, 707, 708, 712, 714, 716, 717, 722, 727, 729, 730, 731, 732, 733, 734, 735, 736, 737, 739, 740, 741, 742, 743, 744, 745, 746, 747, 749, 750, 751, 752, 754, 755, 756, 757, 758, 759, 761, 762, 763, 764, 768, 769, 770, 771, 772, 773, 774, 775, 776, 777, 778, 780, 781, 782, 783, 784, 785, 786, 787, 788, 789, 790, 791, 792, 793, 794, 796, 797, 798, 799, 800, 801, 802, 803, 804, 805, 806, 807, 808, 809, 810, 811, 812, 813, 814, 815, 817, 818, 819, 820, 821, 822, 823, 824, 825, 826, 827, 828, 829, 830, 831, 832, 833, 834, 835, 836, 838, 839, 840, 841, 848, 849, 851, 852, 853, 854, 855, 857, 858, 859, 860, 861, 862, 863, 865, 866, 868, 869, 871, 872, 873, 874, 875, 876, 877, 878, 879, 880, 881, 882, 883, 884, 885, 886, 887, 888, 889, 890, 891, 893, 894, 895, 896, 897, 898, 899, 900, 902, 903, 904, 905, 906, 907, 909, 911, 912, 914, 915, 917, 918, 920, 921, 922, 923, 924, 925, 926, 928, 929, 931, 932, 934, 935, 936, 938, 939, 940, 941, 942, 943, 944, 945, 946, 948, 949, 950, 951, 952, 954, 961, 962, 963, 964, 965, 966, 967, 968, 969, 970, 972, 973, 974, 975, 976, 977, 978, 979, 980, 981, 983, 991, 992, 993, 994, 995, 996, 997, 998, 999, 1000, 1001, 1002, 1003, 1004, 1005, 1006, 1007, 1008, 1010, 1017, 1018, 1019, 1020, 1021, 1022, 1023, 1024, 1025, 1026, 1027, 1028, 1030, 1031, 1032, 1033, 1034, 1035, 1036, 1037, 1038, 1039, 1040, 1041, 1042, 1043, 1044, 1045, 1046, 1047, 1048, 1049, 1050, 1051, 1052, 1053, 1054, 1055, 1056, 1057, 1058, 1061, 1062, 1063, 1064, 1065, 1066, 1067, 1068, 1069, 1070, 1071, 1072, 1073, 1074, 1090, 1091, 1092, 1093, 1094, 1095, 1096, 1099, 1123, 1124, 1125, 1126, 1127], "excluded_lines": [], "functions": {"_d": {"executed_lines": [], "summary": {"covered_lines": 0, "num_statements": 1, "percent_covered": 0.0, "percent_covered_display": "0", "missing_lines": 1, "excluded_lines": 0}, "missing_lines": [26], "excluded_lines": []}, "_clip": {"executed_lines": [], "summary": {"covered_lines": 0, "num_statements": 1, "percent_covered": 0.0, "percent_covered_display": "0", "missing_lines": 1, "excluded_lines": 0}, "missing_lines": [30], "excluded_lines": []}, "EppV24Config._validate_variant": {"executed_lines": [], "summary": {"covered_lines": 0, "num_statements": 4, "percent_covered": 0.0, "percent_covered_display": "0", "missing_lines": 4, "excluded_lines": 0}, "missing_lines": [120, 121, 122, 123], "excluded_lines": []}, "EppV24Config._validate_fee_mode": {"executed_lines": [], "summary": {"covered_lines": 0, "num_statements": 4, "percent_covered": 0.0, "percent_covered_display": "0", "missing_lines": 4, "excluded_lines": 0}, "missing_lines": [128, 129, 130, 131], "excluded_lines": []}, "EppV24Config._set_candles_connector": {"executed_lines": [], "summary": {"covered_lines": 0, "num_statements": 3, "percent_covered": 0.0, "percent_covered_display": "0", "missing_lines": 3, "excluded_lines": 0}, "missing_lines": [136, 137, 138], "excluded_lines": []}, "EppV24Config._set_candles_pair": {"executed_lines": [], "summary": {"covered_lines": 0, "num_statements": 3, "percent_covered": 0.0, "percent_covered_display": "0", "missing_lines": 3, "excluded_lines": 0}, "missing_lines": [143, 144, 145], "excluded_lines": []}, "EppV24Config._clip_unit_interval": {"executed_lines": [], "summary": {"covered_lines": 0, "num_statements": 1, "percent_covered": 0.0, "percent_covered_display": "0", "missing_lines": 1, "excluded_lines": 0}, "missing_lines": [150], "excluded_lines": []}, "EppV24Controller.__init__": {"executed_lines": [], "summary": {"covered_lines": 0, "num_statements": 36, "percent_covered": 0.0, "percent_covered_display": "0", "missing_lines": 36, "excluded_lines": 0}, "missing_lines": [202, 203, 204, 205, 214, 215, 216, 217, 218, 219, 220, 221, 222, 223, 224, 225, 226, 227, 228, 229, 230, 231, 232, 233, 234, 235, 236, 237, 238, 239, 240, 241, 242, 243, 244, 245], "excluded_lines": []}, "EppV24Controller.update_processed_data": {"executed_lines": [], "summary": {"covered_lines": 0, "num_statements": 92, "percent_covered": 0.0, "percent_covered_display": "0", "missing_lines": 92, "excluded_lines": 0}, "missing_lines": [248, 249, 250, 251, 252, 254, 255, 256, 257, 259, 260, 261, 262, 263, 264, 265, 266, 268, 269, 270, 271, 273, 274, 280, 281, 282, 283, 284, 286, 287, 288, 291, 292, 293, 294, 295, 300, 306, 307, 309, 310, 312, 319, 320, 323, 324, 325, 326, 330, 331, 332, 334, 335, 336, 343, 349, 350, 358, 359, 360, 373, 374, 375, 376, 377, 378, 381, 382, 383, 384, 385, 387, 396, 397, 398, 399, 400, 401, 402, 403, 404, 405, 407, 408, 454, 455, 456, 457, 458, 459, 462, 463], "excluded_lines": []}, "EppV24Controller.get_executor_config": {"executed_lines": [], "summary": {"covered_lines": 0, "num_statements": 7, "percent_covered": 0.0, "percent_covered_display": "0", "missing_lines": 7, "excluded_lines": 0}, "missing_lines": [469, 470, 471, 472, 473, 475, 476], "excluded_lines": []}, "EppV24Controller.did_fill_order": {"executed_lines": [], "summary": {"covered_lines": 0, "num_statements": 15, "percent_covered": 0.0, "percent_covered_display": "0", "missing_lines": 15, "excluded_lines": 0}, "missing_lines": [489, 490, 491, 492, 493, 494, 495, 496, 497, 498, 499, 500, 501, 502, 503], "excluded_lines": []}, "EppV24Controller.did_cancel_order": {"executed_lines": [], "summary": {"covered_lines": 0, "num_statements": 2, "percent_covered": 0.0, "percent_covered_display": "0", "missing_lines": 2, "excluded_lines": 0}, "missing_lines": [524, 525], "excluded_lines": []}, "EppV24Controller.did_fail_order": {"executed_lines": [], "summary": {"covered_lines": 0, "num_statements": 4, "percent_covered": 0.0, "percent_covered_display": "0", "missing_lines": 4, "excluded_lines": 0}, "missing_lines": [528, 529, 530, 532], "excluded_lines": []}, "EppV24Controller.to_format_status": {"executed_lines": [], "summary": {"covered_lines": 0, "num_statements": 1, "percent_covered": 0.0, "percent_covered_display": "0", "missing_lines": 1, "excluded_lines": 0}, "missing_lines": [535], "excluded_lines": []}, "EppV24Controller.get_custom_info": {"executed_lines": [], "summary": {"covered_lines": 0, "num_statements": 1, "percent_covered": 0.0, "percent_covered_display": "0", "missing_lines": 1, "excluded_lines": 0}, "missing_lines": [552], "excluded_lines": []}, "EppV24Controller.set_external_soft_pause": {"executed_lines": [], "summary": {"covered_lines": 0, "num_statements": 2, "percent_covered": 0.0, "percent_covered_display": "0", "missing_lines": 2, "excluded_lines": 0}, "missing_lines": [555, 556], "excluded_lines": []}, "EppV24Controller.apply_execution_intent": {"executed_lines": [], "summary": {"covered_lines": 0, "num_statements": 28, "percent_covered": 0.0, "percent_covered_display": "0", "missing_lines": 28, "excluded_lines": 0}, "missing_lines": [559, 560, 561, 562, 563, 564, 565, 566, 567, 568, 569, 570, 571, 572, 573, 574, 575, 576, 577, 578, 579, 580, 581, 582, 583, 584, 585, 586], "excluded_lines": []}, "EppV24Controller._detect_regime": {"executed_lines": [], "summary": {"covered_lines": 0, "num_statements": 12, "percent_covered": 0.0, "percent_covered_display": "0", "missing_lines": 12, "excluded_lines": 0}, "missing_lines": [589, 590, 591, 592, 593, 594, 595, 596, 597, 598, 599, 600], "excluded_lines": []}, "EppV24Controller._pick_spread_pct": {"executed_lines": [], "summary": {"covered_lines": 0, "num_statements": 2, "percent_covered": 0.0, "percent_covered_display": "0", "missing_lines": 2, "excluded_lines": 0}, "missing_lines": [603, 604], "excluded_lines": []}, "EppV24Controller._pick_levels": {"executed_lines": [], "summary": {"covered_lines": 0, "num_statements": 5, "percent_covered": 0.0, "percent_covered_display": "0", "missing_lines": 5, "excluded_lines": 0}, "missing_lines": [607, 608, 609, 610, 611], "excluded_lines": []}, "EppV24Controller._build_side_spreads": {"executed_lines": [], "summary": {"covered_lines": 0, "num_statements": 15, "percent_covered": 0.0, "percent_covered_display": "0", "missing_lines": 15, "excluded_lines": 0}, "missing_lines": [616, 617, 618, 619, 620, 621, 622, 623, 624, 625, 626, 627, 628, 629, 630], "excluded_lines": []}, "EppV24Controller._apply_runtime_spreads_and_sizing": {"executed_lines": [], "summary": {"covered_lines": 0, "num_statements": 31, "percent_covered": 0.0, "percent_covered_display": "0", "missing_lines": 31, "excluded_lines": 0}, "missing_lines": [641, 642, 643, 644, 645, 646, 647, 648, 649, 650, 651, 652, 653, 654, 656, 657, 658, 659, 661, 662, 663, 665, 666, 667, 668, 669, 671, 672, 673, 674, 675], "excluded_lines": []}, "EppV24Controller._equal_split_pct": {"executed_lines": [], "summary": {"covered_lines": 0, "num_statements": 4, "percent_covered": 0.0, "percent_covered_display": "0", "missing_lines": 4, "excluded_lines": 0}, "missing_lines": [679, 680, 681, 682], "excluded_lines": []}, "EppV24Controller._equal_split_pct_values": {"executed_lines": [], "summary": {"covered_lines": 0, "num_statements": 4, "percent_covered": 0.0, "percent_covered_display": "0", "missing_lines": 4, "excluded_lines": 0}, "missing_lines": [685, 686, 687, 688], "excluded_lines": []}, "EppV24Controller._connector": {"executed_lines": [], "summary": {"covered_lines": 0, "num_statements": 1, "percent_covered": 0.0, "percent_covered_display": "0", "missing_lines": 1, "excluded_lines": 0}, "missing_lines": [691], "excluded_lines": []}, "EppV24Controller._trading_rule": {"executed_lines": [], "summary": {"covered_lines": 0, "num_statements": 1, "percent_covered": 0.0, "percent_covered_display": "0", "missing_lines": 1, "excluded_lines": 0}, "missing_lines": [694], "excluded_lines": []}, "EppV24Controller.get_levels_to_execute": {"executed_lines": [], "summary": {"covered_lines": 0, "num_statements": 4, "percent_covered": 0.0, "percent_covered_display": "0", "missing_lines": 4, "excluded_lines": 0}, "missing_lines": [697, 698, 703, 704], "excluded_lines": []}, "EppV24Controller.executors_to_refresh": {"executed_lines": [], "summary": {"covered_lines": 0, "num_statements": 4, "percent_covered": 0.0, "percent_covered_display": "0", "missing_lines": 4, "excluded_lines": 0}, "missing_lines": [707, 708, 712, 714], "excluded_lines": []}, "EppV24Controller.get_not_active_levels_ids": {"executed_lines": [], "summary": {"covered_lines": 0, "num_statements": 3, "percent_covered": 0.0, "percent_covered_display": "0", "missing_lines": 3, "excluded_lines": 0}, "missing_lines": [717, 722, 727], "excluded_lines": []}, "EppV24Controller.get_price_and_amount": {"executed_lines": [], "summary": {"covered_lines": 0, "num_statements": 8, "percent_covered": 0.0, "percent_covered_display": "0", "missing_lines": 8, "excluded_lines": 0}, "missing_lines": [730, 731, 732, 733, 734, 735, 736, 737], "excluded_lines": []}, "EppV24Controller._runtime_spreads_and_amounts_in_quote": {"executed_lines": [], "summary": {"covered_lines": 0, "num_statements": 12, "percent_covered": 0.0, "percent_covered_display": "0", "missing_lines": 12, "excluded_lines": 0}, "missing_lines": [740, 741, 742, 743, 744, 745, 746, 747, 749, 750, 751, 752], "excluded_lines": []}, "EppV24Controller._runtime_required_base_amount": {"executed_lines": [], "summary": {"covered_lines": 0, "num_statements": 5, "percent_covered": 0.0, "percent_covered_display": "0", "missing_lines": 5, "excluded_lines": 0}, "missing_lines": [755, 756, 757, 758, 759], "excluded_lines": []}, "EppV24Controller.check_position_rebalance": {"executed_lines": [], "summary": {"covered_lines": 0, "num_statements": 14, "percent_covered": 0.0, "percent_covered_display": "0", "missing_lines": 14, "excluded_lines": 0}, "missing_lines": [762, 763, 764, 768, 769, 770, 771, 772, 773, 774, 775, 776, 777, 778], "excluded_lines": []}, "EppV24Controller._quantize_price": {"executed_lines": [], "summary": {"covered_lines": 0, "num_statements": 14, "percent_covered": 0.0, "percent_covered_display": "0", "missing_lines": 14, "excluded_lines": 0}, "missing_lines": [781, 782, 783, 784, 785, 786, 787, 788, 789, 790, 791, 792, 793, 794], "excluded_lines": []}, "EppV24Controller._quantize_amount": {"executed_lines": [], "summary": {"covered_lines": 0, "num_statements": 19, "percent_covered": 0.0, "percent_covered_display": "0", "missing_lines": 19, "excluded_lines": 0}, "missing_lines": [797, 798, 799, 800, 801, 802, 803, 804, 805, 806, 807, 808, 809, 810, 811, 812, 813, 814, 815], "excluded_lines": []}, "EppV24Controller._quantize_amount_up": {"executed_lines": [], "summary": {"covered_lines": 0, "num_statements": 19, "percent_covered": 0.0, "percent_covered_display": "0", "missing_lines": 19, "excluded_lines": 0}, "missing_lines": [818, 819, 820, 821, 822, 823, 824, 825, 826, 827, 828, 829, 830, 831, 832, 833, 834, 835, 836], "excluded_lines": []}, "EppV24Controller._ensure_fee_config": {"executed_lines": [], "summary": {"covered_lines": 0, "num_statements": 59, "percent_covered": 0.0, "percent_covered_display": "0", "missing_lines": 59, "excluded_lines": 0}, "missing_lines": [839, 840, 841, 848, 849, 851, 852, 853, 854, 855, 857, 858, 859, 860, 861, 862, 863, 865, 866, 868, 869, 871, 872, 873, 874, 875, 876, 877, 878, 879, 880, 881, 882, 883, 884, 885, 886, 887, 888, 889, 890, 891, 893, 894, 895, 896, 897, 898, 899, 900, 902, 903, 904, 905, 906, 907, 909, 911, 912], "excluded_lines": []}, "EppV24Controller._get_mid_price": {"executed_lines": [], "summary": {"covered_lines": 0, "num_statements": 1, "percent_covered": 0.0, "percent_covered_display": "0", "missing_lines": 1, "excluded_lines": 0}, "missing_lines": [915], "excluded_lines": []}, "EppV24Controller._get_balances": {"executed_lines": [], "summary": {"covered_lines": 0, "num_statements": 1, "percent_covered": 0.0, "percent_covered_display": "0", "missing_lines": 1, "excluded_lines": 0}, "missing_lines": [918], "excluded_lines": []}, "EppV24Controller._compute_equity_and_base_pct": {"executed_lines": [], "summary": {"covered_lines": 0, "num_statements": 6, "percent_covered": 0.0, "percent_covered_display": "0", "missing_lines": 6, "excluded_lines": 0}, "missing_lines": [921, 922, 923, 924, 925, 926], "excluded_lines": []}, "EppV24Controller._connector_ready": {"executed_lines": [], "summary": {"covered_lines": 0, "num_statements": 1, "percent_covered": 0.0, "percent_covered_display": "0", "missing_lines": 1, "excluded_lines": 0}, "missing_lines": [929], "excluded_lines": []}, "EppV24Controller._balances_consistent": {"executed_lines": [], "summary": {"covered_lines": 0, "num_statements": 1, "percent_covered": 0.0, "percent_covered_display": "0", "missing_lines": 1, "excluded_lines": 0}, "missing_lines": [932], "excluded_lines": []}, "EppV24Controller._cancel_per_min": {"executed_lines": [], "summary": {"covered_lines": 0, "num_statements": 2, "percent_covered": 0.0, "percent_covered_display": "0", "missing_lines": 2, "excluded_lines": 0}, "missing_lines": [935, 936], "excluded_lines": []}, "EppV24Controller._min_notional_quote": {"executed_lines": [], "summary": {"covered_lines": 0, "num_statements": 8, "percent_covered": 0.0, "percent_covered_display": "0", "missing_lines": 8, "excluded_lines": 0}, "missing_lines": [939, 940, 941, 942, 943, 944, 945, 946], "excluded_lines": []}, "EppV24Controller._min_base_amount": {"executed_lines": [], "summary": {"covered_lines": 0, "num_statements": 4, "percent_covered": 0.0, "percent_covered_display": "0", "missing_lines": 4, "excluded_lines": 0}, "missing_lines": [949, 950, 951, 952], "excluded_lines": []}, "EppV24Controller._project_total_amount_quote": {"executed_lines": [], "summary": {"covered_lines": 0, "num_statements": 10, "percent_covered": 0.0, "percent_covered_display": "0", "missing_lines": 10, "excluded_lines": 0}, "missing_lines": [961, 962, 963, 964, 965, 966, 967, 968, 969, 970], "excluded_lines": []}, "EppV24Controller._risk_loss_metrics": {"executed_lines": [], "summary": {"covered_lines": 0, "num_statements": 9, "percent_covered": 0.0, "percent_covered_display": "0", "missing_lines": 9, "excluded_lines": 0}, "missing_lines": [973, 974, 975, 976, 977, 978, 979, 980, 981], "excluded_lines": []}, "EppV24Controller._risk_policy_checks": {"executed_lines": [], "summary": {"covered_lines": 0, "num_statements": 18, "percent_covered": 0.0, "percent_covered_display": "0", "missing_lines": 18, "excluded_lines": 0}, "missing_lines": [991, 992, 993, 994, 995, 996, 997, 998, 999, 1000, 1001, 1002, 1003, 1004, 1005, 1006, 1007, 1008], "excluded_lines": []}, "EppV24Controller._edge_gate_update": {"executed_lines": [], "summary": {"covered_lines": 0, "num_statements": 12, "percent_covered": 0.0, "percent_covered_display": "0", "missing_lines": 12, "excluded_lines": 0}, "missing_lines": [1017, 1018, 1019, 1020, 1021, 1022, 1023, 1024, 1025, 1026, 1027, 1028], "excluded_lines": []}, "EppV24Controller._get_top_of_book": {"executed_lines": [], "summary": {"covered_lines": 0, "num_statements": 28, "percent_covered": 0.0, "percent_covered_display": "0", "missing_lines": 28, "excluded_lines": 0}, "missing_lines": [1031, 1032, 1033, 1034, 1035, 1036, 1037, 1038, 1039, 1040, 1041, 1042, 1043, 1044, 1045, 1046, 1047, 1048, 1049, 1050, 1051, 1052, 1053, 1054, 1055, 1056, 1057, 1058], "excluded_lines": []}, "EppV24Controller._maybe_roll_day": {"executed_lines": [], "summary": {"covered_lines": 0, "num_statements": 20, "percent_covered": 0.0, "percent_covered_display": "0", "missing_lines": 20, "excluded_lines": 0}, "missing_lines": [1062, 1063, 1064, 1065, 1066, 1067, 1068, 1069, 1070, 1071, 1072, 1073, 1074, 1090, 1091, 1092, 1093, 1094, 1095, 1096], "excluded_lines": []}, "EppV24Controller._log_minute": {"executed_lines": [], "summary": {"covered_lines": 0, "num_statements": 5, "percent_covered": 0.0, "percent_covered_display": "0", "missing_lines": 5, "excluded_lines": 0}, "missing_lines": [1123, 1124, 1125, 1126, 1127], "excluded_lines": []}, "": {"executed_lines": [], "summary": {"covered_lines": 0, "num_statements": 148, "percent_covered": 0.0, "percent_covered_display": "0", "missing_lines": 148, "excluded_lines": 0}, "missing_lines": [1, 3, 4, 5, 6, 8, 9, 11, 12, 13, 17, 19, 20, 21, 22, 23, 25, 29, 33, 34, 35, 36, 37, 38, 39, 40, 41, 42, 43, 46, 47, 48, 49, 50, 51, 52, 53, 54, 57, 58, 60, 61, 62, 63, 64, 65, 66, 69, 70, 71, 72, 73, 74, 77, 78, 79, 82, 83, 84, 87, 88, 89, 90, 91, 92, 93, 94, 95, 96, 97, 100, 101, 102, 103, 104, 105, 106, 108, 109, 110, 111, 112, 113, 114, 115, 117, 118, 119, 125, 126, 127, 133, 134, 135, 140, 141, 142, 147, 148, 149, 153, 154, 201, 247, 468, 488, 523, 527, 534, 551, 554, 558, 588, 602, 606, 613, 632, 677, 678, 684, 690, 693, 696, 706, 716, 729, 739, 754, 761, 780, 796, 817, 838, 914, 917, 920, 928, 931, 934, 938, 948, 954, 972, 983, 1010, 1030, 1061, 1099], "excluded_lines": []}}, "classes": {"RegimeSpec": {"executed_lines": [], "summary": {"covered_lines": 0, "num_statements": 0, "percent_covered": 100.0, "percent_covered_display": "100", "missing_lines": 0, "excluded_lines": 0}, "missing_lines": [], "excluded_lines": []}, "RuntimeLevelState": {"executed_lines": [], "summary": {"covered_lines": 0, "num_statements": 0, "percent_covered": 100.0, "percent_covered_display": "100", "missing_lines": 0, "excluded_lines": 0}, "missing_lines": [], "excluded_lines": []}, "EppV24Config": {"executed_lines": [], "summary": {"covered_lines": 0, "num_statements": 15, "percent_covered": 0.0, "percent_covered_display": "0", "missing_lines": 15, "excluded_lines": 0}, "missing_lines": [120, 121, 122, 123, 128, 129, 130, 131, 136, 137, 138, 143, 144, 145, 150], "excluded_lines": []}, "EppV24Controller": {"executed_lines": [], "summary": {"covered_lines": 0, "num_statements": 550, "percent_covered": 0.0, "percent_covered_display": "0", "missing_lines": 550, "excluded_lines": 0}, "missing_lines": [202, 203, 204, 205, 214, 215, 216, 217, 218, 219, 220, 221, 222, 223, 224, 225, 226, 227, 228, 229, 230, 231, 232, 233, 234, 235, 236, 237, 238, 239, 240, 241, 242, 243, 244, 245, 248, 249, 250, 251, 252, 254, 255, 256, 257, 259, 260, 261, 262, 263, 264, 265, 266, 268, 269, 270, 271, 273, 274, 280, 281, 282, 283, 284, 286, 287, 288, 291, 292, 293, 294, 295, 300, 306, 307, 309, 310, 312, 319, 320, 323, 324, 325, 326, 330, 331, 332, 334, 335, 336, 343, 349, 350, 358, 359, 360, 373, 374, 375, 376, 377, 378, 381, 382, 383, 384, 385, 387, 396, 397, 398, 399, 400, 401, 402, 403, 404, 405, 407, 408, 454, 455, 456, 457, 458, 459, 462, 463, 469, 470, 471, 472, 473, 475, 476, 489, 490, 491, 492, 493, 494, 495, 496, 497, 498, 499, 500, 501, 502, 503, 524, 525, 528, 529, 530, 532, 535, 552, 555, 556, 559, 560, 561, 562, 563, 564, 565, 566, 567, 568, 569, 570, 571, 572, 573, 574, 575, 576, 577, 578, 579, 580, 581, 582, 583, 584, 585, 586, 589, 590, 591, 592, 593, 594, 595, 596, 597, 598, 599, 600, 603, 604, 607, 608, 609, 610, 611, 616, 617, 618, 619, 620, 621, 622, 623, 624, 625, 626, 627, 628, 629, 630, 641, 642, 643, 644, 645, 646, 647, 648, 649, 650, 651, 652, 653, 654, 656, 657, 658, 659, 661, 662, 663, 665, 666, 667, 668, 669, 671, 672, 673, 674, 675, 679, 680, 681, 682, 685, 686, 687, 688, 691, 694, 697, 698, 703, 704, 707, 708, 712, 714, 717, 722, 727, 730, 731, 732, 733, 734, 735, 736, 737, 740, 741, 742, 743, 744, 745, 746, 747, 749, 750, 751, 752, 755, 756, 757, 758, 759, 762, 763, 764, 768, 769, 770, 771, 772, 773, 774, 775, 776, 777, 778, 781, 782, 783, 784, 785, 786, 787, 788, 789, 790, 791, 792, 793, 794, 797, 798, 799, 800, 801, 802, 803, 804, 805, 806, 807, 808, 809, 810, 811, 812, 813, 814, 815, 818, 819, 820, 821, 822, 823, 824, 825, 826, 827, 828, 829, 830, 831, 832, 833, 834, 835, 836, 839, 840, 841, 848, 849, 851, 852, 853, 854, 855, 857, 858, 859, 860, 861, 862, 863, 865, 866, 868, 869, 871, 872, 873, 874, 875, 876, 877, 878, 879, 880, 881, 882, 883, 884, 885, 886, 887, 888, 889, 890, 891, 893, 894, 895, 896, 897, 898, 899, 900, 902, 903, 904, 905, 906, 907, 909, 911, 912, 915, 918, 921, 922, 923, 924, 925, 926, 929, 932, 935, 936, 939, 940, 941, 942, 943, 944, 945, 946, 949, 950, 951, 952, 961, 962, 963, 964, 965, 966, 967, 968, 969, 970, 973, 974, 975, 976, 977, 978, 979, 980, 981, 991, 992, 993, 994, 995, 996, 997, 998, 999, 1000, 1001, 1002, 1003, 1004, 1005, 1006, 1007, 1008, 1017, 1018, 1019, 1020, 1021, 1022, 1023, 1024, 1025, 1026, 1027, 1028, 1031, 1032, 1033, 1034, 1035, 1036, 1037, 1038, 1039, 1040, 1041, 1042, 1043, 1044, 1045, 1046, 1047, 1048, 1049, 1050, 1051, 1052, 1053, 1054, 1055, 1056, 1057, 1058, 1062, 1063, 1064, 1065, 1066, 1067, 1068, 1069, 1070, 1071, 1072, 1073, 1074, 1090, 1091, 1092, 1093, 1094, 1095, 1096, 1123, 1124, 1125, 1126, 1127], "excluded_lines": []}, "": {"executed_lines": [], "summary": {"covered_lines": 0, "num_statements": 150, "percent_covered": 0.0, "percent_covered_display": "0", "missing_lines": 150, "excluded_lines": 0}, "missing_lines": [1, 3, 4, 5, 6, 8, 9, 11, 12, 13, 17, 19, 20, 21, 22, 23, 25, 26, 29, 30, 33, 34, 35, 36, 37, 38, 39, 40, 41, 42, 43, 46, 47, 48, 49, 50, 51, 52, 53, 54, 57, 58, 60, 61, 62, 63, 64, 65, 66, 69, 70, 71, 72, 73, 74, 77, 78, 79, 82, 83, 84, 87, 88, 89, 90, 91, 92, 93, 94, 95, 96, 97, 100, 101, 102, 103, 104, 105, 106, 108, 109, 110, 111, 112, 113, 114, 115, 117, 118, 119, 125, 126, 127, 133, 134, 135, 140, 141, 142, 147, 148, 149, 153, 154, 201, 247, 468, 488, 523, 527, 534, 551, 554, 558, 588, 602, 606, 613, 632, 677, 678, 684, 690, 693, 696, 706, 716, 729, 739, 754, 761, 780, 796, 817, 838, 914, 917, 920, 928, 931, 934, 938, 948, 954, 972, 983, 1010, 1030, 1061, 1099], "excluded_lines": []}}}, "controllers\\fee_resolver.py": {"executed_lines": [], "summary": {"covered_lines": 0, "num_statements": 2, "percent_covered": 0.0, "percent_covered_display": "0", "missing_lines": 2, "excluded_lines": 0}, "missing_lines": [1, 3], "excluded_lines": [], "functions": {"": {"executed_lines": [], "summary": {"covered_lines": 0, "num_statements": 2, "percent_covered": 0.0, "percent_covered_display": "0", "missing_lines": 2, "excluded_lines": 0}, "missing_lines": [1, 3], "excluded_lines": []}}, "classes": {"": {"executed_lines": [], "summary": {"covered_lines": 0, "num_statements": 2, "percent_covered": 0.0, "percent_covered_display": "0", "missing_lines": 2, "excluded_lines": 0}, "missing_lines": [1, 3], "excluded_lines": []}}}, "controllers\\ops_guard.py": {"executed_lines": [], "summary": {"covered_lines": 0, "num_statements": 70, "percent_covered": 0.0, "percent_covered_display": "0", "missing_lines": 70, "excluded_lines": 0}, "missing_lines": [1, 3, 4, 5, 8, 9, 10, 11, 14, 15, 16, 17, 18, 19, 20, 21, 22, 23, 26, 27, 28, 29, 30, 31, 32, 34, 35, 36, 38, 39, 40, 41, 42, 43, 44, 45, 46, 47, 48, 49, 50, 51, 53, 54, 55, 56, 57, 58, 59, 60, 61, 63, 64, 65, 66, 67, 69, 70, 72, 73, 74, 75, 77, 78, 79, 80, 82, 83, 84, 85], "excluded_lines": [], "functions": {"OpsGuard.update": {"executed_lines": [], "summary": {"covered_lines": 0, "num_statements": 40, "percent_covered": 0.0, "percent_covered_display": "0", "missing_lines": 40, "excluded_lines": 0}, "missing_lines": [35, 36, 38, 39, 40, 41, 42, 43, 44, 45, 46, 47, 48, 49, 50, 51, 53, 54, 55, 56, 57, 58, 59, 60, 61, 63, 64, 65, 66, 67, 69, 70, 72, 73, 74, 75, 77, 78, 79, 80], "excluded_lines": []}, "OpsGuard.force_hard_stop": {"executed_lines": [], "summary": {"covered_lines": 0, "num_statements": 3, "percent_covered": 0.0, "percent_covered_display": "0", "missing_lines": 3, "excluded_lines": 0}, "missing_lines": [83, 84, 85], "excluded_lines": []}, "": {"executed_lines": [], "summary": {"covered_lines": 0, "num_statements": 27, "percent_covered": 0.0, "percent_covered_display": "0", "missing_lines": 27, "excluded_lines": 0}, "missing_lines": [1, 3, 4, 5, 8, 9, 10, 11, 14, 15, 16, 17, 18, 19, 20, 21, 22, 23, 26, 27, 28, 29, 30, 31, 32, 34, 82], "excluded_lines": []}}, "classes": {"GuardState": {"executed_lines": [], "summary": {"covered_lines": 0, "num_statements": 0, "percent_covered": 100.0, "percent_covered_display": "100", "missing_lines": 0, "excluded_lines": 0}, "missing_lines": [], "excluded_lines": []}, "OpsSnapshot": {"executed_lines": [], "summary": {"covered_lines": 0, "num_statements": 0, "percent_covered": 100.0, "percent_covered_display": "100", "missing_lines": 0, "excluded_lines": 0}, "missing_lines": [], "excluded_lines": []}, "OpsGuard": {"executed_lines": [], "summary": {"covered_lines": 0, "num_statements": 43, "percent_covered": 0.0, "percent_covered_display": "0", "missing_lines": 43, "excluded_lines": 0}, "missing_lines": [35, 36, 38, 39, 40, 41, 42, 43, 44, 45, 46, 47, 48, 49, 50, 51, 53, 54, 55, 56, 57, 58, 59, 60, 61, 63, 64, 65, 66, 67, 69, 70, 72, 73, 74, 75, 77, 78, 79, 80, 83, 84, 85], "excluded_lines": []}, "": {"executed_lines": [], "summary": {"covered_lines": 0, "num_statements": 27, "percent_covered": 0.0, "percent_covered_display": "0", "missing_lines": 27, "excluded_lines": 0}, "missing_lines": [1, 3, 4, 5, 8, 9, 10, 11, 14, 15, 16, 17, 18, 19, 20, 21, 22, 23, 26, 27, 28, 29, 30, 31, 32, 34, 82], "excluded_lines": []}}}, "controllers\\paper_engine.py": {"executed_lines": [1, 3, 4, 5, 6, 7, 8, 10, 11, 24, 25, 26, 27, 28, 29, 31, 32, 33, 34, 36, 37, 38, 39, 41, 42, 43, 45, 46, 47, 48, 49, 50, 51, 52, 55, 56, 59, 60, 61, 62, 63, 64, 65, 66, 67, 68, 69, 70, 73, 74, 75, 76, 77, 78, 79, 80, 81, 82, 83, 84, 85, 86, 87, 88, 89, 90, 91, 93, 94, 97, 98, 99, 101, 102, 105, 106, 109, 110, 115, 116, 119, 120, 125, 135, 136, 137, 139, 140, 142, 143, 145, 148, 149, 150, 151, 154, 155, 156, 157, 158, 159, 162, 163, 164, 165, 167, 168, 170, 171, 173, 174, 175, 176, 177, 178, 180, 181, 182, 183, 185, 186, 188, 189, 191, 192, 195, 196, 197, 199, 200, 201, 202, 204, 205, 209, 210, 211, 212, 215, 218, 219, 220, 222, 223, 224, 225, 226, 227, 229, 231, 232, 233, 234, 237, 240, 241, 250, 251, 252, 253, 254, 255, 256, 257, 258, 259, 260, 261, 262, 264, 266, 272, 273, 274, 275, 276, 278, 279, 280, 281, 283, 289, 290, 293, 294, 295, 296, 298, 300, 301, 303, 307, 308, 310, 311, 312, 313, 318, 320, 321, 322, 334, 335, 337, 338, 340, 341, 342, 345, 346, 347, 350, 354, 355, 356, 357, 360, 361, 363, 365, 367, 368, 369, 371, 372, 373, 375, 376, 377, 378, 383, 384, 385, 387, 388, 389, 392, 393, 394, 396, 397, 399, 400, 402, 406, 409, 410, 411, 412, 415, 416, 418, 419, 420, 421, 423, 424, 430, 444, 445, 446, 447, 448, 449, 451, 452, 459, 460, 462, 463, 464, 466, 467, 468, 469, 470, 471, 472, 473, 474, 475, 478, 479, 480, 481, 482, 483, 485, 486, 487, 488, 489, 491, 492, 493, 494, 495, 502, 503, 504, 505, 506, 508, 509, 511, 512, 514, 521, 523, 548, 551, 561, 562, 586, 587, 588, 589, 593, 594, 601, 602, 603, 605, 606, 610, 611, 612, 613, 615, 620, 659], "summary": {"covered_lines": 306, "num_statements": 503, "percent_covered": 60.834990059642145, "percent_covered_display": "61", "missing_lines": 197, "excluded_lines": 25}, "missing_lines": [12, 22, 23, 95, 103, 107, 111, 112, 113, 117, 121, 122, 123, 126, 146, 190, 206, 207, 213, 228, 236, 263, 265, 282, 291, 297, 304, 305, 314, 315, 323, 324, 325, 326, 327, 328, 329, 330, 331, 332, 343, 348, 351, 352, 358, 359, 362, 364, 370, 374, 379, 380, 381, 386, 390, 403, 404, 407, 413, 414, 422, 425, 426, 427, 428, 476, 484, 497, 498, 499, 500, 515, 516, 517, 519, 524, 525, 535, 546, 547, 563, 564, 565, 566, 575, 576, 577, 590, 591, 592, 595, 596, 597, 598, 599, 604, 607, 608, 617, 621, 622, 623, 624, 626, 627, 628, 630, 631, 632, 633, 634, 635, 636, 637, 639, 640, 641, 642, 643, 644, 645, 647, 655, 656, 666, 667, 668, 669, 670, 671, 672, 674, 675, 680, 682, 683, 684, 685, 689, 690, 691, 692, 693, 694, 696, 697, 698, 699, 700, 701, 702, 703, 704, 705, 706, 708, 709, 710, 711, 712, 714, 719, 720, 721, 722, 724, 725, 726, 727, 728, 729, 730, 731, 732, 734, 735, 736, 737, 738, 741, 758, 759, 762, 763, 765, 766, 767, 768, 769, 770, 771, 772, 773, 774, 775, 777, 778], "excluded_lines": [24, 25, 26, 27, 28, 29, 31, 32, 33, 34, 36, 37, 38, 39, 41, 42, 43, 45, 46, 47, 48, 49, 50, 51, 52], "functions": {"_d": {"executed_lines": [56], "summary": {"covered_lines": 1, "num_statements": 1, "percent_covered": 100.0, "percent_covered_display": "100", "missing_lines": 0, "excluded_lines": 0}, "missing_lines": [], "excluded_lines": []}, "PaperOrder.client_order_id": {"executed_lines": [], "summary": {"covered_lines": 0, "num_statements": 1, "percent_covered": 0.0, "percent_covered_display": "0", "missing_lines": 1, "excluded_lines": 0}, "missing_lines": [95], "excluded_lines": []}, "PaperOrder.is_open": {"executed_lines": [99], "summary": {"covered_lines": 1, "num_statements": 1, "percent_covered": 100.0, "percent_covered_display": "100", "missing_lines": 0, "excluded_lines": 0}, "missing_lines": [], "excluded_lines": []}, "PaperOrder.is_done": {"executed_lines": [], "summary": {"covered_lines": 0, "num_statements": 1, "percent_covered": 0.0, "percent_covered_display": "0", "missing_lines": 1, "excluded_lines": 0}, "missing_lines": [103], "excluded_lines": []}, "PaperOrder.is_filled": {"executed_lines": [], "summary": {"covered_lines": 0, "num_statements": 1, "percent_covered": 0.0, "percent_covered_display": "0", "missing_lines": 1, "excluded_lines": 0}, "missing_lines": [107], "excluded_lines": []}, "PaperOrder.average_executed_price": {"executed_lines": [], "summary": {"covered_lines": 0, "num_statements": 3, "percent_covered": 0.0, "percent_covered_display": "0", "missing_lines": 3, "excluded_lines": 0}, "missing_lines": [111, 112, 113], "excluded_lines": []}, "PaperOrder.cum_fees_quote": {"executed_lines": [], "summary": {"covered_lines": 0, "num_statements": 1, "percent_covered": 0.0, "percent_covered_display": "0", "missing_lines": 1, "excluded_lines": 0}, "missing_lines": [117], "excluded_lines": []}, "PaperOrder.cum_fees_base": {"executed_lines": [], "summary": {"covered_lines": 0, "num_statements": 3, "percent_covered": 0.0, "percent_covered_display": "0", "missing_lines": 3, "excluded_lines": 0}, "missing_lines": [121, 122, 123], "excluded_lines": []}, "PaperOrder.to_json": {"executed_lines": [], "summary": {"covered_lines": 0, "num_statements": 1, "percent_covered": 0.0, "percent_covered_display": "0", "missing_lines": 1, "excluded_lines": 0}, "missing_lines": [126], "excluded_lines": []}, "_OrderTrackerShim.__init__": {"executed_lines": [137], "summary": {"covered_lines": 1, "num_statements": 1, "percent_covered": 100.0, "percent_covered_display": "100", "missing_lines": 0, "excluded_lines": 0}, "missing_lines": [], "excluded_lines": []}, "_OrderTrackerShim.track": {"executed_lines": [140], "summary": {"covered_lines": 1, "num_statements": 1, "percent_covered": 100.0, "percent_covered_display": "100", "missing_lines": 0, "excluded_lines": 0}, "missing_lines": [], "excluded_lines": []}, "_OrderTrackerShim.fetch_order": {"executed_lines": [143], "summary": {"covered_lines": 1, "num_statements": 1, "percent_covered": 100.0, "percent_covered_display": "100", "missing_lines": 0, "excluded_lines": 0}, "missing_lines": [], "excluded_lines": []}, "_OrderTrackerShim.remove": {"executed_lines": [], "summary": {"covered_lines": 0, "num_statements": 1, "percent_covered": 0.0, "percent_covered_display": "0", "missing_lines": 1, "excluded_lines": 0}, "missing_lines": [146], "excluded_lines": []}, "_OrderTrackerShim.iter_open": {"executed_lines": [149, 150, 151], "summary": {"covered_lines": 3, "num_statements": 3, "percent_covered": 100.0, "percent_covered_display": "100", "missing_lines": 0, "excluded_lines": 0}, "missing_lines": [], "excluded_lines": []}, "PaperLedger.total": {"executed_lines": [168], "summary": {"covered_lines": 1, "num_statements": 1, "percent_covered": 100.0, "percent_covered_display": "100", "missing_lines": 0, "excluded_lines": 0}, "missing_lines": [], "excluded_lines": []}, "PaperLedger.available": {"executed_lines": [171], "summary": {"covered_lines": 1, "num_statements": 1, "percent_covered": 100.0, "percent_covered_display": "100", "missing_lines": 0, "excluded_lines": 0}, "missing_lines": [], "excluded_lines": []}, "PaperLedger.reserve": {"executed_lines": [174, 175, 176, 177, 178], "summary": {"covered_lines": 5, "num_statements": 5, "percent_covered": 100.0, "percent_covered_display": "100", "missing_lines": 0, "excluded_lines": 0}, "missing_lines": [], "excluded_lines": []}, "PaperLedger.release": {"executed_lines": [181, 182, 183], "summary": {"covered_lines": 3, "num_statements": 3, "percent_covered": 100.0, "percent_covered_display": "100", "missing_lines": 0, "excluded_lines": 0}, "missing_lines": [], "excluded_lines": []}, "PaperLedger.credit": {"executed_lines": [186], "summary": {"covered_lines": 1, "num_statements": 1, "percent_covered": 100.0, "percent_covered_display": "100", "missing_lines": 0, "excluded_lines": 0}, "missing_lines": [], "excluded_lines": []}, "PaperLedger.debit": {"executed_lines": [189, 191, 192], "summary": {"covered_lines": 3, "num_statements": 4, "percent_covered": 75.0, "percent_covered_display": "75", "missing_lines": 1, "excluded_lines": 0}, "missing_lines": [190], "excluded_lines": []}, "DepthFillModel.__init__": {"executed_lines": [197], "summary": {"covered_lines": 1, "num_statements": 1, "percent_covered": 100.0, "percent_covered_display": "100", "missing_lines": 0, "excluded_lines": 0}, "missing_lines": [], "excluded_lines": []}, "DepthFillModel._top": {"executed_lines": [200, 201, 202, 204, 205], "summary": {"covered_lines": 5, "num_statements": 7, "percent_covered": 71.42857142857143, "percent_covered_display": "71", "missing_lines": 2, "excluded_lines": 0}, "missing_lines": [206, 207], "excluded_lines": []}, "DepthFillModel.evaluate": {"executed_lines": [210, 211, 212, 215, 218, 219, 220, 222, 223, 224, 225, 226, 227, 229, 231, 232, 233, 234, 237], "summary": {"covered_lines": 19, "num_statements": 22, "percent_covered": 86.36363636363636, "percent_covered_display": "86", "missing_lines": 3, "excluded_lines": 0}, "missing_lines": [213, 228, 236], "excluded_lines": []}, "PaperExecutionAdapter.__init__": {"executed_lines": [250, 251, 252, 253, 254, 255, 256, 257, 258, 259, 260, 261, 262, 264, 266, 272, 273, 274, 275, 276], "summary": {"covered_lines": 20, "num_statements": 22, "percent_covered": 90.9090909090909, "percent_covered_display": "91", "missing_lines": 2, "excluded_lines": 0}, "missing_lines": [263, 265], "excluded_lines": []}, "PaperExecutionAdapter.paper_stats": {"executed_lines": [280, 281, 283], "summary": {"covered_lines": 3, "num_statements": 4, "percent_covered": 75.0, "percent_covered_display": "75", "missing_lines": 1, "excluded_lines": 0}, "missing_lines": [282], "excluded_lines": []}, "PaperExecutionAdapter.ready": {"executed_lines": [], "summary": {"covered_lines": 0, "num_statements": 1, "percent_covered": 0.0, "percent_covered_display": "0", "missing_lines": 1, "excluded_lines": 0}, "missing_lines": [291], "excluded_lines": []}, "PaperExecutionAdapter.trading_rules": {"executed_lines": [295, 296, 298], "summary": {"covered_lines": 3, "num_statements": 4, "percent_covered": 75.0, "percent_covered_display": "75", "missing_lines": 1, "excluded_lines": 0}, "missing_lines": [297], "excluded_lines": []}, "PaperExecutionAdapter.add_listener": {"executed_lines": [301], "summary": {"covered_lines": 1, "num_statements": 1, "percent_covered": 100.0, "percent_covered_display": "100", "missing_lines": 0, "excluded_lines": 0}, "missing_lines": [], "excluded_lines": []}, "PaperExecutionAdapter.remove_listener": {"executed_lines": [], "summary": {"covered_lines": 0, "num_statements": 2, "percent_covered": 0.0, "percent_covered_display": "0", "missing_lines": 2, "excluded_lines": 0}, "missing_lines": [304, 305], "excluded_lines": []}, "PaperExecutionAdapter.trigger_event": {"executed_lines": [308, 310, 311, 312, 313, 318], "summary": {"covered_lines": 6, "num_statements": 8, "percent_covered": 75.0, "percent_covered_display": "75", "missing_lines": 2, "excluded_lines": 0}, "missing_lines": [314, 315], "excluded_lines": []}, "PaperExecutionAdapter._relay_to_paper_connector": {"executed_lines": [321, 322], "summary": {"covered_lines": 2, "num_statements": 12, "percent_covered": 16.666666666666668, "percent_covered_display": "17", "missing_lines": 10, "excluded_lines": 0}, "missing_lines": [323, 324, 325, 326, 327, 328, 329, 330, 331, 332], "excluded_lines": []}, "PaperExecutionAdapter.get_balance": {"executed_lines": [335], "summary": {"covered_lines": 1, "num_statements": 1, "percent_covered": 100.0, "percent_covered_display": "100", "missing_lines": 0, "excluded_lines": 0}, "missing_lines": [], "excluded_lines": []}, "PaperExecutionAdapter.get_available_balance": {"executed_lines": [338], "summary": {"covered_lines": 1, "num_statements": 1, "percent_covered": 100.0, "percent_covered_display": "100", "missing_lines": 0, "excluded_lines": 0}, "missing_lines": [], "excluded_lines": []}, "PaperExecutionAdapter.quantize_order_amount": {"executed_lines": [341, 342], "summary": {"covered_lines": 2, "num_statements": 3, "percent_covered": 66.66666666666667, "percent_covered_display": "67", "missing_lines": 1, "excluded_lines": 0}, "missing_lines": [343], "excluded_lines": []}, "PaperExecutionAdapter.quantize_order_price": {"executed_lines": [346, 347], "summary": {"covered_lines": 2, "num_statements": 3, "percent_covered": 66.66666666666667, "percent_covered_display": "67", "missing_lines": 1, "excluded_lines": 0}, "missing_lines": [348], "excluded_lines": []}, "PaperExecutionAdapter.get_price_by_type": {"executed_lines": [], "summary": {"covered_lines": 0, "num_statements": 2, "percent_covered": 0.0, "percent_covered_display": "0", "missing_lines": 2, "excluded_lines": 0}, "missing_lines": [351, 352], "excluded_lines": []}, "PaperExecutionAdapter.get_order_book": {"executed_lines": [355, 356, 357, 360, 361, 363, 365], "summary": {"covered_lines": 7, "num_statements": 11, "percent_covered": 63.63636363636363, "percent_covered_display": "64", "missing_lines": 4, "excluded_lines": 0}, "missing_lines": [358, 359, 362, 364], "excluded_lines": []}, "PaperExecutionAdapter._try_get_order_book": {"executed_lines": [369, 371, 372, 373, 375, 376, 377, 378], "summary": {"covered_lines": 8, "num_statements": 13, "percent_covered": 61.53846153846154, "percent_covered_display": "62", "missing_lines": 5, "excluded_lines": 0}, "missing_lines": [370, 374, 379, 380, 381], "excluded_lines": []}, "PaperExecutionAdapter.cancel": {"executed_lines": [384, 385, 387, 388, 389, 392, 393, 394], "summary": {"covered_lines": 8, "num_statements": 10, "percent_covered": 80.0, "percent_covered_display": "80", "missing_lines": 2, "excluded_lines": 0}, "missing_lines": [386, 390], "excluded_lines": []}, "PaperExecutionAdapter.buy": {"executed_lines": [397], "summary": {"covered_lines": 1, "num_statements": 1, "percent_covered": 100.0, "percent_covered_display": "100", "missing_lines": 0, "excluded_lines": 0}, "missing_lines": [], "excluded_lines": []}, "PaperExecutionAdapter.sell": {"executed_lines": [400], "summary": {"covered_lines": 1, "num_statements": 1, "percent_covered": 100.0, "percent_covered_display": "100", "missing_lines": 0, "excluded_lines": 0}, "missing_lines": [], "excluded_lines": []}, "PaperExecutionAdapter._update_orders_with_error_handler": {"executed_lines": [], "summary": {"covered_lines": 0, "num_statements": 2, "percent_covered": 0.0, "percent_covered_display": "0", "missing_lines": 2, "excluded_lines": 0}, "missing_lines": [403, 404], "excluded_lines": []}, "PaperExecutionAdapter._handle_update_error_for_lost_order": {"executed_lines": [], "summary": {"covered_lines": 0, "num_statements": 1, "percent_covered": 0.0, "percent_covered_display": "0", "missing_lines": 1, "excluded_lines": 0}, "missing_lines": [407], "excluded_lines": []}, "PaperExecutionAdapter.refresh_open_orders": {"executed_lines": [410, 411, 412, 415, 416], "summary": {"covered_lines": 5, "num_statements": 7, "percent_covered": 71.42857142857143, "percent_covered_display": "71", "missing_lines": 2, "excluded_lines": 0}, "missing_lines": [413, 414], "excluded_lines": []}, "PaperExecutionAdapter._submit_order": {"executed_lines": [419, 420, 421, 423, 424, 430, 444, 445, 446, 447, 448, 449, 451, 452, 459, 460, 462, 463, 464], "summary": {"covered_lines": 19, "num_statements": 24, "percent_covered": 79.16666666666667, "percent_covered_display": "79", "missing_lines": 5, "excluded_lines": 0}, "missing_lines": [422, 425, 426, 427, 428], "excluded_lines": []}, "PaperExecutionAdapter._reserve_for_order": {"executed_lines": [467, 468, 469, 470, 471, 472, 473, 474, 475], "summary": {"covered_lines": 9, "num_statements": 10, "percent_covered": 90.0, "percent_covered_display": "90", "missing_lines": 1, "excluded_lines": 0}, "missing_lines": [476], "excluded_lines": []}, "PaperExecutionAdapter._apply_fill": {"executed_lines": [479, 480, 481, 482, 483, 485, 486, 487, 488, 489, 491, 492, 493, 494, 495, 502, 503, 504, 505, 506, 508, 509, 511, 512, 514], "summary": {"covered_lines": 25, "num_statements": 34, "percent_covered": 73.52941176470588, "percent_covered_display": "74", "missing_lines": 9, "excluded_lines": 0}, "missing_lines": [484, 497, 498, 499, 500, 515, 516, 517, 519], "excluded_lines": []}, "PaperExecutionAdapter._build_fill_event": {"executed_lines": [523, 548, 551], "summary": {"covered_lines": 3, "num_statements": 8, "percent_covered": 37.5, "percent_covered_display": "38", "missing_lines": 5, "excluded_lines": 0}, "missing_lines": [524, 525, 535, 546, 547], "excluded_lines": []}, "PaperExecutionAdapter._build_completed_event": {"executed_lines": [], "summary": {"covered_lines": 0, "num_statements": 7, "percent_covered": 0.0, "percent_covered_display": "0", "missing_lines": 7, "excluded_lines": 0}, "missing_lines": [563, 564, 565, 566, 575, 576, 577], "excluded_lines": []}, "PaperExecutionAdapter._resolve_price": {"executed_lines": [587, 588, 589, 593, 594], "summary": {"covered_lines": 5, "num_statements": 13, "percent_covered": 38.46153846153846, "percent_covered_display": "38", "missing_lines": 8, "excluded_lines": 0}, "missing_lines": [590, 591, 592, 595, 596, 597, 598, 599], "excluded_lines": []}, "PaperExecutionAdapter._safe_balance": {"executed_lines": [603, 605, 606], "summary": {"covered_lines": 3, "num_statements": 6, "percent_covered": 50.0, "percent_covered_display": "50", "missing_lines": 3, "excluded_lines": 0}, "missing_lines": [604, 607, 608], "excluded_lines": []}, "PaperExecutionAdapter._next_order_id": {"executed_lines": [612, 613], "summary": {"covered_lines": 2, "num_statements": 2, "percent_covered": 100.0, "percent_covered_display": "100", "missing_lines": 0, "excluded_lines": 0}, "missing_lines": [], "excluded_lines": []}, "PaperExecutionAdapter.__getattr__": {"executed_lines": [], "summary": {"covered_lines": 0, "num_statements": 1, "percent_covered": 0.0, "percent_covered_display": "0", "missing_lines": 1, "excluded_lines": 0}, "missing_lines": [617], "excluded_lines": []}, "install_paper_adapter": {"executed_lines": [], "summary": {"covered_lines": 0, "num_statements": 25, "percent_covered": 0.0, "percent_covered_display": "0", "missing_lines": 25, "excluded_lines": 0}, "missing_lines": [621, 622, 623, 624, 626, 627, 628, 630, 631, 632, 633, 634, 635, 636, 637, 639, 640, 641, 642, 643, 644, 645, 647, 655, 656], "excluded_lines": []}, "enable_framework_paper_compat_fallbacks": {"executed_lines": [], "summary": {"covered_lines": 0, "num_statements": 27, "percent_covered": 0.0, "percent_covered_display": "0", "missing_lines": 27, "excluded_lines": 0}, "missing_lines": [666, 667, 668, 669, 670, 671, 672, 674, 682, 683, 684, 685, 689, 690, 691, 692, 693, 694, 696, 708, 758, 759, 762, 763, 765, 777, 778], "excluded_lines": []}, "enable_framework_paper_compat_fallbacks._safe_create_non_trading": {"executed_lines": [], "summary": {"covered_lines": 0, "num_statements": 2, "percent_covered": 0.0, "percent_covered_display": "0", "missing_lines": 2, "excluded_lines": 0}, "missing_lines": [675, 680], "excluded_lines": []}, "enable_framework_paper_compat_fallbacks._extract_rule": {"executed_lines": [], "summary": {"covered_lines": 0, "num_statements": 10, "percent_covered": 0.0, "percent_covered_display": "0", "missing_lines": 10, "excluded_lines": 0}, "missing_lines": [697, 698, 699, 700, 701, 702, 703, 704, 705, 706], "excluded_lines": []}, "enable_framework_paper_compat_fallbacks._safe_get_trading_rules": {"executed_lines": [], "summary": {"covered_lines": 0, "num_statements": 24, "percent_covered": 0.0, "percent_covered_display": "0", "missing_lines": 24, "excluded_lines": 0}, "missing_lines": [709, 710, 711, 712, 714, 719, 720, 721, 722, 724, 725, 726, 727, 728, 729, 730, 731, 732, 734, 735, 736, 737, 738, 741], "excluded_lines": []}, "enable_framework_paper_compat_fallbacks._safe_get_in_flight_order": {"executed_lines": [], "summary": {"covered_lines": 0, "num_statements": 10, "percent_covered": 0.0, "percent_covered_display": "0", "missing_lines": 10, "excluded_lines": 0}, "missing_lines": [766, 767, 768, 769, 770, 771, 772, 773, 774, 775], "excluded_lines": []}, "": {"executed_lines": [1, 3, 4, 5, 6, 7, 8, 10, 11, 24, 25, 26, 27, 28, 29, 31, 32, 33, 34, 36, 37, 38, 39, 41, 42, 43, 45, 46, 47, 48, 49, 50, 51, 52, 55, 59, 60, 61, 62, 63, 64, 65, 66, 67, 68, 69, 70, 73, 74, 75, 76, 77, 78, 79, 80, 81, 82, 83, 84, 85, 86, 87, 88, 89, 90, 91, 93, 94, 97, 98, 101, 102, 105, 106, 109, 110, 115, 116, 119, 120, 125, 135, 136, 139, 142, 145, 148, 154, 155, 156, 157, 158, 159, 162, 163, 164, 165, 167, 170, 173, 180, 185, 188, 195, 196, 199, 209, 240, 241, 278, 279, 289, 290, 293, 294, 300, 303, 307, 320, 334, 337, 340, 345, 350, 354, 367, 368, 383, 396, 399, 402, 406, 409, 418, 466, 478, 521, 561, 562, 586, 601, 602, 610, 611, 615, 620, 659], "summary": {"covered_lines": 122, "num_statements": 125, "percent_covered": 97.6, "percent_covered_display": "98", "missing_lines": 3, "excluded_lines": 25}, "missing_lines": [12, 22, 23], "excluded_lines": [24, 25, 26, 27, 28, 29, 31, 32, 33, 34, 36, 37, 38, 39, 41, 42, 43, 45, 46, 47, 48, 49, 50, 51, 52]}}, "classes": {"PaperEngineConfig": {"executed_lines": [], "summary": {"covered_lines": 0, "num_statements": 0, "percent_covered": 100.0, "percent_covered_display": "100", "missing_lines": 0, "excluded_lines": 0}, "missing_lines": [], "excluded_lines": []}, "PaperOrder": {"executed_lines": [99], "summary": {"covered_lines": 1, "num_statements": 12, "percent_covered": 8.333333333333334, "percent_covered_display": "8", "missing_lines": 11, "excluded_lines": 0}, "missing_lines": [95, 103, 107, 111, 112, 113, 117, 121, 122, 123, 126], "excluded_lines": []}, "_OrderTrackerShim": {"executed_lines": [137, 140, 143, 149, 150, 151], "summary": {"covered_lines": 6, "num_statements": 7, "percent_covered": 85.71428571428571, "percent_covered_display": "86", "missing_lines": 1, "excluded_lines": 0}, "missing_lines": [146], "excluded_lines": []}, "FillDecision": {"executed_lines": [], "summary": {"covered_lines": 0, "num_statements": 0, "percent_covered": 100.0, "percent_covered_display": "100", "missing_lines": 0, "excluded_lines": 0}, "missing_lines": [], "excluded_lines": []}, "PaperLedger": {"executed_lines": [168, 171, 174, 175, 176, 177, 178, 181, 182, 183, 186, 189, 191, 192], "summary": {"covered_lines": 14, "num_statements": 15, "percent_covered": 93.33333333333333, "percent_covered_display": "93", "missing_lines": 1, "excluded_lines": 0}, "missing_lines": [190], "excluded_lines": []}, "DepthFillModel": {"executed_lines": [197, 200, 201, 202, 204, 205, 210, 211, 212, 215, 218, 219, 220, 222, 223, 224, 225, 226, 227, 229, 231, 232, 233, 234, 237], "summary": {"covered_lines": 25, "num_statements": 30, "percent_covered": 83.33333333333333, "percent_covered_display": "83", "missing_lines": 5, "excluded_lines": 0}, "missing_lines": [206, 207, 213, 228, 236], "excluded_lines": []}, "PaperExecutionAdapter": {"executed_lines": [250, 251, 252, 253, 254, 255, 256, 257, 258, 259, 260, 261, 262, 264, 266, 272, 273, 274, 275, 276, 280, 281, 283, 295, 296, 298, 301, 308, 310, 311, 312, 313, 318, 321, 322, 335, 338, 341, 342, 346, 347, 355, 356, 357, 360, 361, 363, 365, 369, 371, 372, 373, 375, 376, 377, 378, 384, 385, 387, 388, 389, 392, 393, 394, 397, 400, 410, 411, 412, 415, 416, 419, 420, 421, 423, 424, 430, 444, 445, 446, 447, 448, 449, 451, 452, 459, 460, 462, 463, 464, 467, 468, 469, 470, 471, 472, 473, 474, 475, 479, 480, 481, 482, 483, 485, 486, 487, 488, 489, 491, 492, 493, 494, 495, 502, 503, 504, 505, 506, 508, 509, 511, 512, 514, 523, 548, 551, 587, 588, 589, 593, 594, 603, 605, 606, 612, 613], "summary": {"covered_lines": 137, "num_statements": 215, "percent_covered": 63.72093023255814, "percent_covered_display": "64", "missing_lines": 78, "excluded_lines": 0}, "missing_lines": [263, 265, 282, 291, 297, 304, 305, 314, 315, 323, 324, 325, 326, 327, 328, 329, 330, 331, 332, 343, 348, 351, 352, 358, 359, 362, 364, 370, 374, 379, 380, 381, 386, 390, 403, 404, 407, 413, 414, 422, 425, 426, 427, 428, 476, 484, 497, 498, 499, 500, 515, 516, 517, 519, 524, 525, 535, 546, 547, 563, 564, 565, 566, 575, 576, 577, 590, 591, 592, 595, 596, 597, 598, 599, 604, 607, 608, 617], "excluded_lines": []}, "": {"executed_lines": [1, 3, 4, 5, 6, 7, 8, 10, 11, 24, 25, 26, 27, 28, 29, 31, 32, 33, 34, 36, 37, 38, 39, 41, 42, 43, 45, 46, 47, 48, 49, 50, 51, 52, 55, 56, 59, 60, 61, 62, 63, 64, 65, 66, 67, 68, 69, 70, 73, 74, 75, 76, 77, 78, 79, 80, 81, 82, 83, 84, 85, 86, 87, 88, 89, 90, 91, 93, 94, 97, 98, 101, 102, 105, 106, 109, 110, 115, 116, 119, 120, 125, 135, 136, 139, 142, 145, 148, 154, 155, 156, 157, 158, 159, 162, 163, 164, 165, 167, 170, 173, 180, 185, 188, 195, 196, 199, 209, 240, 241, 278, 279, 289, 290, 293, 294, 300, 303, 307, 320, 334, 337, 340, 345, 350, 354, 367, 368, 383, 396, 399, 402, 406, 409, 418, 466, 478, 521, 561, 562, 586, 601, 602, 610, 611, 615, 620, 659], "summary": {"covered_lines": 123, "num_statements": 224, "percent_covered": 54.910714285714285, "percent_covered_display": "55", "missing_lines": 101, "excluded_lines": 25}, "missing_lines": [12, 22, 23, 621, 622, 623, 624, 626, 627, 628, 630, 631, 632, 633, 634, 635, 636, 637, 639, 640, 641, 642, 643, 644, 645, 647, 655, 656, 666, 667, 668, 669, 670, 671, 672, 674, 675, 680, 682, 683, 684, 685, 689, 690, 691, 692, 693, 694, 696, 697, 698, 699, 700, 701, 702, 703, 704, 705, 706, 708, 709, 710, 711, 712, 714, 719, 720, 721, 722, 724, 725, 726, 727, 728, 729, 730, 731, 732, 734, 735, 736, 737, 738, 741, 758, 759, 762, 763, 765, 766, 767, 768, 769, 770, 771, 772, 773, 774, 775, 777, 778], "excluded_lines": [24, 25, 26, 27, 28, 29, 31, 32, 33, 34, 36, 37, 38, 39, 41, 42, 43, 45, 46, 47, 48, 49, 50, 51, 52]}}}, "controllers\\price_buffer.py": {"executed_lines": [], "summary": {"covered_lines": 0, "num_statements": 93, "percent_covered": 0.0, "percent_covered_display": "0", "missing_lines": 93, "excluded_lines": 0}, "missing_lines": [1, 3, 4, 5, 6, 7, 10, 11, 12, 13, 14, 15, 16, 19, 25, 26, 27, 28, 29, 31, 32, 33, 35, 36, 37, 38, 39, 40, 41, 44, 46, 47, 48, 49, 50, 51, 53, 54, 55, 57, 60, 61, 62, 66, 67, 69, 70, 71, 72, 74, 75, 76, 77, 78, 79, 80, 81, 82, 84, 85, 86, 87, 88, 89, 90, 91, 92, 93, 94, 95, 96, 98, 99, 100, 101, 102, 103, 105, 106, 107, 108, 109, 110, 111, 112, 113, 114, 115, 116, 117, 119, 120, 121], "excluded_lines": [], "functions": {"MidPriceBuffer.__init__": {"executed_lines": [], "summary": {"covered_lines": 0, "num_statements": 4, "percent_covered": 0.0, "percent_covered_display": "0", "missing_lines": 4, "excluded_lines": 0}, "missing_lines": [26, 27, 28, 29], "excluded_lines": []}, "MidPriceBuffer.bars": {"executed_lines": [], "summary": {"covered_lines": 0, "num_statements": 1, "percent_covered": 0.0, "percent_covered_display": "0", "missing_lines": 1, "excluded_lines": 0}, "missing_lines": [33], "excluded_lines": []}, "MidPriceBuffer.add_sample": {"executed_lines": [], "summary": {"covered_lines": 0, "num_statements": 20, "percent_covered": 0.0, "percent_covered_display": "0", "missing_lines": 20, "excluded_lines": 0}, "missing_lines": [36, 37, 38, 39, 40, 41, 44, 46, 47, 48, 49, 50, 51, 53, 54, 55, 57, 60, 61, 62], "excluded_lines": []}, "MidPriceBuffer.ready": {"executed_lines": [], "summary": {"covered_lines": 0, "num_statements": 1, "percent_covered": 0.0, "percent_covered_display": "0", "missing_lines": 1, "excluded_lines": 0}, "missing_lines": [67], "excluded_lines": []}, "MidPriceBuffer.latest_close": {"executed_lines": [], "summary": {"covered_lines": 0, "num_statements": 3, "percent_covered": 0.0, "percent_covered_display": "0", "missing_lines": 3, "excluded_lines": 0}, "missing_lines": [70, 71, 72], "excluded_lines": []}, "MidPriceBuffer.ema": {"executed_lines": [], "summary": {"covered_lines": 0, "num_statements": 8, "percent_covered": 0.0, "percent_covered_display": "0", "missing_lines": 8, "excluded_lines": 0}, "missing_lines": [75, 76, 77, 78, 79, 80, 81, 82], "excluded_lines": []}, "MidPriceBuffer.atr": {"executed_lines": [], "summary": {"covered_lines": 0, "num_statements": 12, "percent_covered": 0.0, "percent_covered_display": "0", "missing_lines": 12, "excluded_lines": 0}, "missing_lines": [85, 86, 87, 88, 89, 90, 91, 92, 93, 94, 95, 96], "excluded_lines": []}, "MidPriceBuffer.band_pct": {"executed_lines": [], "summary": {"covered_lines": 0, "num_statements": 5, "percent_covered": 0.0, "percent_covered_display": "0", "missing_lines": 5, "excluded_lines": 0}, "missing_lines": [99, 100, 101, 102, 103], "excluded_lines": []}, "MidPriceBuffer.adverse_drift_30s": {"executed_lines": [], "summary": {"covered_lines": 0, "num_statements": 12, "percent_covered": 0.0, "percent_covered_display": "0", "missing_lines": 12, "excluded_lines": 0}, "missing_lines": [106, 107, 108, 109, 110, 111, 112, 113, 114, 115, 116, 117], "excluded_lines": []}, "MidPriceBuffer.minute_iso": {"executed_lines": [], "summary": {"covered_lines": 0, "num_statements": 1, "percent_covered": 0.0, "percent_covered_display": "0", "missing_lines": 1, "excluded_lines": 0}, "missing_lines": [121], "excluded_lines": []}, "": {"executed_lines": [], "summary": {"covered_lines": 0, "num_statements": 26, "percent_covered": 0.0, "percent_covered_display": "0", "missing_lines": 26, "excluded_lines": 0}, "missing_lines": [1, 3, 4, 5, 6, 7, 10, 11, 12, 13, 14, 15, 16, 19, 25, 31, 32, 35, 66, 69, 74, 84, 98, 105, 119, 120], "excluded_lines": []}}, "classes": {"MinuteBar": {"executed_lines": [], "summary": {"covered_lines": 0, "num_statements": 0, "percent_covered": 100.0, "percent_covered_display": "100", "missing_lines": 0, "excluded_lines": 0}, "missing_lines": [], "excluded_lines": []}, "MidPriceBuffer": {"executed_lines": [], "summary": {"covered_lines": 0, "num_statements": 67, "percent_covered": 0.0, "percent_covered_display": "0", "missing_lines": 67, "excluded_lines": 0}, "missing_lines": [26, 27, 28, 29, 33, 36, 37, 38, 39, 40, 41, 44, 46, 47, 48, 49, 50, 51, 53, 54, 55, 57, 60, 61, 62, 67, 70, 71, 72, 75, 76, 77, 78, 79, 80, 81, 82, 85, 86, 87, 88, 89, 90, 91, 92, 93, 94, 95, 96, 99, 100, 101, 102, 103, 106, 107, 108, 109, 110, 111, 112, 113, 114, 115, 116, 117, 121], "excluded_lines": []}, "": {"executed_lines": [], "summary": {"covered_lines": 0, "num_statements": 26, "percent_covered": 0.0, "percent_covered_display": "0", "missing_lines": 26, "excluded_lines": 0}, "missing_lines": [1, 3, 4, 5, 6, 7, 10, 11, 12, 13, 14, 15, 16, 19, 25, 31, 32, 35, 66, 69, 74, 84, 98, 105, 119, 120], "excluded_lines": []}}}, "services\\__init__.py": {"executed_lines": [1], "summary": {"covered_lines": 0, "num_statements": 0, "percent_covered": 100.0, "percent_covered_display": "100", "missing_lines": 0, "excluded_lines": 0}, "missing_lines": [], "excluded_lines": [], "functions": {"": {"executed_lines": [1], "summary": {"covered_lines": 0, "num_statements": 0, "percent_covered": 100.0, "percent_covered_display": "100", "missing_lines": 0, "excluded_lines": 0}, "missing_lines": [], "excluded_lines": []}}, "classes": {"": {"executed_lines": [1], "summary": {"covered_lines": 0, "num_statements": 0, "percent_covered": 100.0, "percent_covered_display": "100", "missing_lines": 0, "excluded_lines": 0}, "missing_lines": [], "excluded_lines": []}}}, "services\\bot_metrics_exporter.py": {"executed_lines": [], "summary": {"covered_lines": 0, "num_statements": 188, "percent_covered": 0.0, "percent_covered_display": "0", "missing_lines": 188, "excluded_lines": 0}, "missing_lines": [1, 3, 4, 5, 6, 7, 8, 9, 12, 13, 14, 15, 16, 17, 18, 19, 22, 23, 24, 25, 26, 27, 28, 31, 32, 33, 34, 35, 36, 37, 40, 41, 44, 45, 46, 47, 48, 51, 52, 53, 54, 55, 56, 57, 58, 59, 60, 61, 62, 63, 64, 65, 66, 67, 68, 69, 70, 71, 72, 73, 74, 75, 76, 77, 78, 79, 82, 83, 84, 85, 87, 88, 89, 90, 91, 92, 93, 94, 95, 96, 97, 99, 100, 131, 133, 134, 135, 136, 186, 187, 194, 195, 196, 197, 198, 199, 200, 201, 202, 203, 204, 205, 206, 207, 208, 209, 210, 211, 212, 213, 214, 215, 216, 217, 218, 219, 220, 221, 222, 223, 224, 225, 227, 228, 229, 230, 231, 232, 233, 234, 235, 236, 237, 238, 240, 241, 242, 243, 244, 245, 246, 247, 248, 249, 250, 251, 253, 254, 255, 256, 257, 258, 259, 260, 261, 262, 263, 264, 267, 268, 269, 271, 272, 273, 274, 275, 276, 277, 278, 279, 280, 281, 282, 284, 285, 288, 289, 290, 291, 292, 294, 295, 296, 298, 299, 300, 303, 304], "excluded_lines": [], "functions": {"_env_int": {"executed_lines": [], "summary": {"covered_lines": 0, "num_statements": 7, "percent_covered": 0.0, "percent_covered_display": "0", "missing_lines": 7, "excluded_lines": 0}, "missing_lines": [13, 14, 15, 16, 17, 18, 19], "excluded_lines": []}, "_safe_float": {"executed_lines": [], "summary": {"covered_lines": 0, "num_statements": 6, "percent_covered": 0.0, "percent_covered_display": "0", "missing_lines": 6, "excluded_lines": 0}, "missing_lines": [23, 24, 25, 26, 27, 28], "excluded_lines": []}, "_safe_iso_ts_to_epoch": {"executed_lines": [], "summary": {"covered_lines": 0, "num_statements": 6, "percent_covered": 0.0, "percent_covered_display": "0", "missing_lines": 6, "excluded_lines": 0}, "missing_lines": [32, 33, 34, 35, 36, 37], "excluded_lines": []}, "_escape_label": {"executed_lines": [], "summary": {"covered_lines": 0, "num_statements": 1, "percent_covered": 0.0, "percent_covered_display": "0", "missing_lines": 1, "excluded_lines": 0}, "missing_lines": [41], "excluded_lines": []}, "_fmt_labels": {"executed_lines": [], "summary": {"covered_lines": 0, "num_statements": 4, "percent_covered": 0.0, "percent_covered_display": "0", "missing_lines": 4, "excluded_lines": 0}, "missing_lines": [45, 46, 47, 48], "excluded_lines": []}, "BotMetricsExporter.__init__": {"executed_lines": [], "summary": {"covered_lines": 0, "num_statements": 2, "percent_covered": 0.0, "percent_covered_display": "0", "missing_lines": 2, "excluded_lines": 0}, "missing_lines": [84, 85], "excluded_lines": []}, "BotMetricsExporter.collect": {"executed_lines": [], "summary": {"covered_lines": 0, "num_statements": 13, "percent_covered": 0.0, "percent_covered_display": "0", "missing_lines": 13, "excluded_lines": 0}, "missing_lines": [88, 89, 90, 91, 92, 93, 94, 95, 96, 97, 99, 100, 131], "excluded_lines": []}, "BotMetricsExporter.render_prometheus": {"executed_lines": [], "summary": {"covered_lines": 0, "num_statements": 37, "percent_covered": 0.0, "percent_covered_display": "0", "missing_lines": 37, "excluded_lines": 0}, "missing_lines": [134, 135, 136, 186, 187, 194, 195, 196, 197, 198, 199, 200, 201, 202, 203, 204, 205, 206, 207, 208, 209, 210, 211, 212, 213, 214, 215, 216, 217, 218, 219, 220, 221, 222, 223, 224, 225], "excluded_lines": []}, "BotMetricsExporter._read_last_csv_row": {"executed_lines": [], "summary": {"covered_lines": 0, "num_statements": 11, "percent_covered": 0.0, "percent_covered_display": "0", "missing_lines": 11, "excluded_lines": 0}, "missing_lines": [228, 229, 230, 231, 232, 233, 234, 235, 236, 237, 238], "excluded_lines": []}, "BotMetricsExporter._count_csv_rows": {"executed_lines": [], "summary": {"covered_lines": 0, "num_statements": 11, "percent_covered": 0.0, "percent_covered_display": "0", "missing_lines": 11, "excluded_lines": 0}, "missing_lines": [241, 242, 243, 244, 245, 246, 247, 248, 249, 250, 251], "excluded_lines": []}, "BotMetricsExporter._count_recent_error_lines": {"executed_lines": [], "summary": {"covered_lines": 0, "num_statements": 11, "percent_covered": 0.0, "percent_covered_display": "0", "missing_lines": 11, "excluded_lines": 0}, "missing_lines": [254, 255, 256, 257, 258, 259, 260, 261, 262, 263, 264], "excluded_lines": []}, "MetricsHandler.do_GET": {"executed_lines": [], "summary": {"covered_lines": 0, "num_statements": 11, "percent_covered": 0.0, "percent_covered_display": "0", "missing_lines": 11, "excluded_lines": 0}, "missing_lines": [272, 273, 274, 275, 276, 277, 278, 279, 280, 281, 282], "excluded_lines": []}, "MetricsHandler.log_message": {"executed_lines": [], "summary": {"covered_lines": 0, "num_statements": 1, "percent_covered": 0.0, "percent_covered_display": "0", "missing_lines": 1, "excluded_lines": 0}, "missing_lines": [285], "excluded_lines": []}, "main": {"executed_lines": [], "summary": {"covered_lines": 0, "num_statements": 10, "percent_covered": 0.0, "percent_covered_display": "0", "missing_lines": 10, "excluded_lines": 0}, "missing_lines": [289, 290, 291, 292, 294, 295, 296, 298, 299, 300], "excluded_lines": []}, "": {"executed_lines": [], "summary": {"covered_lines": 0, "num_statements": 57, "percent_covered": 0.0, "percent_covered_display": "0", "missing_lines": 57, "excluded_lines": 0}, "missing_lines": [1, 3, 4, 5, 6, 7, 8, 9, 12, 22, 31, 40, 44, 51, 52, 53, 54, 55, 56, 57, 58, 59, 60, 61, 62, 63, 64, 65, 66, 67, 68, 69, 70, 71, 72, 73, 74, 75, 76, 77, 78, 79, 82, 83, 87, 133, 227, 240, 253, 267, 268, 269, 271, 284, 288, 303, 304], "excluded_lines": []}}, "classes": {"BotSnapshot": {"executed_lines": [], "summary": {"covered_lines": 0, "num_statements": 0, "percent_covered": 100.0, "percent_covered_display": "100", "missing_lines": 0, "excluded_lines": 0}, "missing_lines": [], "excluded_lines": []}, "BotMetricsExporter": {"executed_lines": [], "summary": {"covered_lines": 0, "num_statements": 85, "percent_covered": 0.0, "percent_covered_display": "0", "missing_lines": 85, "excluded_lines": 0}, "missing_lines": [84, 85, 88, 89, 90, 91, 92, 93, 94, 95, 96, 97, 99, 100, 131, 134, 135, 136, 186, 187, 194, 195, 196, 197, 198, 199, 200, 201, 202, 203, 204, 205, 206, 207, 208, 209, 210, 211, 212, 213, 214, 215, 216, 217, 218, 219, 220, 221, 222, 223, 224, 225, 228, 229, 230, 231, 232, 233, 234, 235, 236, 237, 238, 241, 242, 243, 244, 245, 246, 247, 248, 249, 250, 251, 254, 255, 256, 257, 258, 259, 260, 261, 262, 263, 264], "excluded_lines": []}, "MetricsHandler": {"executed_lines": [], "summary": {"covered_lines": 0, "num_statements": 12, "percent_covered": 0.0, "percent_covered_display": "0", "missing_lines": 12, "excluded_lines": 0}, "missing_lines": [272, 273, 274, 275, 276, 277, 278, 279, 280, 281, 282, 285], "excluded_lines": []}, "": {"executed_lines": [], "summary": {"covered_lines": 0, "num_statements": 91, "percent_covered": 0.0, "percent_covered_display": "0", "missing_lines": 91, "excluded_lines": 0}, "missing_lines": [1, 3, 4, 5, 6, 7, 8, 9, 12, 13, 14, 15, 16, 17, 18, 19, 22, 23, 24, 25, 26, 27, 28, 31, 32, 33, 34, 35, 36, 37, 40, 41, 44, 45, 46, 47, 48, 51, 52, 53, 54, 55, 56, 57, 58, 59, 60, 61, 62, 63, 64, 65, 66, 67, 68, 69, 70, 71, 72, 73, 74, 75, 76, 77, 78, 79, 82, 83, 87, 133, 227, 240, 253, 267, 268, 269, 271, 284, 288, 289, 290, 291, 292, 294, 295, 296, 298, 299, 300, 303, 304], "excluded_lines": []}}}, "services\\common\\__init__.py": {"executed_lines": [1], "summary": {"covered_lines": 0, "num_statements": 0, "percent_covered": 100.0, "percent_covered_display": "100", "missing_lines": 0, "excluded_lines": 0}, "missing_lines": [], "excluded_lines": [], "functions": {"": {"executed_lines": [], "summary": {"covered_lines": 0, "num_statements": 0, "percent_covered": 100.0, "percent_covered_display": "100", "missing_lines": 0, "excluded_lines": 0}, "missing_lines": [], "excluded_lines": []}}, "classes": {"": {"executed_lines": [], "summary": {"covered_lines": 0, "num_statements": 0, "percent_covered": 100.0, "percent_covered_display": "100", "missing_lines": 0, "excluded_lines": 0}, "missing_lines": [], "excluded_lines": []}}}, "services\\common\\exchange_profiles.py": {"executed_lines": [], "summary": {"covered_lines": 0, "num_statements": 25, "percent_covered": 0.0, "percent_covered_display": "0", "missing_lines": 25, "excluded_lines": 0}, "missing_lines": [1, 3, 4, 5, 8, 33, 34, 35, 36, 37, 38, 39, 40, 41, 44, 45, 46, 47, 48, 49, 50, 51, 52, 53, 54], "excluded_lines": [], "functions": {"_load_profiles_file": {"executed_lines": [], "summary": {"covered_lines": 0, "num_statements": 8, "percent_covered": 0.0, "percent_covered_display": "0", "missing_lines": 8, "excluded_lines": 0}, "missing_lines": [34, 35, 36, 37, 38, 39, 40, 41], "excluded_lines": []}, "resolve_profile": {"executed_lines": [], "summary": {"covered_lines": 0, "num_statements": 10, "percent_covered": 0.0, "percent_covered_display": "0", "missing_lines": 10, "excluded_lines": 0}, "missing_lines": [45, 46, 47, 48, 49, 50, 51, 52, 53, 54], "excluded_lines": []}, "": {"executed_lines": [], "summary": {"covered_lines": 0, "num_statements": 7, "percent_covered": 0.0, "percent_covered_display": "0", "missing_lines": 7, "excluded_lines": 0}, "missing_lines": [1, 3, 4, 5, 8, 33, 44], "excluded_lines": []}}, "classes": {"": {"executed_lines": [], "summary": {"covered_lines": 0, "num_statements": 25, "percent_covered": 0.0, "percent_covered_display": "0", "missing_lines": 25, "excluded_lines": 0}, "missing_lines": [1, 3, 4, 5, 8, 33, 34, 35, 36, 37, 38, 39, 40, 41, 44, 45, 46, 47, 48, 49, 50, 51, 52, 53, 54], "excluded_lines": []}}}, "services\\common\\fee_provider.py": {"executed_lines": [], "summary": {"covered_lines": 0, "num_statements": 159, "percent_covered": 0.0, "percent_covered_display": "0", "missing_lines": 159, "excluded_lines": 0}, "missing_lines": [1, 3, 4, 5, 6, 7, 8, 9, 10, 11, 12, 13, 14, 17, 18, 21, 22, 23, 24, 25, 28, 29, 30, 31, 32, 33, 34, 36, 37, 38, 39, 40, 41, 42, 43, 44, 46, 47, 48, 49, 50, 51, 52, 53, 54, 55, 56, 57, 58, 59, 60, 61, 62, 63, 64, 65, 66, 67, 68, 69, 70, 71, 72, 73, 74, 76, 77, 78, 79, 80, 81, 82, 83, 84, 86, 87, 88, 89, 90, 91, 92, 93, 94, 95, 98, 107, 108, 109, 110, 111, 112, 113, 114, 115, 116, 117, 118, 119, 121, 122, 123, 124, 125, 126, 127, 128, 129, 131, 132, 133, 134, 135, 136, 137, 138, 139, 140, 141, 142, 143, 144, 145, 146, 147, 148, 149, 150, 151, 153, 154, 155, 156, 157, 158, 159, 160, 161, 162, 163, 164, 165, 166, 167, 168, 169, 170, 172, 177, 178, 179, 180, 181, 182, 183, 184, 185, 186, 187, 188], "excluded_lines": [], "functions": {"_d": {"executed_lines": [], "summary": {"covered_lines": 0, "num_statements": 1, "percent_covered": 0.0, "percent_covered_display": "0", "missing_lines": 1, "excluded_lines": 0}, "missing_lines": [18], "excluded_lines": []}, "FeeResolver._canonical_connector": {"executed_lines": [], "summary": {"covered_lines": 0, "num_stat
[...]
overed": 100.0, "percent_covered_display": "100", "missing_lines": 0, "excluded_lines": 0}, "missing_lines": [], "excluded_lines": []}}}, "services\\hb_bridge\\intent_consumer.py": {"executed_lines": [1, 3, 4, 6, 7, 12, 15, 16, 23, 24, 25, 26, 27, 28, 30, 31, 32, 34, 35, 36, 38, 39, 41, 42, 49, 50, 51, 52, 53, 54, 64, 65, 66, 67, 68, 73, 74, 75, 76, 77, 78, 80, 81, 82, 84], "summary": {"covered_lines": 45, "num_statements": 51, "percent_covered": 88.23529411764706, "percent_covered_display": "88", "missing_lines": 6, "excluded_lines": 0}, "missing_lines": [55, 56, 61, 62, 85, 90], "excluded_lines": [], "functions": {"HBIntentConsumer.__init__": {"executed_lines": [23, 24, 25, 26, 27, 28], "summary": {"covered_lines": 6, "num_statements": 6, "percent_covered": 100.0, "percent_covered_display": "100", "missing_lines": 0, "excluded_lines": 0}, "missing_lines": [], "excluded_lines": []}, "HBIntentConsumer._cleanup_seen": {"executed_lines": [31, 32], "summary": {"covered_lines": 2, "num_statements": 2, "percent_covered": 100.0, "percent_covered_display": "100", "missing_lines": 0, "excluded_lines": 0}, "missing_lines": [], "excluded_lines": []}, "HBIntentConsumer._is_seen": {"executed_lines": [35, 36], "summary": {"covered_lines": 2, "num_statements": 2, "percent_covered": 100.0, "percent_covered_display": "100", "missing_lines": 0, "excluded_lines": 0}, "missing_lines": [], "excluded_lines": []}, "HBIntentConsumer._mark_seen": {"executed_lines": [39], "summary": {"covered_lines": 1, "num_statements": 1, "percent_covered": 100.0, "percent_covered_display": "100", "missing_lines": 0, "excluded_lines": 0}, "missing_lines": [], "excluded_lines": []}, "HBIntentConsumer.poll": {"executed_lines": [42, 49, 50, 51, 52, 53, 54, 64, 65, 66, 67, 68, 73, 74, 75, 76, 77, 78], "summary": {"covered_lines": 18, "num_statements": 22, "percent_covered": 81.81818181818181, "percent_covered_display": "82", "missing_lines": 4, "excluded_lines": 0}, "missing_lines": [55, 56, 61, 62], "excluded_lines": []}, "HBIntentConsumer.ack": {"executed_lines": [81, 82], "summary": {"covered_lines": 2, "num_statements": 2, "percent_covered": 100.0, "percent_covered_display": "100", "missing_lines": 0, "excluded_lines": 0}, "missing_lines": [], "excluded_lines": []}, "HBIntentConsumer.reject": {"executed_lines": [], "summary": {"covered_lines": 0, "num_statements": 2, "percent_covered": 0.0, "percent_covered_display": "0", "missing_lines": 2, "excluded_lines": 0}, "missing_lines": [85, 90], "excluded_lines": []}, "": {"executed_lines": [1, 3, 4, 6, 7, 12, 15, 16, 30, 34, 38, 41, 80, 84], "summary": {"covered_lines": 14, "num_statements": 14, "percent_covered": 100.0, "percent_covered_display": "100", "missing_lines": 0, "excluded_lines": 0}, "missing_lines": [], "excluded_lines": []}}, "classes": {"HBIntentConsumer": {"executed_lines": [23, 24, 25, 26, 27, 28, 31, 32, 35, 36, 39, 42, 49, 50, 51, 52, 53, 54, 64, 65, 66, 67, 68, 73, 74, 75, 76, 77, 78, 81, 82], "summary": {"covered_lines": 31, "num_statements": 37, "percent_covered": 83.78378378378379, "percent_covered_display": "84", "missing_lines": 6, "excluded_lines": 0}, "missing_lines": [55, 56, 61, 62, 85, 90], "excluded_lines": []}, "": {"executed_lines": [1, 3, 4, 6, 7, 12, 15, 16, 30, 34, 38, 41, 80, 84], "summary": {"covered_lines": 14, "num_statements": 14, "percent_covered": 100.0, "percent_covered_display": "100", "missing_lines": 0, "excluded_lines": 0}, "missing_lines": [], "excluded_lines": []}}}, "services\\hb_bridge\\publisher.py": {"executed_lines": [], "summary": {"covered_lines": 0, "num_statements": 18, "percent_covered": 0.0, "percent_covered_display": "0", "missing_lines": 18, "excluded_lines": 0}, "missing_lines": [1, 3, 5, 6, 7, 10, 11, 12, 13, 15, 16, 17, 19, 20, 21, 27, 28, 29], "excluded_lines": [], "functions": {"HBEventPublisher.__init__": {"executed_lines": [], "summary": {"covered_lines": 0, "num_statements": 2, "percent_covered": 0.0, "percent_covered_display": "0", "missing_lines": 2, "excluded_lines": 0}, "missing_lines": [12, 13], "excluded_lines": []}, "HBEventPublisher.available": {"executed_lines": [], "summary": {"covered_lines": 0, "num_statements": 1, "percent_covered": 0.0, "percent_covered_display": "0", "missing_lines": 1, "excluded_lines": 0}, "missing_lines": [17], "excluded_lines": []}, "HBEventPublisher.publish_market_snapshot": {"executed_lines": [], "summary": {"covered_lines": 0, "num_statements": 2, "percent_covered": 0.0, "percent_covered_display": "0", "missing_lines": 2, "excluded_lines": 0}, "missing_lines": [20, 21], "excluded_lines": []}, "HBEventPublisher.publish_audit": {"executed_lines": [], "summary": {"covered_lines": 0, "num_statements": 2, "percent_covered": 0.0, "percent_covered_display": "0", "missing_lines": 2, "excluded_lines": 0}, "missing_lines": [28, 29], "excluded_lines": []}, "": {"executed_lines": [], "summary": {"covered_lines": 0, "num_statements": 11, "percent_covered": 0.0, "percent_covered_display": "0", "missing_lines": 11, "excluded_lines": 0}, "missing_lines": [1, 3, 5, 6, 7, 10, 11, 15, 16, 19, 27], "excluded_lines": []}}, "classes": {"HBEventPublisher": {"executed_lines": [], "summary": {"covered_lines": 0, "num_statements": 7, "percent_covered": 0.0, "percent_covered_display": "0", "missing_lines": 7, "excluded_lines": 0}, "missing_lines": [12, 13, 17, 20, 21, 28, 29], "excluded_lines": []}, "": {"executed_lines": [], "summary": {"covered_lines": 0, "num_statements": 11, "percent_covered": 0.0, "percent_covered_display": "0", "missing_lines": 11, "excluded_lines": 0}, "missing_lines": [1, 3, 5, 6, 7, 10, 11, 15, 16, 19, 27], "excluded_lines": []}}}, "services\\hb_bridge\\redis_client.py": {"executed_lines": [1, 3, 4, 5, 7, 8, 13, 14, 30, 31, 34, 42, 54, 63, 95], "summary": {"covered_lines": 15, "num_statements": 67, "percent_covered": 22.388059701492537, "percent_covered_display": "22", "missing_lines": 52, "excluded_lines": 2}, "missing_lines": [22, 23, 24, 25, 26, 27, 28, 32, 35, 36, 37, 38, 39, 40, 43, 44, 45, 46, 47, 48, 49, 50, 51, 52, 55, 56, 57, 58, 59, 61, 71, 72, 73, 74, 81, 82, 84, 85, 86, 87, 88, 89, 90, 91, 92, 93, 96, 97, 98, 99, 100, 101], "excluded_lines": [9, 10], "functions": {"RedisStreamClient.__init__": {"executed_lines": [], "summary": {"covered_lines": 0, "num_statements": 7, "percent_covered": 0.0, "percent_covered_display": "0", "missing_lines": 7, "excluded_lines": 0}, "missing_lines": [22, 23, 24, 25, 26, 27, 28], "excluded_lines": []}, "RedisStreamClient.enabled": {"executed_lines": [], "summary": {"covered_lines": 0, "num_statements": 1, "percent_covered": 0.0, "percent_covered_display": "0", "missing_lines": 1, "excluded_lines": 0}, "missing_lines": [32], "excluded_lines": []}, "RedisStreamClient.ping": {"executed_lines": [], "summary": {"covered_lines": 0, "num_statements": 6, "percent_covered": 0.0, "percent_covered_display": "0", "missing_lines": 6, "excluded_lines": 0}, "missing_lines": [35, 36, 37, 38, 39, 40], "excluded_lines": []}, "RedisStreamClient.xadd": {"executed_lines": [], "summary": {"covered_lines": 0, "num_statements": 10, "percent_covered": 0.0, "percent_covered_display": "0", "missing_lines": 10, "excluded_lines": 0}, "missing_lines": [43, 44, 45, 46, 47, 48, 49, 50, 51, 52], "excluded_lines": []}, "RedisStreamClient.create_group": {"executed_lines": [], "summary": {"covered_lines": 0, "num_statements": 6, "percent_covered": 0.0, "percent_covered_display": "0", "missing_lines": 6, "excluded_lines": 0}, "missing_lines": [55, 56, 57, 58, 59, 61], "excluded_lines": []}, "RedisStreamClient.read_group": {"executed_lines": [], "summary": {"covered_lines": 0, "num_statements": 16, "percent_covered": 0.0, "percent_covered_display": "0", "missing_lines": 16, "excluded_lines": 0}, "missing_lines": [71, 72, 73, 74, 81, 82, 84, 85, 86, 87, 88, 89, 90, 91, 92, 93], "excluded_lines": []}, "RedisStreamClient.ack": {"executed_lines": [], "summary": {"covered_lines": 0, "num_statements": 6, "percent_covered": 0.0, "percent_covered_display": "0", "missing_lines": 6, "excluded_lines": 0}, "missing_lines": [96, 97, 98, 99, 100, 101], "excluded_lines": []}, "": {"executed_lines": [1, 3, 4, 5, 7, 8, 13, 14, 30, 31, 34, 42, 54, 63, 95], "summary": {"covered_lines": 15, "num_statements": 15, "percent_covered": 100.0, "percent_covered_display": "100", "missing_lines": 0, "excluded_lines": 2}, "missing_lines": [], "excluded_lines": [9, 10]}}, "classes": {"RedisStreamClient": {"executed_lines": [], "summary": {"covered_lines": 0, "num_statements": 52, "percent_covered": 0.0, "percent_covered_display": "0", "missing_lines": 52, "excluded_lines": 0}, "missing_lines": [22, 23, 24, 25, 26, 27, 28, 32, 35, 36, 37, 38, 39, 40, 43, 44, 45, 46, 47, 48, 49, 50, 51, 52, 55, 56, 57, 58, 59, 61, 71, 72, 73, 74, 81, 82, 84, 85, 86, 87, 88, 89, 90, 91, 92, 93, 96, 97, 98, 99, 100, 101], "excluded_lines": []}, "": {"executed_lines": [1, 3, 4, 5, 7, 8, 13, 14, 30, 31, 34, 42, 54, 63, 95], "summary": {"covered_lines": 15, "num_statements": 15, "percent_covered": 100.0, "percent_covered_display": "100", "missing_lines": 0, "excluded_lines": 2}, "missing_lines": [], "excluded_lines": [9, 10]}}}, "services\\risk_service\\__init__.py": {"executed_lines": [1], "summary": {"covered_lines": 0, "num_statements": 0, "percent_covered": 100.0, "percent_covered_display": "100", "missing_lines": 0, "excluded_lines": 0}, "missing_lines": [], "excluded_lines": [], "functions": {"": {"executed_lines": [], "summary": {"covered_lines": 0, "num_statements": 0, "percent_covered": 100.0, "percent_covered_display": "100", "missing_lines": 0, "excluded_lines": 0}, "missing_lines": [], "excluded_lines": []}}, "classes": {"": {"executed_lines": [], "summary": {"covered_lines": 0, "num_statements": 0, "percent_covered": 100.0, "percent_covered_display": "100", "missing_lines": 0, "excluded_lines": 0}, "missing_lines": [], "excluded_lines": []}}}, "services\\risk_service\\main.py": {"executed_lines": [1, 3, 4, 6, 7, 8, 15, 18, 24, 25, 26, 27, 28, 29, 31, 32, 33, 36, 121], "summary": {"covered_lines": 19, "num_statements": 54, "percent_covered": 35.18518518518518, "percent_covered_display": "35", "missing_lines": 35, "excluded_lines": 0}, "missing_lines": [30, 37, 38, 39, 40, 41, 42, 43, 45, 52, 53, 54, 55, 58, 65, 66, 67, 68, 69, 70, 71, 72, 78, 95, 96, 97, 98, 99, 100, 101, 102, 112, 117, 118, 122], "excluded_lines": [], "functions": {"evaluate_ml_signal": {"executed_lines": [24, 25, 26, 27, 28, 29, 31, 32, 33], "summary": {"covered_lines": 9, "num_statements": 10, "percent_covered": 90.0, "percent_covered_display": "90", "missing_lines": 1, "excluded_lines": 0}, "missing_lines": [30], "excluded_lines": []}, "run": {"executed_lines": [], "summary": {"covered_lines": 0, "num_statements": 33, "percent_covered": 0.0, "percent_covered_display": "0", "missing_lines": 33, "excluded_lines": 0}, "missing_lines": [37, 38, 39, 40, 41, 42, 43, 45, 52, 53, 54, 55, 58, 65, 66, 67, 68, 69, 70, 71, 72, 78, 95, 96, 97, 98, 99, 100, 101, 102, 112, 117, 118], "excluded_lines": []}, "": {"executed_lines": [1, 3, 4, 6, 7, 8, 15, 18, 36, 121], "summary": {"covered_lines": 10, "num_statements": 11, "percent_covered": 90.9090909090909, "percent_covered_display": "91", "missing_lines": 1, "excluded_lines": 0}, "missing_lines": [122], "excluded_lines": []}}, "classes": {"": {"executed_lines": [1, 3, 4, 6, 7, 8, 15, 18, 24, 25, 26, 27, 28, 29, 31, 32, 33, 36, 121], "summary": {"covered_lines": 19, "num_statements": 54, "percent_covered": 35.18518518518518, "percent_covered_display": "35", "missing_lines": 35, "excluded_lines": 0}, "missing_lines": [30, 37, 38, 39, 40, 41, 42, 43, 45, 52, 53, 54, 55, 58, 65, 66, 67, 68, 69, 70, 71, 72, 78, 95, 96, 97, 98, 99, 100, 101, 102, 112, 117, 118, 122], "excluded_lines": []}}}, "services\\signal_service\\__init__.py": {"executed_lines": [1], "summary": {"covered_lines": 0, "num_statements": 0, "percent_covered": 100.0, "percent_covered_display": "100", "missing_lines": 0, "excluded_lines": 0}, "missing_lines": [], "excluded_lines": [], "functions": {"": {"executed_lines": [], "summary": {"covered_lines": 0, "num_statements": 0, "percent_covered": 100.0, "percent_covered_display": "100", "missing_lines": 0, "excluded_lines": 0}, "missing_lines": [], "excluded_lines": []}}, "classes": {"": {"executed_lines": [], "summary": {"covered_lines": 0, "num_statements": 0, "percent_covered": 100.0, "percent_covered_display": "100", "missing_lines": 0, "excluded_lines": 0}, "missing_lines": [], "excluded_lines": []}}}, "services\\signal_service\\feature_builder.py": {"executed_lines": [1, 3, 4, 5, 7, 10, 11, 13, 23, 24, 25, 26], "summary": {"covered_lines": 12, "num_statements": 13, "percent_covered": 92.3076923076923, "percent_covered_display": "92", "missing_lines": 1, "excluded_lines": 0}, "missing_lines": [12], "excluded_lines": [], "functions": {"build_features": {"executed_lines": [11, 13, 23, 24, 25, 26], "summary": {"covered_lines": 6, "num_statements": 7, "percent_covered": 85.71428571428571, "percent_covered_display": "86", "missing_lines": 1, "excluded_lines": 0}, "missing_lines": [12], "excluded_lines": []}, "": {"executed_lines": [1, 3, 4, 5, 7, 10], "summary": {"covered_lines": 6, "num_statements": 6, "percent_covered": 100.0, "percent_covered_display": "100", "missing_lines": 0, "excluded_lines": 0}, "missing_lines": [], "excluded_lines": []}}, "classes": {"": {"executed_lines": [1, 3, 4, 5, 7, 10, 11, 13, 23, 24, 25, 26], "summary": {"covered_lines": 12, "num_statements": 13, "percent_covered": 92.3076923076923, "percent_covered_display": "92", "missing_lines": 1, "excluded_lines": 0}, "missing_lines": [12], "excluded_lines": []}}}, "services\\signal_service\\inference_engine.py": {"executed_lines": [], "summary": {"covered_lines": 0, "num_statements": 33, "percent_covered": 0.0, "percent_covered_display": "0", "missing_lines": 33, "excluded_lines": 0}, "missing_lines": [1, 3, 4, 6, 9, 10, 11, 12, 13, 15, 16, 17, 18, 19, 20, 21, 22, 23, 25, 26, 28, 29, 30, 31, 32, 33, 34, 35, 37, 39, 41, 42, 43], "excluded_lines": [], "functions": {"run_inference": {"executed_lines": [], "summary": {"covered_lines": 0, "num_statements": 28, "percent_covered": 0.0, "percent_covered_display": "0", "missing_lines": 28, "excluded_lines": 0}, "missing_lines": [10, 11, 12, 13, 15, 16, 17, 18, 19, 20, 21, 22, 23, 25, 26, 28, 29, 30, 31, 32, 33, 34, 35, 37, 39, 41, 42, 43], "excluded_lines": []}, "": {"executed_lines": [], "summary": {"covered_lines": 0, "num_statements": 5, "percent_covered": 0.0, "percent_covered_display": "0", "missing_lines": 5, "excluded_lines": 0}, "missing_lines": [1, 3, 4, 6, 9], "excluded_lines": []}}, "classes": {"": {"executed_lines": [], "summary": {"covered_lines": 0, "num_statements": 33, "percent_covered": 0.0, "percent_covered_display": "0", "missing_lines": 33, "excluded_lines": 0}, "missing_lines": [1, 3, 4, 6, 9, 10, 11, 12, 13, 15, 16, 17, 18, 19, 20, 21, 22, 23, 25, 26, 28, 29, 30, 31, 32, 33, 34, 35, 37, 39, 41, 42, 43], "excluded_lines": []}}}, "services\\signal_service\\main.py": {"executed_lines": [], "summary": {"covered_lines": 0, "num_statements": 59, "percent_covered": 0.0, "percent_covered_display": "0", "missing_lines": 59, "excluded_lines": 0}, "missing_lines": [1, 3, 4, 6, 7, 8, 15, 16, 17, 18, 21, 22, 23, 24, 31, 32, 33, 34, 35, 36, 37, 38, 39, 40, 41, 42, 43, 45, 46, 49, 50, 51, 57, 58, 59, 60, 62, 69, 70, 71, 72, 73, 74, 76, 77, 78, 79, 80, 81, 98, 103, 104, 106, 107, 116, 121, 122, 125, 126], "excluded_lines": [], "functions": {"run": {"executed_lines": [], "summary": {"covered_lines": 0, "num_statements": 46, "percent_covered": 0.0, "percent_covered_display": "0", "missing_lines": 46, "excluded_lines": 0}, "missing_lines": [22, 23, 24, 31, 32, 33, 34, 35, 36, 37, 38, 39, 40, 41, 42, 43, 45, 46, 49, 50, 51, 57, 58, 59, 60, 62, 69, 70, 71, 72, 73, 74, 76, 77, 78, 79, 80, 81, 98, 103, 104, 106, 107, 116, 121, 122], "excluded_lines": []}, "": {"executed_lines": [], "summary": {"covered_lines": 0, "num_statements": 13, "percent_covered": 0.0, "percent_covered_display": "0", "missing_lines": 13, "excluded_lines": 0}, "missing_lines": [1, 3, 4, 6, 7, 8, 15, 16, 17, 18, 21, 125, 126], "excluded_lines": []}}, "classes": {"": {"executed_lines": [], "summary": {"covered_lines": 0, "num_statements": 59, "percent_covered": 0.0, "percent_covered_display": "0", "missing_lines": 59, "excluded_lines": 0}, "missing_lines": [1, 3, 4, 6, 7, 8, 15, 16, 17, 18, 21, 22, 23, 24, 31, 32, 33, 34, 35, 36, 37, 38, 39, 40, 41, 42, 43, 45, 46, 49, 50, 51, 57, 58, 59, 60, 62, 69, 70, 71, 72, 73, 74, 76, 77, 78, 79, 80, 81, 98, 103, 104, 106, 107, 116, 121, 122, 125, 126], "excluded_lines": []}}}, "services\\signal_service\\model_loader.py": {"executed_lines": [1, 3, 4, 5, 6, 7, 8, 10, 11, 15, 16, 21, 22, 23, 24, 25, 26, 27, 28, 31, 42, 59, 60, 62, 64, 67, 68, 70, 71, 72, 73, 76, 82, 83, 84, 86, 87, 89, 90, 91, 100, 101, 102, 103, 104, 105], "summary": {"covered_lines": 46, "num_statements": 70, "percent_covered": 65.71428571428571, "percent_covered_display": "66", "missing_lines": 24, "excluded_lines": 6}, "missing_lines": [32, 33, 34, 35, 36, 37, 38, 39, 44, 45, 48, 49, 50, 51, 52, 53, 54, 55, 56, 61, 63, 69, 88, 114], "excluded_lines": [12, 13, 17, 18, 46, 47], "functions": {"_download_http_to_temp": {"executed_lines": [], "summary": {"covered_lines": 0, "num_statements": 8, "percent_covered": 0.0, "percent_covered_display": "0", "missing_lines": 8, "excluded_lines": 0}, "missing_lines": [32, 33, 34, 35, 36, 37, 38, 39], "excluded_lines": []}, "_download_s3_to_temp": {"executed_lines": [], "summary": {"covered_lines": 0, "num_statements": 11, "percent_covered": 0.0, "percent_covered_display": "0", "missing_lines": 11, "excluded_lines": 2}, "missing_lines": [44, 45, 48, 49, 50, 51, 52, 53, 54, 55, 56], "excluded_lines": [46, 47]}, "_resolve_model_path": {"executed_lines": [60, 62, 64], "summary": {"covered_lines": 3, "num_statements": 5, "percent_covered": 60.0, "percent_covered_display": "60", "missing_lines": 2, "excluded_lines": 0}, "missing_lines": [61, 63], "excluded_lines": []}, "_load_custom_class": {"executed_lines": [68, 70, 71, 72, 73], "summary": {"covered_lines": 5, "num_statements": 6, "percent_covered": 83.33333333333333, "percent_covered_display": "83", "missing_lines": 1, "excluded_lines": 0}, "missing_lines": [69], "excluded_lines": []}, "load_model": {"executed_lines": [82, 83, 84, 86, 87, 89, 90, 91, 100, 101, 102, 103, 104, 105], "summary": {"covered_lines": 14, "num_statements": 16, "percent_covered": 87.5, "percent_covered_display": "88", "missing_lines": 2, "excluded_lines": 0}, "missing_lines": [88, 114], "excluded_lines": []}, "": {"executed_lines": [1, 3, 4, 5, 6, 7, 8, 10, 11, 15, 16, 21, 22, 23, 24, 25, 26, 27, 28, 31, 42, 59, 67, 76], "summary": {"covered_lines": 24, "num_statements": 24, "percent_covered": 100.0, "percent_covered_display": "100", "missing_lines": 0, "excluded_lines": 4}, "missing_lines": [], "excluded_lines": [12, 13, 17, 18]}}, "classes": {"LoadedModel": {"executed_lines": [], "summary": {"covered_lines": 0, "num_statements": 0, "percent_covered": 100.0, "percent_covered_display": "100", "missing_lines": 0, "excluded_lines": 0}, "missing_lines": [], "excluded_lines": []}, "": {"executed_lines": [1, 3, 4, 5, 6, 7, 8, 10, 11, 15, 16, 21, 22, 23, 24, 25, 26, 27, 28, 31, 42, 59, 60, 62, 64, 67, 68, 70, 71, 72, 73, 76, 82, 83, 84, 86, 87, 89, 90, 91, 100, 101, 102, 103, 104, 105], "summary": {"covered_lines": 46, "num_statements": 70, "percent_covered": 65.71428571428571, "percent_covered_display": "66", "missing_lines": 24, "excluded_lines": 6}, "missing_lines": [32, 33, 34, 35, 36, 37, 38, 39, 44, 45, 48, 49, 50, 51, 52, 53, 54, 55, 56, 61, 63, 69, 88, 114], "excluded_lines": [12, 13, 17, 18, 46, 47]}}}}, "totals": {"covered_lines": 549, "num_statements": 2782, "percent_covered": 19.734004313443567, "percent_covered_display": "20", "missing_lines": 2233, "excluded_lines": 33}}