{"meta": {"format": 3, "version": "7.10.7", "timestamp": "2026-02-23T21:33:47.009934", "branch_coverage": false, "show_contexts": false}, "files": {"controllers\\__init__.py": {"executed_lines": [1], "summary": {"covered_lines": 0, "num_statements": 0, "percent_covered": 100.0, "percent_covered_display": "100", "missing_lines": 0, "excluded_lines": 0}, "missing_lines": [], "excluded_lines": [], "functions": {"": {"executed_lines": [1], "summary": {"covered_lines": 0, "num_statements": 0, "percent_covered": 100.0, "percent_covered_display": "100", "missing_lines": 0, "excluded_lines": 0}, "missing_lines": [], "excluded_lines": []}}, "classes": {"": {"executed_lines": [1], "summary": {"covered_lines": 0, "num_statements": 0, "percent_covered": 100.0, "percent_covered_display": "100", "missing_lines": 0, "excluded_lines": 0}, "missing_lines": [], "excluded_lines": []}}}, "controllers\\connector_runtime_adapter.py": {"executed_lines": [], "summary": {"covered_lines": 0, "num_statements": 120, "percent_covered": 0.0, "percent_covered_display": "0", "missing_lines": 120, "excluded_lines": 0}, "missing_lines": [1, 3, 4, 5, 7, 9, 11, 13, 14, 17, 24, 25, 26, 27, 28, 29, 31, 32, 33, 35, 36, 37, 39, 41, 42, 43, 44, 45, 46, 47, 48, 49, 50, 51, 52, 53, 54, 56, 57, 58, 59, 61, 62, 63, 64, 65, 66, 67, 68, 69, 70, 72, 73, 74, 75, 76, 77, 78, 79, 80, 87, 88, 89, 91, 92, 93, 94, 95, 96, 97, 98, 99, 100, 101, 102, 103, 104, 105, 107, 108, 109, 110, 111, 112, 113, 114, 115, 116, 117, 118, 119, 120, 121, 122, 123, 124, 125, 127, 128, 129, 130, 131, 132, 133, 134, 135, 137, 138, 139, 140, 141, 142, 143, 144, 145, 146, 148, 150, 151, 152], "excluded_lines": [], "functions": {"ConnectorRuntimeAdapter.__init__": {"executed_lines": [], "summary": {"covered_lines": 0, "num_statements": 5, "percent_covered": 0.0, "percent_covered_display": "0", "missing_lines": 5, "excluded_lines": 0}, "missing_lines": [25, 26, 27, 28, 29], "excluded_lines": []}, "ConnectorRuntimeAdapter.connector_name": {"executed_lines": [], "summary": {"covered_lines": 0, "num_statements": 1, "percent_covered": 0.0, "percent_covered_display": "0", "missing_lines": 1, "excluded_lines": 0}, "missing_lines": [33], "excluded_lines": []}, "ConnectorRuntimeAdapter.trading_pair": {"executed_lines": [], "summary": {"covered_lines": 0, "num_statements": 1, "percent_covered": 0.0, "percent_covered_display": "0", "missing_lines": 1, "excluded_lines": 0}, "missing_lines": [37], "excluded_lines": []}, "ConnectorRuntimeAdapter.refresh_connector_cache": {"executed_lines": [], "summary": {"covered_lines": 0, "num_statements": 14, "percent_covered": 0.0, "percent_covered_display": "0", "missing_lines": 14, "excluded_lines": 0}, "missing_lines": [41, 42, 43, 44, 45, 46, 47, 48, 49, 50, 51, 52, 53, 54], "excluded_lines": []}, "ConnectorRuntimeAdapter.get_connector": {"executed_lines": [], "summary": {"covered_lines": 0, "num_statements": 3, "percent_covered": 0.0, "percent_covered_display": "0", "missing_lines": 3, "excluded_lines": 0}, "missing_lines": [57, 58, 59], "excluded_lines": []}, "ConnectorRuntimeAdapter.get_trading_rule": {"executed_lines": [], "summary": {"covered_lines": 0, "num_statements": 9, "percent_covered": 0.0, "percent_covered_display": "0", "missing_lines": 9, "excluded_lines": 0}, "missing_lines": [62, 63, 64, 65, 66, 67, 68, 69, 70], "excluded_lines": []}, "ConnectorRuntimeAdapter.get_mid_price": {"executed_lines": [], "summary": {"covered_lines": 0, "num_statements": 11, "percent_covered": 0.0, "percent_covered_display": "0", "missing_lines": 11, "excluded_lines": 0}, "missing_lines": [73, 74, 75, 76, 77, 78, 79, 80, 87, 88, 89], "excluded_lines": []}, "ConnectorRuntimeAdapter.get_balances": {"executed_lines": [], "summary": {"covered_lines": 0, "num_statements": 14, "percent_covered": 0.0, "percent_covered_display": "0", "missing_lines": 14, "excluded_lines": 0}, "missing_lines": [92, 93, 94, 95, 96, 97, 98, 99, 100, 101, 102, 103, 104, 105], "excluded_lines": []}, "ConnectorRuntimeAdapter.balances_consistent": {"executed_lines": [], "summary": {"covered_lines": 0, "num_statements": 18, "percent_covered": 0.0, "percent_covered_display": "0", "missing_lines": 18, "excluded_lines": 0}, "missing_lines": [108, 109, 110, 111, 112, 113, 114, 115, 116, 117, 118, 119, 120, 121, 122, 123, 124, 125], "excluded_lines": []}, "ConnectorRuntimeAdapter.status_dict": {"executed_lines": [], "summary": {"covered_lines": 0, "num_statements": 8, "percent_covered": 0.0, "percent_covered_display": "0", "missing_lines": 8, "excluded_lines": 0}, "missing_lines": [128, 129, 130, 131, 132, 133, 134, 135], "excluded_lines": []}, "ConnectorRuntimeAdapter.ready": {"executed_lines": [], "summary": {"covered_lines": 0, "num_statements": 9, "percent_covered": 0.0, "percent_covered_display": "0", "missing_lines": 9, "excluded_lines": 0}, "missing_lines": [138, 139, 140, 141, 142, 143, 144, 145, 146], "excluded_lines": []}, "ConnectorRuntimeAdapter.status_summary": {"executed_lines": [], "summary": {"covered_lines": 0, "num_statements": 3, "percent_covered": 0.0, "percent_covered_display": "0", "missing_lines": 3, "excluded_lines": 0}, "missing_lines": [150, 151, 152], "excluded_lines": []}, "": {"executed_lines": [], "summary": {"covered_lines": 0, "num_statements": 24, "percent_covered": 0.0, "percent_covered_display": "0", "missing_lines": 24, "excluded_lines": 0}, "missing_lines": [1, 3, 4, 5, 7, 9, 11, 13, 14, 17, 24, 31, 32, 35, 36, 39, 56, 61, 72, 91, 107, 127, 137, 148], "excluded_lines": []}}, "classes": {"ConnectorRuntimeAdapter": {"executed_lines": [], "summary": {"covered_lines": 0, "num_statements": 96, "percent_covered": 0.0, "percent_covered_display": "0", "missing_lines": 96, "excluded_lines": 0}, "missing_lines": [25, 26, 27, 28, 29, 33, 37, 41, 42, 43, 44, 45, 46, 47, 48, 49, 50, 51, 52, 53, 54, 57, 58, 59, 62, 63, 64, 65, 66, 67, 68, 69, 70, 73, 74, 75, 76, 77, 78, 79, 80, 87, 88, 89, 92, 93, 94, 95, 96, 97, 98, 99, 100, 101, 102, 103, 104, 105, 108, 109, 110, 111, 112, 113, 114, 115, 116, 117, 118, 119, 120, 121, 122, 123, 124, 125, 128, 129, 130, 131, 132, 133, 134, 135, 138, 139, 140, 141, 142, 143, 144, 145, 146, 150, 151, 152], "excluded_lines": []}, "": {"executed_lines": [], "summary": {"covered_lines": 0, "num_statements": 24, "percent_covered": 0.0, "percent_covered_display": "0", "missing_lines": 24, "excluded_lines": 0}, "missing_lines": [1, 3, 4, 5, 7, 9, 11, 13, 14, 17, 24, 31, 32, 35, 36, 39, 56, 61, 72, 91, 107, 127, 137, 148], "excluded_lines": []}}}, "controllers\\directional_trading\\__init__.py": {"executed_lines": [], "summary": {"covered_lines": 0, "num_statements": 0, "percent_covered": 100.0, "percent_covered_display": "100", "missing_lines": 0, "excluded_lines": 0}, "missing_lines": [], "excluded_lines": [], "functions": {"": {"executed_lines": [], "summary": {"covered_lines": 0, "num_statements": 0, "percent_covered": 100.0, "percent_covered_display": "100", "missing_lines": 0, "excluded_lines": 0}, "missing_lines": [], "excluded_lines": []}}, "classes": {"": {"executed_lines": [], "summary": {"covered_lines": 0, "num_statements": 0, "percent_covered": 100.0, "percent_covered_display": "100", "missing_lines": 0, "excluded_lines": 0}, "missing_lines": [], "excluded_lines": []}}}, "controllers\\epp_logging.py": {"executed_lines": [], "summary": {"covered_lines": 0, "num_statements": 109, "percent_covered": 0.0, "percent_covered_display": "0", "missing_lines": 109, "excluded_lines": 0}, "missing_lines": [7, 9, 10, 11, 12, 13, 14, 15, 17, 20, 23, 24, 25, 26, 27, 28, 29, 30, 31, 32, 34, 35, 36, 37, 38, 39, 40, 41, 42, 43, 44, 46, 47, 48, 50, 51, 52, 53, 54, 55, 56, 57, 58, 60, 61, 62, 63, 65, 66, 67, 68, 69, 70, 71, 74, 75, 76, 77, 78, 80, 81, 82, 83, 84, 85, 86, 87, 88, 89, 91, 92, 93, 94, 95, 96, 97, 98, 101, 102, 110, 111, 112, 113, 114, 119, 120, 122, 123, 124, 126, 127, 128, 130, 131, 132, 134, 135, 137, 138, 139, 158, 160, 161, 162, 197, 199, 200, 201, 215], "excluded_lines": [], "functions": {"_CsvBuffer.__init__": {"executed_lines": [], "summary": {"covered_lines": 0, "num_statements": 9, "percent_covered": 0.0, "percent_covered_display": "0", "missing_lines": 9, "excluded_lines": 0}, "missing_lines": [24, 25, 26, 27, 28, 29, 30, 31, 32], "excluded_lines": []}, "_CsvBuffer.write": {"executed_lines": [], "summary": {"covered_lines": 0, "num_statements": 10, "percent_covered": 0.0, "percent_covered_display": "0", "missing_lines": 10, "excluded_lines": 0}, "missing_lines": [35, 36, 37, 38, 39, 40, 41, 42, 43, 44], "excluded_lines": []}, "_CsvBuffer.flush": {"executed_lines": [], "summary": {"covered_lines": 0, "num_statements": 2, "percent_covered": 0.0, "percent_covered_display": "0", "missing_lines": 2, "excluded_lines": 0}, "missing_lines": [47, 48], "excluded_lines": []}, "_CsvBuffer.close": {"executed_lines": [], "summary": {"covered_lines": 0, "num_statements": 8, "percent_covered": 0.0, "percent_covered_display": "0", "missing_lines": 8, "excluded_lines": 0}, "missing_lines": [51, 52, 53, 54, 55, 56, 57, 58], "excluded_lines": []}, "_CsvBuffer._open": {"executed_lines": [], "summary": {"covered_lines": 0, "num_statements": 25, "percent_covered": 0.0, "percent_covered_display": "0", "missing_lines": 25, "excluded_lines": 0}, "missing_lines": [61, 62, 63, 65, 66, 67, 68, 69, 70, 71, 74, 75, 76, 77, 78, 80, 81, 82, 83, 84, 85, 86, 87, 88, 89], "excluded_lines": []}, "_CsvBuffer._do_flush": {"executed_lines": [], "summary": {"covered_lines": 0, "num_statements": 7, "percent_covered": 0.0, "percent_covered_display": "0", "missing_lines": 7, "excluded_lines": 0}, "missing_lines": [92, 93, 94, 95, 96, 97, 98], "excluded_lines": []}, "CsvSplitLogger.__init__": {"executed_lines": [], "summary": {"covered_lines": 0, "num_statements": 7, "percent_covered": 0.0, "percent_covered_display": "0", "missing_lines": 7, "excluded_lines": 0}, "missing_lines": [110, 111, 112, 113, 114, 119, 120], "excluded_lines": []}, "CsvSplitLogger.flush_all": {"executed_lines": [], "summary": {"covered_lines": 0, "num_statements": 2, "percent_covered": 0.0, "percent_covered_display": "0", "missing_lines": 2, "excluded_lines": 0}, "missing_lines": [123, 124], "excluded_lines": []}, "CsvSplitLogger.close_all": {"executed_lines": [], "summary": {"covered_lines": 0, "num_statements": 2, "percent_covered": 0.0, "percent_covered_display": "0", "missing_lines": 2, "excluded_lines": 0}, "missing_lines": [127, 128], "excluded_lines": []}, "CsvSplitLogger._now_iso": {"executed_lines": [], "summary": {"covered_lines": 0, "num_statements": 1, "percent_covered": 0.0, "percent_covered_display": "0", "missing_lines": 1, "excluded_lines": 0}, "missing_lines": [132], "excluded_lines": []}, "CsvSplitLogger._append": {"executed_lines": [], "summary": {"covered_lines": 0, "num_statements": 1, "percent_covered": 0.0, "percent_covered_display": "0", "missing_lines": 1, "excluded_lines": 0}, "missing_lines": [135], "excluded_lines": []}, "CsvSplitLogger.log_fill": {"executed_lines": [], "summary": {"covered_lines": 0, "num_statements": 3, "percent_covered": 0.0, "percent_covered_display": "0", "missing_lines": 3, "excluded_lines": 0}, "missing_lines": [138, 139, 158], "excluded_lines": []}, "CsvSplitLogger.log_minute": {"executed_lines": [], "summary": {"covered_lines": 0, "num_statements": 3, "percent_covered": 0.0, "percent_covered_display": "0", "missing_lines": 3, "excluded_lines": 0}, "missing_lines": [161, 162, 197], "excluded_lines": []}, "CsvSplitLogger.log_daily": {"executed_lines": [], "summary": {"covered_lines": 0, "num_statements": 3, "percent_covered": 0.0, "percent_covered_display": "0", "missing_lines": 3, "excluded_lines": 0}, "missing_lines": [200, 201, 215], "excluded_lines": []}, "": {"executed_lines": [], "summary": {"covered_lines": 0, "num_statements": 26, "percent_covered": 0.0, "percent_covered_display": "0", "missing_lines": 26, "excluded_lines": 0}, "missing_lines": [7, 9, 10, 11, 12, 13, 14, 15, 17, 20, 23, 34, 46, 50, 60, 91, 101, 102, 122, 126, 130, 131, 134, 137, 160, 199], "excluded_lines": []}}, "classes": {"_CsvBuffer": {"executed_lines": [], "summary": {"covered_lines": 0, "num_statements": 61, "percent_covered": 0.0, "percent_covered_display": "0", "missing_lines": 61, "excluded_lines": 0}, "missing_lines": [24, 25, 26, 27, 28, 29, 30, 31, 32, 35, 36, 37, 38, 39, 40, 41, 42, 43, 44, 47, 48, 51, 52, 53, 54, 55, 56, 57, 58, 61, 62, 63, 65, 66, 67, 68, 69, 70, 71, 74, 75, 76, 77, 78, 80, 81, 82, 83, 84, 85, 86, 87, 88, 89, 92, 93, 94, 95, 96, 97, 98], "excluded_lines": []}, "CsvSplitLogger": {"executed_lines": [], "summary": {"covered_lines": 0, "num_statements": 22, "percent_covered": 0.0, "percent_covered_display": "0", "missing_lines": 22, "excluded_lines": 0}, "missing_lines": [110, 111, 112, 113, 114, 119, 120, 123, 124, 127, 128, 132, 135, 138, 139, 158, 161, 162, 197, 200, 201, 215], "excluded_lines": []}, "": {"executed_lines": [], "summary": {"covered_lines": 0, "num_statements": 26, "percent_covered": 0.0, "percent_covered_display": "0", "missing_lines": 26, "excluded_lines": 0}, "missing_lines": [7, 9, 10, 11, 12, 13, 14, 15, 17, 20, 23, 34, 46, 50, 60, 91, 101, 102, 122, 126, 130, 131, 134, 137, 160, 199], "excluded_lines": []}}}, "controllers\\epp_v2_4.py": {"executed_lines": [], "summary": {"covered_lines": 0, "num_statements": 1089, "percent_covered": 0.0, "percent_covered_display": "0", "missing_lines": 1089, "excluded_lines": 0}, "missing_lines": [1, 3, 4, 5, 6, 7, 8, 10, 12, 13, 15, 16, 17, 21, 23, 24, 25, 26, 27, 28, 29, 31, 32, 33, 34, 35, 36, 37, 38, 39, 40, 43, 44, 45, 46, 47, 48, 49, 50, 51, 54, 55, 58, 59, 60, 61, 62, 63, 64, 65, 66, 67, 68, 71, 72, 73, 74, 75, 76, 77, 78, 79, 82, 83, 84, 85, 86, 87, 88, 89, 90, 91, 92, 95, 96, 97, 98, 99, 100, 101, 102, 103, 104, 105, 106, 109, 115, 117, 118, 119, 120, 121, 122, 123, 126, 127, 128, 129, 130, 131, 132, 133, 134, 137, 138, 139, 140, 143, 144, 145, 146, 147, 148, 149, 150, 151, 152, 153, 156, 157, 158, 159, 160, 161, 162, 163, 166, 167, 168, 169, 170, 171, 172, 173, 174, 175, 176, 177, 178, 179, 181, 182, 183, 184, 185, 186, 187, 188, 189, 190, 192, 193, 194, 195, 196, 197, 198, 200, 201, 202, 203, 204, 205, 206, 208, 209, 210, 211, 212, 213, 215, 216, 217, 218, 219, 220, 222, 223, 224, 225, 228, 251, 298, 299, 300, 301, 302, 303, 307, 308, 317, 318, 319, 320, 321, 322, 323, 324, 325, 326, 327, 328, 329, 330, 331, 332, 333, 334, 335, 336, 337, 338, 339, 340, 341, 342, 343, 344, 345, 346, 347, 348, 349, 350, 351, 352, 353, 354, 355, 356, 357, 358, 359, 360, 361, 362, 363, 364, 365, 366, 367, 368, 369, 370, 371, 372, 374, 375, 376, 377, 378, 379, 380, 381, 382, 383, 385, 386, 387, 388, 389, 391, 392, 393, 394, 395, 396, 397, 398, 400, 401, 402, 403, 404, 405, 413, 419, 421, 423, 425, 426, 427, 434, 440, 441, 448, 449, 450, 451, 452, 453, 454, 455, 456, 457, 458, 460, 461, 462, 463, 464, 465, 478, 479, 480, 481, 482, 483, 485, 486, 487, 488, 489, 490, 491, 492, 493, 494, 495, 497, 506, 507, 525, 526, 528, 529, 530, 531, 532, 533, 536, 537, 542, 543, 544, 545, 546, 547, 549, 550, 562, 563, 564, 565, 566, 567, 568, 569, 570, 571, 572, 573, 574, 575, 576, 577, 578, 579, 580, 581, 582, 583, 584, 585, 586, 587, 588, 590, 591, 592, 593, 594, 595, 596, 597, 598, 599, 600, 601, 603, 604, 605, 606, 607, 608, 609, 610, 611, 612, 614, 615, 616, 617, 620, 621, 642, 644, 645, 646, 648, 649, 650, 651, 653, 655, 656, 672, 673, 675, 676, 677, 679, 680, 681, 682, 683, 684, 685, 686, 687, 688, 689, 690, 691, 692, 693, 694, 695, 696, 697, 698, 699, 700, 701, 702, 703, 704, 705, 706, 707, 709, 710, 711, 712, 714, 715, 716, 717, 718, 719, 720, 721, 722, 723, 725, 727, 728, 730, 731, 733, 734, 735, 736, 737, 738, 740, 742, 744, 746, 747, 748, 749, 750, 751, 752, 753, 754, 755, 756, 757, 758, 759, 760, 761, 763, 764, 765, 766, 767, 769, 770, 771, 772, 773, 774, 776, 779, 780, 781, 782, 783, 784, 785, 786, 787, 788, 789, 790, 791, 792, 793, 795, 804, 805, 806, 807, 808, 809, 810, 811, 812, 813, 814, 815, 816, 817, 819, 820, 821, 822, 824, 825, 826, 828, 829, 830, 831, 832, 834, 835, 836, 837, 838, 840, 841, 842, 843, 844, 845, 847, 848, 849, 850, 851, 853, 854, 856, 857, 859, 860, 861, 862, 863, 868, 869, 870, 871, 872, 873, 874, 875, 876, 877, 878, 879, 880, 882, 883, 884, 885, 887, 891, 895, 896, 899, 901, 903, 904, 905, 906, 908, 909, 914, 919, 921, 922, 923, 924, 925, 926, 927, 928, 929, 931, 932, 933, 934, 935, 936, 937, 938, 939, 941, 942, 943, 944, 946, 947, 948, 949, 950, 951, 953, 954, 955, 956, 960, 961, 962, 963, 964, 965, 966, 967, 968, 969, 970, 972, 973, 974, 975, 976, 977, 978, 979, 980, 981, 982, 983, 984, 985, 986, 988, 989, 990, 991, 992, 993, 994, 995, 996, 997, 998, 999, 1000, 1001, 1002, 1003, 1004, 1005, 1006, 1007, 1009, 1010, 1011, 1012, 1013, 1014, 1015, 1016, 1017, 1018, 1019, 1020, 1021, 1022, 1023, 1024, 1025, 1026, 1027, 1028, 1030, 1031, 1032, 1033, 1036, 1037, 1039, 1040, 1041, 1042, 1043, 1045, 1046, 1047, 1048, 1049, 1050, 1051, 1053, 1054, 1056, 1057, 1059, 1060, 1061, 1062, 1063, 1064, 1065, 1066, 1067, 1068, 1069, 1070, 1071, 1072, 1073, 1074, 1075, 1076, 1077, 1078, 1079, 1081, 1082, 1083, 1084, 1085, 1086, 1087, 1088, 1090, 1091, 1092, 1093, 1094, 1095, 1097, 1099, 1100, 1102, 1104, 1105, 1106, 1107, 1108, 1109, 1110, 1111, 1112, 1113, 1114, 1115, 1116, 1117, 1118, 1119, 1120, 1121, 1122, 1123, 1124, 1125, 1126, 1127, 1129, 1131, 1132, 1133, 1134, 1135, 1136, 1137, 1138, 1139, 1140, 1141, 1142, 1143, 1144, 1145, 1147, 1149, 1151, 1152, 1153, 1154, 1155, 1156, 1157, 1158, 1159, 1163, 1164, 1166, 1167, 1169, 1170, 1172, 1173, 1174, 1178, 1179, 1180, 1181, 1183, 1184, 1185, 1186, 1187, 1189, 1191, 1192, 1193, 1194, 1195, 1196, 1197, 1198, 1199, 1200, 1201, 1202, 1203, 1204, 1205, 1206, 1207, 1208, 1210, 1212, 1213, 1215, 1216, 1218, 1219, 1220, 1222, 1223, 1224, 1225, 1226, 1227, 1228, 1229, 1230, 1232, 1233, 1234, 1235, 1236, 1238, 1245, 1246, 1247, 1248, 1249, 1250, 1251, 1252, 1253, 1254, 1256, 1257, 1258, 1259, 1260, 1261, 1262, 1263, 1264, 1265, 1267, 1275, 1276, 1277, 1278, 1279, 1280, 1281, 1282, 1283, 1284, 1285, 1286, 1287, 1288, 1289, 1290, 1291, 1292, 1294, 1301, 1302, 1303, 1304, 1305, 1306, 1307, 1308, 1309, 1310, 1311, 1312, 1314, 1323, 1324, 1329, 1330, 1331, 1332, 1333, 1335, 1336, 1337, 1339, 1340, 1341, 1342, 1343, 1344, 1345, 1346, 1347, 1348, 1355, 1356, 1358, 1359, 1360, 1361, 1363, 1364, 1365, 1373, 1385, 1386, 1387, 1389, 1390, 1391, 1392, 1393, 1395, 1396, 1397, 1398, 1400, 1401, 1402, 1403, 1404, 1405, 1409, 1410, 1411, 1412, 1413, 1415, 1428, 1446, 1447, 1448, 1449, 1450, 1451, 1452, 1453, 1454, 1455, 1457, 1518, 1519, 1520, 1521, 1522, 1523, 1524, 1525, 1526, 1527, 1528, 1529, 1530, 1531, 1532, 1533, 1534, 1535, 1536, 1537, 1538, 1539, 1540, 1541, 1542, 1543, 1544, 1545, 1546, 1547, 1548, 1549, 1550, 1551, 1554, 1555, 1556, 1557, 1558, 1559, 1560, 1561, 1562, 1563, 1564, 1565, 1566, 1567, 1583, 1584, 1585, 1586, 1587, 1588, 1589, 1590, 1591, 1592, 1594, 1595, 1596, 1598, 1600, 1601, 1602, 1603, 1604, 1605, 1606, 1607, 1608, 1609, 1610, 1611, 1612, 1613, 1614, 1615, 1616, 1617, 1618, 1619, 1620, 1621, 1622, 1624, 1626, 1627, 1628, 1629, 1630, 1631, 1632, 1633, 1646, 1647, 1648, 1649, 1650, 1653, 1677, 1678, 1679, 1680, 1681, 1718], "excluded_lines": [], "functions": {"_canonical_connector_name": {"executed_lines": [], "summary": {"covered_lines": 0, "num_statements": 8, "percent_covered": 0.0, "percent_covered_display": "0", "missing_lines": 8, "excluded_lines": 0}, "missing_lines": [44, 45, 46, 47, 48, 49, 50, 51], "excluded_lines": []}, "_clip": {"executed_lines": [], "summary": {"covered_lines": 0, "num_statements": 1, "percent_covered": 0.0, "percent_covered_display": "0", "missing_lines": 1, "excluded_lines": 0}, "missing_lines": [55], "excluded_lines": []}, "EppV24Config._validate_variant": {"executed_lines": [], "summary": {"covered_lines": 0, "num_statements": 4, "percent_covered": 0.0, "percent_covered_display": "0", "missing_lines": 4, "excluded_lines": 0}, "missing_lines": [195, 196, 197, 198], "excluded_lines": []}, "EppV24Config._validate_fee_mode": {"executed_lines": [], "summary": {"covered_lines": 0, "num_statements": 4, "percent_covered": 0.0, "percent_covered_display": "0", "missing_lines": 4, "excluded_lines": 0}, "missing_lines": [203, 204, 205, 206], "excluded_lines": []}, "EppV24Config._set_candles_connector": {"executed_lines": [], "summary": {"covered_lines": 0, "num_statements": 3, "percent_covered": 0.0, "percent_covered_display": "0", "missing_lines": 3, "excluded_lines": 0}, "missing_lines": [211, 212, 213], "excluded_lines": []}, "EppV24Config._set_candles_pair": {"executed_lines": [], "summary": {"covered_lines": 0, "num_statements": 3, "percent_covered": 0.0, "percent_covered_display": "0", "missing_lines": 3, "excluded_lines": 0}, "missing_lines": [218, 219, 220], "excluded_lines": []}, "EppV24Config._clip_unit_interval": {"executed_lines": [], "summary": {"covered_lines": 0, "num_statements": 1, "percent_covered": 0.0, "percent_covered_display": "0", "missing_lines": 1, "excluded_lines": 0}, "missing_lines": [225], "excluded_lines": []}, "EppV24Controller.__init__": {"executed_lines": [], "summary": {"covered_lines": 0, "num_statements": 63, "percent_covered": 0.0, "percent_covered_display": "0", "missing_lines": 63, "excluded_lines": 0}, "missing_lines": [299, 300, 301, 302, 303, 307, 308, 317, 318, 319, 320, 321, 322, 323, 324, 325, 326, 327, 328, 329, 330, 331, 332, 333, 334, 335, 336, 337, 338, 339, 340, 341, 342, 343, 344, 345, 346, 347, 348, 349, 350, 351, 352, 353, 354, 355, 356, 357, 358, 359, 360, 361, 362, 363, 364, 365, 366, 367, 368, 369, 370, 371, 372], "excluded_lines": []}, "EppV24Controller.update_processed_data": {"executed_lines": [], "summary": {"covered_lines": 0, "num_statements": 85, "percent_covered": 0.0, "percent_covered_display": "0", "missing_lines": 85, "excluded_lines": 0}, "missing_lines": [375, 376, 377, 378, 379, 380, 381, 382, 383, 385, 386, 387, 388, 389, 391, 392, 393, 394, 395, 396, 397, 398, 400, 401, 402, 403, 404, 405, 413, 419, 421, 423, 425, 426, 427, 434, 440, 441, 448, 449, 450, 451, 452, 453, 454, 455, 456, 457, 458, 460, 461, 462, 463, 464, 465, 478, 479, 480, 481, 482, 483, 485, 486, 487, 488, 489, 490, 491, 492, 493, 494, 495, 497, 506, 507, 525, 526, 528, 529, 530, 531, 532, 533, 536, 537], "excluded_lines": []}, "EppV24Controller.get_executor_config": {"executed_lines": [], "summary": {"covered_lines": 0, "num_statements": 7, "percent_covered": 0.0, "percent_covered_display": "0", "missing_lines": 7, "excluded_lines": 0}, "missing_lines": [543, 544, 545, 546, 547, 549, 550], "excluded_lines": []}, "EppV24Controller.did_fill_order": {"executed_lines": [], "summary": {"covered_lines": 0, "num_statements": 55, "percent_covered": 0.0, "percent_covered_display": "0", "missing_lines": 55, "excluded_lines": 0}, "missing_lines": [563, 564, 565, 566, 567, 568, 569, 570, 571, 572, 573, 574, 575, 576, 577, 578, 579, 580, 581, 582, 583, 584, 585, 586, 587, 588, 590, 591, 592, 593, 594, 595, 596, 597, 598, 599, 600, 601, 603, 604, 605, 606, 607, 608, 609, 610, 611, 612, 614, 615, 616, 617, 620, 621, 642], "excluded_lines": []}, "EppV24Controller.did_cancel_order": {"executed_lines": [], "summary": {"covered_lines": 0, "num_statements": 2, "percent_covered": 0.0, "percent_covered_display": "0", "missing_lines": 2, "excluded_lines": 0}, "missing_lines": [645, 646], "excluded_lines": []}, "EppV24Controller.did_fail_order": {"executed_lines": [], "summary": {"covered_lines": 0, "num_statements": 4, "percent_covered": 0.0, "percent_covered_display": "0", "missing_lines": 4, "excluded_lines": 0}, "missing_lines": [649, 650, 651, 653], "excluded_lines": []}, "EppV24Controller.to_format_status": {"executed_lines": [], "summary": {"covered_lines": 0, "num_statements": 1, "percent_covered": 0.0, "percent_covered_display": "0", "missing_lines": 1, "excluded_lines": 0}, "missing_lines": [656], "excluded_lines": []}, "EppV24Controller.get_custom_info": {"executed_lines": [], "summary": {"covered_lines": 0, "num_statements": 1, "percent_covered": 0.0, "percent_covered_display": "0", "missing_lines": 1, "excluded_lines": 0}, "missing_lines": [673], "excluded_lines": []}, "EppV24Controller.set_external_soft_pause": {"executed_lines": [], "summary": {"covered_lines": 0, "num_statements": 2, "percent_covered": 0.0, "percent_covered_display": "0", "missing_lines": 2, "excluded_lines": 0}, "missing_lines": [676, 677], "excluded_lines": []}, "EppV24Controller.apply_execution_intent": {"executed_lines": [], "summary": {"covered_lines": 0, "num_statements": 28, "percent_covered": 0.0, "percent_covered_display": "0", "missing_lines": 28, "excluded_lines": 0}, "missing_lines": [680, 681, 682, 683, 684, 685, 686, 687, 688, 689, 690, 691, 692, 693, 694, 695, 696, 697, 698, 699, 700, 701, 702, 703, 704, 705, 706, 707], "excluded_lines": []}, "EppV24Controller._detect_regime": {"executed_lines": [], "summary": {"covered_lines": 0, "num_statements": 25, "percent_covered": 0.0, "percent_covered_display": "0", "missing_lines": 25, "excluded_lines": 0}, "missing_lines": [710, 711, 712, 714, 715, 716, 717, 718, 719, 720, 721, 722, 723, 725, 727, 728, 730, 731, 733, 734, 735, 736, 737, 738, 740], "excluded_lines": []}, "EppV24Controller._cancel_stale_side_executors": {"executed_lines": [], "summary": {"covered_lines": 0, "num_statements": 17, "percent_covered": 0.0, "percent_covered_display": "0", "missing_lines": 17, "excluded_lines": 0}, "missing_lines": [744, 746, 747, 748, 749, 750, 751, 752, 753, 754, 755, 756, 757, 758, 759, 760, 761], "excluded_lines": []}, "EppV24Controller._pick_spread_pct": {"executed_lines": [], "summary": {"covered_lines": 0, "num_statements": 4, "percent_covered": 0.0, "percent_covered_display": "0", "missing_lines": 4, "excluded_lines": 0}, "missing_lines": [764, 765, 766, 767], "excluded_lines": []}, "EppV24Controller._pick_levels": {"executed_lines": [], "summary": {"covered_lines": 0, "num_statements": 5, "percent_covered": 0.0, "percent_covered_display": "0", "missing_lines": 5, "excluded_lines": 0}, "missing_lines": [770, 771, 772, 773, 774], "excluded_lines": []}, "EppV24Controller._build_side_spreads": {"executed_lines": [], "summary": {"covered_lines": 0, "num_statements": 15, "percent_covered": 0.0, "percent_covered_display": "0", "missing_lines": 15, "excluded_lines": 0}, "missing_lines": [779, 780, 781, 782, 783, 784, 785, 786, 787, 788, 789, 790, 791, 792, 793], "excluded_lines": []}, "EppV24Controller._apply_runtime_spreads_and_sizing": {"executed_lines": [], "summary": {"covered_lines": 0, "num_statements": 31, "percent_covered": 0.0, "percent_covered_display": "0", "missing_lines": 31, "excluded_lines": 0}, "missing_lines": [804, 805, 806, 807, 808, 809, 810, 811, 812, 813, 814, 815, 816, 817, 819, 820, 821, 822, 824, 825, 826, 828, 829, 830, 831, 832, 834, 835, 836, 837, 838], "excluded_lines": []}, "EppV24Controller._equal_split_pct": {"executed_lines": [], "summary": {"covered_lines": 0, "num_statements": 4, "percent_covered": 0.0, "percent_covered_display": "0", "missing_lines": 4, "excluded_lines": 0}, "missing_lines": [842, 843, 844, 845], "excluded_lines": []}, "EppV24Controller._equal_split_pct_values": {"executed_lines": [], "summary": {"covered_lines": 0, "num_statements": 4, "percent_covered": 0.0, "percent_covered_display": "0", "missing_lines": 4, "excluded_lines": 0}, "missing_lines": [848, 849, 850, 851], "excluded_lines": []}, "EppV24Controller._connector": {"executed_lines": [], "summary": {"covered_lines": 0, "num_statements": 1, "percent_covered": 0.0, "percent_covered_display": "0", "missing_lines": 1, "excluded_lines": 0}, "missing_lines": [854], "excluded_lines": []}, "EppV24Controller._trading_rule": {"executed_lines": [], "summary": {"covered_lines": 0, "num_statements": 1, "percent_covered": 0.0, "percent_covered_display": "0", "missing_lines": 1, "excluded_lines": 0}, "missing_lines": [857], "excluded_lines": []}, "EppV24Controller.get_levels_to_execute": {"executed_lines": [], "summary": {"covered_lines": 0, "num_statements": 17, "percent_covered": 0.0, "percent_covered_display": "0", "missing_lines": 17, "excluded_lines": 0}, "missing_lines": [860, 861, 862, 863, 868, 869, 870, 871, 872, 873, 874, 875, 876, 877, 878, 879, 880], "excluded_lines": []}, "EppV24Controller.executors_to_refresh": {"executed_lines": [], "summary": {"covered_lines": 0, "num_statements": 13, "percent_covered": 0.0, "percent_covered_display": "0", "missing_lines": 13, "excluded_lines": 0}, "missing_lines": [883, 884, 885, 887, 891, 895, 896, 899, 901, 903, 904, 905, 906], "excluded_lines": []}, "EppV24Controller.get_not_active_levels_ids": {"executed_lines": [], "summary": {"covered_lines": 0, "num_statements": 3, "percent_covered": 0.0, "percent_covered_display": "0", "missing_lines": 3, "excluded_lines": 0}, "missing_lines": [909, 914, 919], "excluded_lines": []}, "EppV24Controller.get_price_and_amount": {"executed_lines": [], "summary": {"covered_lines": 0, "num_statements": 8, "percent_covered": 0.0, "percent_covered_display": "0", "missing_lines": 8, "excluded_lines": 0}, "missing_lines": [922, 923, 924, 925, 926, 927, 928, 929], "excluded_lines": []}, "EppV24Controller._runtime_spreads_and_amounts_in_quote": {"executed_lines": [], "summary": {"covered_lines": 0, "num_statements": 12, "percent_covered": 0.0, "percent_covered_display": "0", "missing_lines": 12, "excluded_lines": 0}, "missing_lines": [932, 933, 934, 935, 936, 937, 938, 939, 941, 942, 943, 944], "excluded_lines": []}, "EppV24Controller._runtime_required_base_amount": {"executed_lines": [], "summary": {"covered_lines": 0, "num_statements": 5, "percent_covered": 0.0, "percent_covered_display": "0", "missing_lines": 5, "excluded_lines": 0}, "missing_lines": [947, 948, 949, 950, 951], "excluded_lines": []}, "EppV24Controller.check_position_rebalance": {"executed_lines": [], "summary": {"covered_lines": 0, "num_statements": 14, "percent_covered": 0.0, "percent_covered_display": "0", "missing_lines": 14, "excluded_lines": 0}, "missing_lines": [954, 955, 956, 960, 961, 962, 963, 964, 965, 966, 967, 968, 969, 970], "excluded_lines": []}, "EppV24Controller._quantize_price": {"executed_lines": [], "summary": {"covered_lines": 0, "num_statements": 14, "percent_covered": 0.0, "percent_covered_display": "0", "missing_lines": 14, "excluded_lines": 0}, "missing_lines": [973, 974, 975, 976, 977, 978, 979, 980, 981, 982, 983, 984, 985, 986], "excluded_lines": []}, "EppV24Controller._quantize_amount": {"executed_lines": [], "summary": {"covered_lines": 0, "num_statements": 19, "percent_covered": 0.0, "percent_covered_display": "0", "missing_lines": 19, "excluded_lines": 0}, "missing_lines": [989, 990, 991, 992, 993, 994, 995, 996, 997, 998, 999, 1000, 1001, 1002, 1003, 1004, 1005, 1006, 1007], "excluded_lines": []}, "EppV24Controller._quantize_amount_up": {"executed_lines": [], "summary": {"covered_lines": 0, "num_statements": 19, "percent_covered": 0.0, "percent_covered_display": "0", "missing_lines": 19, "excluded_lines": 0}, "missing_lines": [1010, 1011, 1012, 1013, 1014, 1015, 1016, 1017, 1018, 1019, 1020, 1021, 1022, 1023, 1024, 1025, 1026, 1027, 1028], "excluded_lines": []}, "EppV24Controller._ensure_fee_config": {"executed_lines": [], "summary": {"covered_lines": 0, "num_statements": 59, "percent_covered": 0.0, "percent_covered_display": "0", "missing_lines": 59, "excluded_lines": 0}, "missing_lines": [1031, 1032, 1033, 1036, 1037, 1039, 1040, 1041, 1042, 1043, 1045, 1046, 1047, 1048, 1049, 1050, 1051, 1053, 1054, 1056, 1057, 1059, 1060, 1061, 1062, 1063, 1064, 1065, 1066, 1067, 1068, 1069, 1070, 1071, 1072, 1073, 1074, 1075, 1076, 1077, 1078, 1079, 1081, 1082, 1083, 1084, 1085, 1086, 1087, 1088, 1090, 1091, 1092, 1093, 1094, 1095, 1097, 1099, 1100], "excluded_lines": []}, "EppV24Controller._refresh_funding_rate": {"executed_lines": [], "summary": {"covered_lines": 0, "num_statements": 24, "percent_covered": 0.0, "percent_covered_display": "0", "missing_lines": 24, "excluded_lines": 0}, "missing_lines": [1104, 1105, 1106, 1107, 1108, 1109, 1110, 1111, 1112, 1113, 1114, 1115, 1116, 1117, 1118, 1119, 1120, 1121, 1122, 1123, 1124, 1125, 1126, 1127], "excluded_lines": []}, "EppV24Controller._check_position_reconciliation": {"executed_lines": [], "summary": {"covered_lines": 0, "num_statements": 28, "percent_covered": 0.0, "percent_covered_display": "0", "missing_lines": 28, "excluded_lines": 0}, "missing_lines": [1131, 1132, 1133, 1134, 1135, 1136, 1137, 1138, 1139, 1140, 1141, 1142, 1143, 1144, 1145, 1147, 1149, 1151, 1152, 1153, 1154, 1155, 1156, 1157, 1158, 1159, 1163, 1164], "excluded_lines": []}, "EppV24Controller._get_mid_price": {"executed_lines": [], "summary": {"covered_lines": 0, "num_statements": 1, "percent_covered": 0.0, "percent_covered_display": "0", "missing_lines": 1, "excluded_lines": 0}, "missing_lines": [1167], "excluded_lines": []}, "EppV24Controller._get_balances": {"executed_lines": [], "summary": {"covered_lines": 0, "num_statements": 1, "percent_covered": 0.0, "percent_covered_display": "0", "missing_lines": 1, "excluded_lines": 0}, "missing_lines": [1170], "excluded_lines": []}, "EppV24Controller._compute_equity_and_base_pct": {"executed_lines": [], "summary": {"covered_lines": 0, "num_statements": 11, "percent_covered": 0.0, "percent_covered_display": "0", "missing_lines": 11, "excluded_lines": 0}, "missing_lines": [1173, 1174, 1178, 1179, 1180, 1181, 1183, 1184, 1185, 1186, 1187], "excluded_lines": []}, "EppV24Controller._refresh_margin_ratio": {"executed_lines": [], "summary": {"covered_lines": 0, "num_statements": 19, "percent_covered": 0.0, "percent_covered_display": "0", "missing_lines": 19, "excluded_lines": 0}, "missing_lines": [1191, 1192, 1193, 1194, 1195, 1196, 1197, 1198, 1199, 1200, 1201, 1202, 1203, 1204, 1205, 1206, 1207, 1208, 1210], "excluded_lines": []}, "EppV24Controller._connector_ready": {"executed_lines": [], "summary": {"covered_lines": 0, "num_statements": 1, "percent_covered": 0.0, "percent_covered_display": "0", "missing_lines": 1, "excluded_lines": 0}, "missing_lines": [1213], "excluded_lines": []}, "EppV24Controller._balances_consistent": {"executed_lines": [], "summary": {"covered_lines": 0, "num_statements": 1, "percent_covered": 0.0, "percent_covered_display": "0", "missing_lines": 1, "excluded_lines": 0}, "missing_lines": [1216], "excluded_lines": []}, "EppV24Controller._cancel_per_min": {"executed_lines": [], "summary": {"covered_lines": 0, "num_statements": 2, "percent_covered": 0.0, "percent_covered_display": "0", "missing_lines": 2, "excluded_lines": 0}, "missing_lines": [1219, 1220], "excluded_lines": []}, "EppV24Controller._min_notional_quote": {"executed_lines": [], "summary": {"covered_lines": 0, "num_statements": 8, "percent_covered": 0.0, "percent_covered_display": "0", "missing_lines": 8, "excluded_lines": 0}, "missing_lines": [1223, 1224, 1225, 1226, 1227, 1228, 1229, 1230], "excluded_lines": []}, "EppV24Controller._min_base_amount": {"executed_lines": [], "summary": {"covered_lines": 0, "num_statements": 4, "percent_covered": 0.0, "percent_covered_display": "0", "missing_lines": 4, "excluded_lines": 0}, "missing_lines": [1233, 1234, 1235, 1236], "excluded_lines": []}, "EppV24Controller._project_total_amount_quote": {"executed_lines": [], "summary": {"covered_lines": 0, "num_statements": 10, "percent_covered": 0.0, "percent_covered_display": "0", "missing_lines": 10, "excluded_lines": 0}, "missing_lines": [1245, 1246, 1247, 1248, 1249, 1250, 1251, 1252, 1253, 1254], "excluded_lines": []}, "EppV24Controller._risk_loss_metrics": {"executed_lines": [], "summary": {"covered_lines": 0, "num_statements": 9, "percent_covered": 0.0, "percent_covered_display": "0", "missing_lines": 9, "excluded_lines": 0}, "missing_lines": [1257, 1258, 1259, 1260, 1261, 1262, 1263, 1264, 1265], "excluded_lines": []}, "EppV24Controller._risk_policy_checks": {"executed_lines": [], "summary": {"covered_lines": 0, "num_statements": 18, "percent_covered": 0.0, "percent_covered_display": "0", "missing_lines": 18, "excluded_lines": 0}, "missing_lines": [1275, 1276, 1277, 1278, 1279, 1280, 1281, 1282, 1283, 1284, 1285, 1286, 1287, 1288, 1289, 1290, 1291, 1292], "excluded_lines": []}, "EppV24Controller._edge_gate_update": {"executed_lines": [], "summary": {"covered_lines": 0, "num_statements": 12, "percent_covered": 0.0, "percent_covered_display": "0", "missing_lines": 12, "excluded_lines": 0}, "missing_lines": [1301, 1302, 1303, 1304, 1305, 1306, 1307, 1308, 1309, 1310, 1311, 1312], "excluded_lines": []}, "EppV24Controller._compute_spread_and_edge": {"executed_lines": [], "summary": {"covered_lines": 0, "num_statements": 30, "percent_covered": 0.0, "percent_covered_display": "0", "missing_lines": 30, "excluded_lines": 0}, "missing_lines": [1323, 1324, 1329, 1330, 1331, 1332, 1333, 1335, 1336, 1337, 1339, 1340, 1341, 1342, 1343, 1344, 1345, 1346, 1347, 1348, 1355, 1356, 1358, 1359, 1360, 1361, 1363, 1364, 1365, 1373], "excluded_lines": []}, "EppV24Controller._evaluate_market_conditions": {"executed_lines": [], "summary": {"covered_lines": 0, "num_statements": 23, "percent_covered": 0.0, "percent_covered_display": "0", "missing_lines": 23, "excluded_lines": 0}, "missing_lines": [1386, 1387, 1389, 1390, 1391, 1392, 1393, 1395, 1396, 1397, 1398, 1400, 1401, 1402, 1403, 1404, 1405, 1409, 1410, 1411, 1412, 1413, 1415], "excluded_lines": []}, "EppV24Controller._build_tick_output": {"executed_lines": [], "summary": {"covered_lines": 0, "num_statements": 11, "percent_covered": 0.0, "percent_covered_display": "0", "missing_lines": 11, "excluded_lines": 0}, "missing_lines": [1446, 1447, 1448, 1449, 1450, 1451, 1452, 1453, 1454, 1455, 1457], "excluded_lines": []}, "EppV24Controller._get_top_of_book": {"executed_lines": [], "summary": {"covered_lines": 0, "num_statements": 33, "percent_covered": 0.0, "percent_covered_display": "0", "missing_lines": 33, "excluded_lines": 0}, "missing_lines": [1519, 1520, 1521, 1522, 1523, 1524, 1525, 1526, 1527, 1528, 1529, 1530, 1531, 1532, 1533, 1534, 1535, 1536, 1537, 1538, 1539, 1540, 1541, 1542, 1543, 1544, 1545, 1546, 1547, 1548, 1549, 1550, 1551], "excluded_lines": []}, "EppV24Controller._maybe_roll_day": {"executed_lines": [], "summary": {"covered_lines": 0, "num_statements": 23, "percent_covered": 0.0, "percent_covered_display": "0", "missing_lines": 23, "excluded_lines": 0}, "missing_lines": [1555, 1556, 1557, 1558, 1559, 1560, 1561, 1562, 1563, 1564, 1565, 1566, 1567, 1583, 1584, 1585, 1586, 1587, 1588, 1589, 1590, 1591, 1592], "excluded_lines": []}, "EppV24Controller._daily_state_path": {"executed_lines": [], "summary": {"covered_lines": 0, "num_statements": 2, "percent_covered": 0.0, "percent_covered_display": "0", "missing_lines": 2, "excluded_lines": 0}, "missing_lines": [1595, 1596], "excluded_lines": []}, "EppV24Controller._load_daily_state": {"executed_lines": [], "summary": {"covered_lines": 0, "num_statements": 23, "percent_covered": 0.0, "percent_covered_display": "0", "missing_lines": 23, "excluded_lines": 0}, "missing_lines": [1600, 1601, 1602, 1603, 1604, 1605, 1606, 1607, 1608, 1609, 1610, 1611, 1612, 1613, 1614, 1615, 1616, 1617, 1618, 1619, 1620, 1621, 1622], "excluded_lines": []}, "EppV24Controller._save_daily_state": {"executed_lines": [], "summary": {"covered_lines": 0, "num_statements": 13, "percent_covered": 0.0, "percent_covered_display": "0", "missing_lines": 13, "excluded_lines": 0}, "missing_lines": [1626, 1627, 1628, 1629, 1630, 1631, 1632, 1633, 1646, 1647, 1648, 1649, 1650], "excluded_lines": []}, "EppV24Controller._log_minute": {"executed_lines": [], "summary": {"covered_lines": 0, "num_statements": 6, "percent_covered": 0.0, "percent_covered_display": "0", "missing_lines": 6, "excluded_lines": 0}, "missing_lines": [1677, 1678, 1679, 1680, 1681, 1718], "excluded_lines": []}, "": {"executed_lines": [], "summary": {"covered_lines": 0, "num_statements": 214, "percent_covered": 0.0, "percent_covered_display": "0", "missing_lines": 214, "excluded_lines": 0}, "missing_lines": [1, 3, 4, 5, 6, 7, 8, 10, 12, 13, 15, 16, 17, 21, 23, 24, 25, 26, 27, 28, 29, 31, 32, 33, 34, 35, 36, 37, 38, 39, 40, 43, 54, 58, 59, 60, 61, 62, 63, 64, 65, 66, 67, 68, 71, 72, 73, 74, 75, 76, 77, 78, 79, 82, 83, 84, 85, 86, 87, 88, 89, 90, 91, 92, 95, 96, 97, 98, 99, 100, 101, 102, 103, 104, 105, 106, 109, 115, 117, 118, 119, 120, 121, 122, 123, 126, 127, 128, 129, 130, 131, 132, 133, 134, 137, 138, 139, 140, 143, 144, 145, 146, 147, 148, 149, 150, 151, 152, 153, 156, 157, 158, 159, 160, 161, 162, 163, 166, 167, 168, 169, 170, 171, 172, 173, 174, 175, 176, 177, 178, 179, 181, 182, 183, 184, 185, 186, 187, 188, 189, 190, 192, 193, 194, 200, 201, 202, 208, 209, 210, 215, 216, 217, 222, 223, 224, 228, 251, 298, 374, 542, 562, 644, 648, 655, 672, 675, 679, 709, 742, 763, 769, 776, 795, 840, 841, 847, 853, 856, 859, 882, 908, 921, 931, 946, 953, 972, 988, 1009, 1030, 1102, 1129, 1166, 1169, 1172, 1189, 1212, 1215, 1218, 1222, 1232, 1238, 1256, 1267, 1294, 1314, 1385, 1428, 1518, 1554, 1594, 1598, 1624, 1653], "excluded_lines": []}}, "classes": {"RegimeSpec": {"executed_lines": [], "summary": {"covered_lines": 0, "num_statements": 0, "percent_covered": 100.0, "percent_covered_display": "100", "missing_lines": 0, "excluded_lines": 0}, "missing_lines": [], "excluded_lines": []}, "RuntimeLevelState": {"executed_lines": [], "summary": {"covered_lines": 0, "num_statements": 0, "percent_covered": 100.0, "percent_covered_display": "100", "missing_lines": 0, "excluded_lines": 0}, "missing_lines": [], "excluded_lines": []}, "SpreadEdgeState": {"executed_lines": [], "summary": {"covered_lines": 0, "num_statements": 0, "percent_covered": 100.0, "percent_covered_display": "100", "missing_lines": 0, "excluded_lines": 0}, "missing_lines": [], "excluded_lines": []}, "MarketConditions": {"executed_lines": [], "summary": {"covered_lines": 0, "num_statements": 0, "percent_covered": 100.0, "percent_covered_display": "100", "missing_lines": 0, "excluded_lines": 0}, "missing_lines": [], "excluded_lines": []}, "EppV24Config": {"executed_lines": [], "summary": {"covered_lines": 0, "num_statements": 15, "percent_covered": 0.0, "percent_covered_display": "0", "missing_lines": 15, "excluded_lines": 0}, "missing_lines": [195, 196, 197, 198, 203, 204, 205, 206, 211, 212, 213, 218, 219, 220, 225], "excluded_lines": []}, "EppV24Controller": {"executed_lines": [], "summary": {"covered_lines": 0, "num_statements": 851, "percent_covered": 0.0, "percent_covered_display": "0", "missing_lines": 851, "excluded_lines": 0}, "missing_lines": [299, 300, 301, 302, 303, 307, 308, 317, 318, 319, 320, 321, 322, 323, 324, 325, 326, 327, 328, 329, 330, 331, 332, 333, 334, 335, 336, 337, 338, 339, 340, 341, 342, 343, 344, 345, 346, 347, 348, 349, 350, 351, 352, 353, 354, 355, 356, 357, 358, 359, 360, 361, 362, 363, 364, 365, 366, 367, 368, 369, 370, 371, 372, 375, 376, 377, 378, 379, 380, 381, 382, 383, 385, 386, 387, 388, 389, 391, 392, 393, 394, 395, 396, 397, 398, 400, 401, 402, 403, 404, 405, 413, 419, 421, 423, 425, 426, 427, 434, 440, 441, 448, 449, 450, 451, 452, 453, 454, 455, 456, 457, 458, 460, 461, 462, 463, 464, 465, 478, 479, 480, 481, 482, 483, 485, 486, 487, 488, 489, 490, 491, 492, 493, 494, 495, 497, 506, 507, 525, 526, 528, 529, 530, 531, 532, 533, 536, 537, 543, 544, 545, 546, 547, 549, 550, 563, 564, 565, 566, 567, 568, 569, 570, 571, 572, 573, 574, 575, 576, 577, 578, 579, 580, 581, 582, 583, 584, 585, 586, 587, 588, 590, 591, 592, 593, 594, 595, 596, 597, 598, 599, 600, 601, 603, 604, 605, 606, 607, 608, 609, 610, 611, 612, 614, 615, 616, 617, 620, 621, 642, 645, 646, 649, 650, 651, 653, 656, 673, 676, 677, 680, 681, 682, 683, 684, 685, 686, 687, 688, 689, 690, 691, 692, 693, 694, 695, 696, 697, 698, 699, 700, 701, 702, 703, 704, 705, 706, 707, 710, 711, 712, 714, 715, 716, 717, 718, 719, 720, 721, 722, 723, 725, 727, 728, 730, 731, 733, 734, 735, 736, 737, 738, 740, 744, 746, 747, 748, 749, 750, 751, 752, 753, 754, 755, 756, 757, 758, 759, 760, 761, 764, 765, 766, 767, 770, 771, 772, 773, 774, 779, 780, 781, 782, 783, 784, 785, 786, 787, 788, 789, 790, 791, 792, 793, 804, 805, 806, 807, 808, 809, 810, 811, 812, 813, 814, 815, 816, 817, 819, 820, 821, 822, 824, 825, 826, 828, 829, 830, 831, 832, 834, 835, 836, 837, 838, 842, 843, 844, 845, 848, 849, 850, 851, 854, 857, 860, 861, 862, 863, 868, 869, 870, 871, 872, 873, 874, 875, 876, 877, 878, 879, 880, 883, 884, 885, 887, 891, 895, 896, 899, 901, 903, 904, 905, 906, 909, 914, 919, 922, 923, 924, 925, 926, 927, 928, 929, 932, 933, 934, 935, 936, 937, 938, 939, 941, 942, 943, 944, 947, 948, 949, 950, 951, 954, 955, 956, 960, 961, 962, 963, 964, 965, 966, 967, 968, 969, 970, 973, 974, 975, 976, 977, 978, 979, 980, 981, 982, 983, 984, 985, 986, 989, 990, 991, 992, 993, 994, 995, 996, 997, 998, 999, 1000, 1001, 1002, 1003, 1004, 1005, 1006, 1007, 1010, 1011, 1012, 1013, 1014, 1015, 1016, 1017, 1018, 1019, 1020, 1021, 1022, 1023, 1024, 1025, 1026, 1027, 1028, 1031, 1032, 1033, 1036, 1037, 1039, 1040, 1041, 1042, 1043, 1045, 1046, 1047, 1048, 1049, 1050, 1051, 1053, 1054, 1056, 1057, 1059, 1060, 1061, 1062, 1063, 1064, 1065, 1066, 1067, 1068, 1069, 1070, 1071, 1072, 1073, 1074, 1075, 1076, 1077, 1078, 1079, 1081, 1082, 1083, 1084, 1085, 1086, 1087, 1088, 1090, 1091, 1092, 1093, 1094, 1095, 1097, 1099, 1100, 1104, 1105, 1106, 1107, 1108, 1109, 1110, 1111, 1112, 1113, 1114, 1115, 1116, 1117, 1118, 1119, 1120, 1121, 1122, 1123, 1124, 1125, 1126, 1127, 1131, 1132, 1133, 1134, 1135, 1136, 1137, 1138, 1139, 1140, 1141, 1142, 1143, 1144, 1145, 1147, 1149, 1151, 1152, 1153, 1154, 1155, 1156, 1157, 1158, 1159, 1163, 1164, 1167, 1170, 1173, 1174, 1178, 1179, 1180, 1181, 1183, 1184, 1185, 1186, 1187, 1191, 1192, 1193, 1194, 1195, 1196, 1197, 1198, 1199, 1200, 1201, 1202, 1203, 1204, 1205, 1206, 1207, 1208, 1210, 1213, 1216, 1219, 1220, 1223, 1224, 1225, 1226, 1227, 1228, 1229, 1230, 1233, 1234, 1235, 1236, 1245, 1246, 1247, 1248, 1249, 1250, 1251, 1252, 1253, 1254, 1257, 1258, 1259, 1260, 1261, 1262, 1263, 1264, 1265, 1275, 1276, 1277, 1278, 1279, 1280, 1281, 1282, 1283, 1284, 1285, 1286, 1287, 1288, 1289, 1290, 1291, 1292, 1301, 1302, 1303, 1304, 1305, 1306, 1307, 1308, 1309, 1310, 1311, 1312, 1323, 1324, 1329, 1330, 1331, 1332, 1333, 1335, 1336, 1337, 1339, 1340, 1341, 1342, 1343, 1344, 1345, 1346, 1347, 1348, 1355, 1356, 1358, 1359, 1360, 1361, 1363, 1364, 1365, 1373, 1386, 1387, 1389, 1390, 1391, 1392, 1393, 1395, 1396, 1397, 1398, 1400, 1401, 1402, 1403, 1404, 1405, 1409, 1410, 1411, 1412, 1413, 1415, 1446, 1447, 1448, 1449, 1450, 1451, 1452, 1453, 1454, 1455, 1457, 1519, 1520, 1521, 1522, 1523, 1524, 1525, 1526, 1527, 1528, 1529, 1530, 1531, 1532, 1533, 1534, 1535, 1536, 1537, 1538, 1539, 1540, 1541, 1542, 1543, 1544, 1545, 1546, 1547, 1548, 1549, 1550, 1551, 1555, 1556, 1557, 1558, 1559, 1560, 1561, 1562, 1563, 1564, 1565, 1566, 1567, 1583, 1584, 1585, 1586, 1587, 1588, 1589, 1590, 1591, 1592, 1595, 1596, 1600, 1601, 1602, 1603, 1604, 1605, 1606, 1607, 1608, 1609, 1610, 1611, 1612, 1613, 1614, 1615, 1616, 1617, 1618, 1619, 1620, 1621, 1622, 1626, 1627, 1628, 1629, 1630, 1631, 1632, 1633, 1646, 1647, 1648, 1649, 1650, 1677, 1678, 1679, 1680, 1681, 1718], "excluded_lines": []}, "": {"executed_lines": [], "summary": {"covered_lines": 0, "num_statements": 223, "percent_covered": 0.0, "percent_covered_display": "0", "missing_lines": 223, "excluded_lines": 0}, "missing_lines": [1, 3, 4, 5, 6, 7, 8, 10, 12, 13, 15, 16, 17, 21, 23, 24, 25, 26, 27, 28, 29, 31, 32, 33, 34, 35, 36, 37, 38, 39, 40, 43, 44, 45, 46, 47, 48, 49, 50, 51, 54, 55, 58, 59, 60, 61, 62, 63, 64, 65, 66, 67, 68, 71, 72, 73, 74, 75, 76, 77, 78, 79, 82, 83, 84, 85, 86, 87, 88, 89, 90, 91, 92, 95, 96, 97, 98, 99, 100, 101, 102, 103, 104, 105, 106, 109, 115, 117, 118, 119, 120, 121, 122, 123, 126, 127, 128, 129, 130, 131, 132, 133, 134, 137, 138, 139, 140, 143, 144, 145, 146, 147, 148, 149, 150, 151, 152, 153, 156, 157, 158, 159, 160, 161, 162, 163, 166, 167, 168, 169, 170, 171, 172, 173, 174, 175, 176, 177, 178, 179, 181, 182, 183, 184, 185, 186, 187, 188, 189, 190, 192, 193, 194, 200, 201, 202, 208, 209, 210, 215, 216, 217, 222, 223, 224, 228, 251, 298, 374, 542, 562, 644, 648, 655, 672, 675, 679, 709, 742, 763, 769, 776, 795, 840, 841, 847, 853, 856, 859, 882, 908, 921, 931, 946, 953, 972, 988, 1009, 1030, 1102, 1129, 1166, 1169, 1172, 1189, 1212, 1215, 1218, 1222, 1232, 1238, 1256, 1267, 1294, 1314, 1385, 1428, 1518, 1554, 1594, 1598, 1624, 1653], "excluded_lines": []}}}, "controllers\\fee_manager.py": {"executed_lines": [], "summary": {"covered_lines": 0, "num_statements": 77, "percent_covered": 0.0, "percent_covered_display": "0", "missing_lines": 77, "excluded_lines": 0}, "missing_lines": [6, 8, 9, 10, 12, 13, 15, 18, 21, 29, 30, 31, 32, 33, 34, 35, 36, 37, 38, 40, 41, 42, 44, 56, 62, 63, 64, 65, 66, 67, 68, 70, 71, 72, 73, 74, 76, 77, 78, 79, 80, 81, 82, 83, 84, 85, 86, 87, 88, 89, 90, 91, 92, 93, 94, 95, 96, 97, 98, 99, 101, 102, 103, 104, 105, 106, 107, 108, 110, 111, 112, 113, 114, 115, 117, 119, 120], "excluded_lines": [], "functions": {"FeeManager.__init__": {"executed_lines": [], "summary": {"covered_lines": 0, "num_statements": 10, "percent_covered": 0.0, "percent_covered_display": "0", "missing_lines": 10, "excluded_lines": 0}, "missing_lines": [29, 30, 31, 32, 33, 34, 35, 36, 37, 38], "excluded_lines": []}, "FeeManager.require_resolution": {"executed_lines": [], "summary": {"covered_lines": 0, "num_statements": 1, "percent_covered": 0.0, "percent_covered_display": "0", "missing_lines": 1, "excluded_lines": 0}, "missing_lines": [42], "excluded_lines": []}, "FeeManager.ensure_fees": {"executed_lines": [], "summary": {"covered_lines": 0, "num_statements": 54, "percent_covered": 0.0, "percent_covered_display": "0", "missing_lines": 54, "excluded_lines": 0}, "missing_lines": [56, 62, 63, 64, 65, 66, 67, 68, 70, 71, 72, 73, 74, 76, 77, 78, 79, 80, 81, 82, 83, 84, 85, 86, 87, 88, 89, 90, 91, 92, 93, 94, 95, 96, 97, 98, 99, 101, 102, 103, 104, 105, 106, 107, 108, 110, 111, 112, 113, 114, 115, 117, 119, 120], "excluded_lines": []}, "": {"executed_lines": [], "summary": {"covered_lines": 0, "num_statements": 12, "percent_covered": 0.0, "percent_covered_display": "0", "missing_lines": 12, "excluded_lines": 0}, "missing_lines": [6, 8, 9, 10, 12, 13, 15, 18, 21, 40, 41, 44], "excluded_lines": []}}, "classes": {"FeeManager": {"executed_lines": [], "summary": {"covered_lines": 0, "num_statements": 65, "percent_covered": 0.0, "percent_covered_display": "0", "missing_lines": 65, "excluded_lines": 0}, "missing_lines": [29, 30, 31, 32, 33, 34, 35, 36, 37, 38, 42, 56, 62, 63, 64, 65, 66, 67, 68, 70, 71, 72, 73, 74, 76, 77, 78, 79, 80, 81, 82, 83, 84, 85, 86, 87, 88, 89, 90, 91, 92, 93, 94, 95, 96, 97, 98, 99, 101, 102, 103, 104, 105, 106, 107, 108, 110, 111, 112, 113, 114, 115, 117, 119, 120], "excluded_lines": []}, "": {"executed_lines": [], "summary": {"covered_lines": 0, "num_statements": 12, "percent_covered": 0.0, "percent_covered_display": "0", "missing_lines": 12, "excluded_lines": 0}, "missing_lines": [6, 8, 9, 10, 12, 13, 15, 18, 21, 40, 41, 44], "excluded_lines": []}}}, "controllers\\fee_resolver.py": {"executed_lines": [], "summary": {"covered_lines": 0, "num_statements": 2, "percent_covered": 0.0, "percent_covered_display": "0", "missing_lines": 2, "excluded_lines": 0}, "missing_lines": [1, 3], "excluded_lines": [], "functions": {"": {"executed_lines": [], "summary": {"covered_lines": 0, "num_statements": 2, "percent_covered": 0.0, "percent_covered_display": "0", "missing_lines": 2, "excluded_lines": 0}, "missing_lines": [1, 3], "excluded_lines": []}}, "classes": {"": {"executed_lines": [], "summary": {"covered_lines": 0, "num_statements": 2, "percent_covered": 0.0, "percent_covered_display": "0", "missing_lines": 2, "excluded_lines": 0}, "missing_lines": [1, 3], "excluded_lines": []}}}, "controllers\\ops_guard.py": {"executed_lines": [], "summary": {"covered_lines": 0, "num_statements": 70, "percent_covered": 0.0, "percent_covered_display": "0", "missing_lines": 70, "excluded_lines": 0}, "missing_lines": [1, 3, 4, 5, 8, 9, 10, 11, 14, 15, 16, 17, 18, 19, 20, 21, 22, 23, 26, 27, 28, 29, 30, 31, 32, 34, 35, 36, 38, 39, 40, 41, 42, 43, 44, 45, 46, 47, 48, 49, 50, 51, 53, 54, 55, 56, 57, 58, 59, 60, 61, 63, 64, 65, 66, 67, 69, 70, 72, 73, 74, 75, 77, 78, 79, 80, 82, 83, 84, 85], "excluded_lines": [], "functions": {"OpsGuard.update": {"executed_lines": [], "summary": {"covered_lines": 0, "num_statements": 40, "percent_covered": 0.0, "percent_covered_display": "0", "missing_lines": 40, "excluded_lines": 0}, "missing_lines": [35, 36, 38, 39, 40, 41, 42, 43, 44, 45, 46, 47, 48, 49, 50, 51, 53, 54, 55, 56, 57, 58, 59, 60, 61, 63, 64, 65, 66, 67, 69, 70, 72, 73, 74, 75, 77, 78, 79, 80], "excluded_lines": []}, "OpsGuard.force_hard_stop": {"executed_lines": [], "summary": {"covered_lines": 0, "num_statements": 3, "percent_covered": 0.0, "percent_covered_display": "0", "missing_lines": 3, "excluded_lines": 0}, "missing_lines": [83, 84, 85], "excluded_lines": []}, "": {"executed_lines": [], "summary": {"covered_lines": 0, "num_statements": 27, "percent_covered": 0.0, "percent_covered_display": "0", "missing_lines": 27, "excluded_lines": 0}, "missing_lines": [1, 3, 4, 5, 8, 9, 10, 11, 14, 15, 16, 17, 18, 19, 20, 21, 22, 23, 26, 27, 28, 29, 30, 31, 32, 34, 82], "excluded_lines": []}}, "classes": {"GuardState": {"executed_lines": [], "summary": {"covered_lines": 0, "num_statements": 0, "percent_covered": 100.0, "percent_covered_display": "100", "missing_lines": 0, "excluded_lines": 0}, "missing_lines": [], "excluded_lines": []}, "OpsSnapshot": {"executed_lines": [], "summary": {"covered_lines": 0, "num_statements": 0, "percent_covered": 100.0, "percent_covered_display": "100", "missing_lines": 0, "excluded_lines": 0}, "missing_lines": [], "excluded_lines": []}, "OpsGuard": {"executed_lines": [], "summary": {"covered_lines": 0, "num_statements": 43, "percent_covered": 0.0, "percent_covered_display": "0", "missing_lines": 43, "excluded_lines": 0}, "missing_lines": [35, 36, 38, 39, 40, 41, 42, 43, 44, 45, 46, 47, 48, 49, 50, 51, 53, 54, 55, 56, 57, 58, 59, 60, 61, 63, 64, 65, 66, 67, 69, 70, 72, 73, 74, 75, 77, 78, 79, 80, 83, 84, 85], "excluded_lines": []}, "": {"executed_lines": [], "summary": {"covered_lines": 0, "num_statements": 27, "percent_covered": 0.0, "percent_covered_display": "0", "missing_lines": 27, "excluded_lines": 0}, "missing_lines": [1, 3, 4, 5, 8, 9, 10, 11, 14, 15, 16, 17, 18, 19, 20, 21, 22, 23, 26, 27, 28, 29, 30, 31, 32, 34, 82], "excluded_lines": []}}}, "controllers\\order_sizer.py": {"executed_lines": [], "summary": {"covered_lines": 0, "num_statements": 62, "percent_covered": 0.0, "percent_covered_display": "0", "missing_lines": 62, "excluded_lines": 0}, "missing_lines": [6, 8, 9, 11, 13, 16, 19, 24, 25, 27, 29, 30, 31, 32, 33, 34, 35, 36, 37, 38, 39, 40, 41, 43, 45, 46, 47, 48, 49, 50, 51, 52, 53, 54, 55, 56, 57, 58, 59, 60, 61, 62, 64, 66, 67, 68, 69, 70, 71, 72, 74, 83, 84, 85, 86, 87, 88, 89, 90, 91, 92, 93], "excluded_lines": [], "functions": {"OrderSizer.__init__": {"executed_lines": [], "summary": {"covered_lines": 0, "num_statements": 2, "percent_covered": 0.0, "percent_covered_display": "0", "missing_lines": 2, "excluded_lines": 0}, "missing_lines": [24, 25], "excluded_lines": []}, "OrderSizer.quantize_price": {"executed_lines": [], "summary": {"covered_lines": 0, "num_statements": 13, "percent_covered": 0.0, "percent_covered_display": "0", "missing_lines": 13, "excluded_lines": 0}, "missing_lines": [29, 30, 31, 32, 33, 34, 35, 36, 37, 38, 39, 40, 41], "excluded_lines": []}, "OrderSizer.quantize_amount": {"executed_lines": [], "summary": {"covered_lines": 0, "num_statements": 18, "percent_covered": 0.0, "percent_covered_display": "0", "missing_lines": 18, "excluded_lines": 0}, "missing_lines": [45, 46, 47, 48, 49, 50, 51, 52, 53, 54, 55, 56, 57, 58, 59, 60, 61, 62], "excluded_lines": []}, "OrderSizer.min_notional_quote": {"executed_lines": [], "summary": {"covered_lines": 0, "num_statements": 7, "percent_covered": 0.0, "percent_covered_display": "0", "missing_lines": 7, "excluded_lines": 0}, "missing_lines": [66, 67, 68, 69, 70, 71, 72], "excluded_lines": []}, "OrderSizer.project_total_amount_quote": {"executed_lines": [], "summary": {"covered_lines": 0, "num_statements": 11, "percent_covered": 0.0, "percent_covered_display": "0", "missing_lines": 11, "excluded_lines": 0}, "missing_lines": [83, 84, 85, 86, 87, 88, 89, 90, 91, 92, 93], "excluded_lines": []}, "": {"executed_lines": [], "summary": {"covered_lines": 0, "num_statements": 11, "percent_covered": 0.0, "percent_covered_display": "0", "missing_lines": 11, "excluded_lines": 0}, "missing_lines": [6, 8, 9, 11, 13, 16, 19, 27, 43, 64, 74], "excluded_lines": []}}, "classes": {"OrderSizer": {"executed_lines": [], "summary": {"covered_lines": 0, "num_statements": 51, "percent_covered": 0.0, "percent_covered_display": "0", "missing_lines": 51, "excluded_lines": 0}, "missing_lines": [24, 25, 29, 30, 31, 32, 33, 34, 35, 36, 37, 38, 39, 40, 41, 45, 46, 47, 48, 49, 50, 51, 52, 53, 54, 55, 56, 57, 58, 59, 60, 61, 62, 66, 67, 68, 69, 70, 71, 72, 83, 84, 85, 86, 87, 88, 89, 90, 91, 92, 93], "excluded_lines": []}, "": {"executed_lines": [], "summary": {"covered_lines": 0, "num_statements": 11, "percent_covered": 0.0, "percent_covered_display": "0", "missing_lines": 11, "excluded_lines": 0}, "missing_lines": [6, 8, 9, 11, 13, 16, 19, 27, 43, 64, 74], "excluded_lines": []}}}, "controllers\\paper_engine.py": {"executed_lines": [1, 3, 4, 5, 6, 7, 8, 9, 10, 12, 14, 15, 29, 30, 31, 32, 33, 34, 36, 37, 38, 39, 41, 42, 43, 44, 46, 47, 48, 50, 51, 52, 53, 54, 55, 56, 57, 58, 59, 62, 63, 68, 69, 74, 89, 90, 91, 92, 93, 94, 95, 96, 97, 98, 99, 100, 101, 104, 105, 106, 107, 108, 109, 110, 111, 112, 113, 114, 115, 116, 117, 118, 119, 120, 121, 122, 123, 124, 126, 127, 130, 131, 132, 134, 135, 136, 138, 139, 142, 143, 148, 149, 152, 153, 158, 168, 169, 171, 172, 173, 175, 176, 178, 179, 181, 184, 185, 186, 187, 189, 191, 192, 193, 194, 195, 199, 201, 204, 205, 206, 207, 208, 209, 212, 213, 214, 215, 217, 218, 220, 221, 223, 224, 225, 226, 227, 228, 230, 231, 232, 233, 235, 236, 238, 239, 241, 242, 245, 246, 247, 249, 250, 251, 252, 254, 255, 257, 261, 262, 263, 264, 267, 268, 271, 272, 274, 275, 276, 277, 278, 279, 281, 282, 286, 287, 288, 289, 291, 292, 293, 294, 297, 316, 317, 318, 320, 330, 331, 332, 333, 334, 335, 336, 337, 338, 339, 340, 341, 342, 343, 345, 347, 353, 354, 355, 356, 357, 358, 359, 361, 362, 363, 364, 366, 373, 374, 377, 378, 379, 380, 382, 399, 401, 402, 404, 408, 409, 411, 412, 413, 414, 415, 416, 421, 423, 424, 425, 445, 446, 448, 449, 451, 452, 453, 456, 457, 458, 461, 462, 463, 466, 468, 469, 470, 471, 472, 473, 474, 475, 476, 477, 478, 480, 481, 494, 495, 505, 506, 507, 509, 510, 511, 512, 515, 516, 518, 520, 522, 523, 524, 526, 527, 528, 530, 531, 532, 533, 538, 539, 540, 542, 543, 544, 547, 548, 554, 555, 556, 558, 559, 561, 562, 564, 568, 571, 572, 573, 574, 575, 576, 577, 578, 579, 582, 583, 585, 586, 587, 588, 590, 591, 597, 612, 613, 614, 615, 616, 617, 619, 620, 635, 655, 656, 658, 659, 660, 662, 663, 664, 665, 666, 667, 668, 669, 670, 671, 674, 675, 676, 678, 679, 681, 682, 684, 685, 687, 689, 690, 691, 692, 693, 694, 695, 696, 697, 698, 705, 707, 708, 709, 710, 711, 713, 714, 715, 716, 717, 719, 720, 721, 722, 724, 725, 726, 727, 728, 729, 731, 732, 734, 735, 736, 742, 743, 744, 745, 747, 749, 751, 776, 779, 796, 798, 799, 800, 814, 823, 824, 825, 826, 830, 831, 838, 839, 840, 842, 843, 847, 848, 849, 850, 852, 857, 927, 1011, 1015, 1019, 1071], "summary": {"covered_lines": 401, "num_statements": 737, "percent_covered": 54.40976933514247, "percent_covered_display": "54", "missing_lines": 336, "excluded_lines": 32}, "missing_lines": [16, 17, 27, 28, 75, 76, 77, 78, 79, 80, 81, 82, 83, 84, 85, 86, 128, 140, 144, 145, 146, 150, 154, 155, 156, 159, 182, 200, 240, 256, 258, 259, 265, 280, 290, 296, 299, 300, 301, 302, 303, 304, 305, 307, 308, 309, 310, 312, 313, 344, 346, 365, 375, 381, 383, 405, 406, 417, 418, 426, 427, 428, 429, 430, 431, 433, 434, 435, 436, 437, 438, 439, 440, 441, 442, 443, 454, 459, 464, 465, 467, 513, 514, 517, 519, 525, 529, 534, 535, 536, 541, 545, 549, 565, 566, 569, 580, 581, 589, 592, 593, 594, 595, 621, 622, 672, 677, 680, 688, 704, 706, 737, 738, 739, 740, 752, 753, 763, 774, 775, 801, 802, 803, 812, 813, 827, 828, 829, 832, 833, 834, 835, 836, 841, 844, 845, 854, 858, 859, 860, 861, 868, 870, 871, 872, 873, 875, 876, 877, 878, 879, 880, 881, 882, 884, 885, 886, 887, 888, 889, 890, 891, 892, 901, 903, 912, 913, 918, 923, 924, 933, 934, 935, 936, 938, 940, 941, 943, 954, 956, 957, 959, 960, 962, 963, 965, 966, 968, 969, 971, 972, 974, 975, 977, 978, 980, 981, 983, 984, 985, 986, 987, 988, 989, 990, 991, 992, 995, 996, 997, 998, 999, 1000, 1001, 1002, 1003, 1004, 1005, 1006, 1007, 1008, 1012, 1016, 1024, 1025, 1026, 1027, 1028, 1029, 1030, 1031, 1033, 1034, 1035, 1036, 1037, 1038, 1040, 1041, 1042, 1043, 1044, 1045, 1047, 1048, 1049, 1050, 1051, 1052, 1054, 1055, 1056, 1057, 1058, 1059, 1060, 1061, 1063, 1064, 1065, 1066, 1067, 1068, 1078, 1079, 1080, 1081, 1082, 1083, 1084, 1086, 1087, 1088, 1090, 1091, 1092, 1093, 1097, 1098, 1099, 1100, 1101, 1102, 1104, 1105, 1106, 1107, 1108, 1109, 1110, 1111, 1112, 1113, 1114, 1116, 1117, 1118, 1119, 1120, 1122, 1123, 1124, 1125, 1126, 1128, 1129, 1130, 1131, 1132, 1133, 1134, 1135, 1136, 1138, 1139, 1140, 1141, 1142, 1145, 1162, 1163, 1166, 1167, 1169, 1170, 1171, 1172, 1173, 1174, 1175, 1176, 1177, 1178, 1179, 1181, 1182], "excluded_lines": [29, 30, 31, 32, 33, 34, 36, 37, 38, 39, 41, 42, 43, 44, 46, 47, 48, 50, 51, 52, 53, 54, 55, 56, 57, 58, 59, 64, 65, 66, 70, 71], "functions": {"_canonical_connector_name": {"executed_lines": [], "summary": {"covered_lines": 0, "num_statements": 12, "percent_covered": 0.0, "percent_covered_display": "0", "missing_lines": 12, "excluded_lines": 0}, "missing_lines": [75, 76, 77, 78, 79, 80, 81, 82, 83, 84, 85, 86], "excluded_lines": []}, "PaperOrder.client_order_id": {"executed_lines": [], "summary": {"covered_lines": 0, "num_statements": 1, "percent_covered": 0.0, "percent_covered_display": "0", "missing_lines": 1, "excluded_lines": 0}, "missing_lines": [128], "excluded_lines": []}, "PaperOrder.is_open": {"executed_lines": [132], "summary": {"covered_lines": 1, "num_statements": 1, "percent_covered": 100.0, "percent_covered_display": "100", "missing_lines": 0, "excluded_lines": 0}, "missing_lines": [], "excluded_lines": []}, "PaperOrder.is_done": {"executed_lines": [136], "summary": {"covered_lines": 1, "num_statements": 1, "percent_covered": 100.0, "percent_covered_display": "100", "missing_lines": 0, "excluded_lines": 0}, "missing_lines": [], "excluded_lines": []}, "PaperOrder.is_filled": {"executed_lines": [], "summary": {"covered_lines": 0, "num_statements": 1, "percent_covered": 0.0, "percent_covered_display": "0", "missing_lines": 1, "excluded_lines": 0}, "missing_lines": [140], "excluded_lines": []}, "PaperOrder.average_executed_price": {"executed_lines": [], "summary": {"covered_lines": 0, "num_statements": 3, "percent_covered": 0.0, "percent_covered_display": "0", "missing_lines": 3, "excluded_lines": 0}, "missing_lines": [144, 145, 146], "excluded_lines": []}, "PaperOrder.cum_fees_quote": {"executed_lines": [], "summary": {"covered_lines": 0, "num_statements": 1, "percent_covered": 0.0, "percent_covered_display": "0", "missing_lines": 1, "excluded_lines": 0}, "missing_lines": [150], "excluded_lines": []}, "PaperOrder.cum_fees_base": {"executed_lines": [], "summary": {"covered_lines": 0, "num_statements": 3, "percent_covered": 0.0, "percent_covered_display": "0", "missing_lines": 3, "excluded_lines": 0}, "missing_lines": [154, 155, 156], "excluded_lines": []}, "PaperOrder.to_json": {"executed_lines": [], "summary": {"covered_lines": 0, "num_statements": 1, "percent_covered": 0.0, "percent_covered_display": "0", "missing_lines": 1, "excluded_lines": 0}, "missing_lines": [159], "excluded_lines": []}, "_OrderTrackerShim.__init__": {"executed_lines": [172, 173], "summary": {"covered_lines": 2, "num_statements": 2, "percent_covered": 100.0, "percent_covered_display": "100", "missing_lines": 0, "excluded_lines": 0}, "missing_lines": [], "excluded_lines": []}, "_OrderTrackerShim.track": {"executed_lines": [176], "summary": {"covered_lines": 1, "num_statements": 1, "percent_covered": 100.0, "percent_covered_display": "100", "missing_lines": 0, "excluded_lines": 0}, "missing_lines": [], "excluded_lines": []}, "_OrderTrackerShim.fetch_order": {"executed_lines": [179], "summary": {"covered_lines": 1, "num_statements": 1, "percent_covered": 100.0, "percent_covered_display": "100", "missing_lines": 0, "excluded_lines": 0}, "missing_lines": [], "excluded_lines": []}, "_OrderTrackerShim.remove": {"executed_lines": [], "summary": {"covered_lines": 0, "num_statements": 1, "percent_covered": 0.0, "percent_covered_display": "0", "missing_lines": 1, "excluded_lines": 0}, "missing_lines": [182], "excluded_lines": []}, "_OrderTrackerShim.iter_open": {"executed_lines": [185, 186, 187], "summary": {"covered_lines": 3, "num_statements": 3, "percent_covered": 100.0, "percent_covered_display": "100", "missing_lines": 0, "excluded_lines": 0}, "missing_lines": [], "excluded_lines": []}, "_OrderTrackerShim.prune_done": {"executed_lines": [191, 192, 193, 194, 195, 199, 201], "summary": {"covered_lines": 7, "num_statements": 8, "percent_covered": 87.5, "percent_covered_display": "88", "missing_lines": 1, "excluded_lines": 0}, "missing_lines": [200], "excluded_lines": []}, "PaperLedger.total": {"executed_lines": [218], "summary": {"covered_lines": 1, "num_statements": 1, "percent_covered": 100.0, "percent_covered_display": "100", "missing_lines": 0, "excluded_lines": 0}, "missing_lines": [], "excluded_lines": []}, "PaperLedger.available": {"executed_lines": [221], "summary": {"covered_lines": 1, "num_statements": 1, "percent_covered": 100.0, "percent_covered_display": "100", "missing_lines": 0, "excluded_lines": 0}, "missing_lines": [], "excluded_lines": []}, "PaperLedger.reserve": {"executed_lines": [224, 225, 226, 227, 228], "summary": {"covered_lines": 5, "num_statements": 5, "percent_covered": 100.0, "percent_covered_display": "100", "missing_lines": 0, "excluded_lines": 0}, "missing_lines": [], "excluded_lines": []}, "PaperLedger.release": {"executed_lines": [231, 232, 233], "summary": {"covered_lines": 3, "num_statements": 3, "percent_covered": 100.0, "percent_covered_display": "100", "missing_lines": 0, "excluded_lines": 0}, "missing_lines": [], "excluded_lines": []}, "PaperLedger.credit": {"executed_lines": [236], "summary": {"covered_lines": 1, "num_statements": 1, "percent_covered": 100.0, "percent_covered_display": "100", "missing_lines": 0, "excluded_lines": 0}, "missing_lines": [], "excluded_lines": []}, "PaperLedger.debit": {"executed_lines": [239, 241, 242], "summary": {"covered_lines": 3, "num_statements": 4, "percent_covered": 75.0, "percent_covered_display": "75", "missing_lines": 1, "excluded_lines": 0}, "missing_lines": [240], "excluded_lines": []}, "DepthFillModel.__init__": {"executed_lines": [247], "summary": {"covered_lines": 1, "num_statements": 1, "percent_covered": 100.0, "percent_covered_display": "100", "missing_lines": 0, "excluded_lines": 0}, "missing_lines": [], "excluded_lines": []}, "DepthFillModel._top": {"executed_lines": [250, 251, 252, 254, 255, 257], "summary": {"covered_lines": 6, "num_statements": 9, "percent_covered": 66.66666666666667, "percent_covered_display": "67", "missing_lines": 3, "excluded_lines": 0}, "missing_lines": [256, 258, 259], "excluded_lines": []}, "DepthFillModel.evaluate": {"executed_lines": [262, 263, 264, 267, 268, 271, 272, 274, 275, 276, 277, 278, 279, 281, 282, 286, 287, 288, 289, 291, 292, 293, 294, 297], "summary": {"covered_lines": 24, "num_statements": 41, "percent_covered": 58.53658536585366, "percent_covered_display": "59", "missing_lines": 17, "excluded_lines": 0}, "missing_lines": [265, 280, 290, 296, 299, 300, 301, 302, 303, 304, 305, 307, 308, 309, 310, 312, 313], "excluded_lines": []}, "PaperExecutionAdapter.__init__": {"executed_lines": [330, 331, 332, 333, 334, 335, 336, 337, 338, 339, 340, 341, 342, 343, 345, 347, 353, 354, 355, 356, 357, 358, 359], "summary": {"covered_lines": 23, "num_statements": 25, "percent_covered": 92.0, "percent_covered_display": "92", "missing_lines": 2, "excluded_lines": 0}, "missing_lines": [344, 346], "excluded_lines": []}, "PaperExecutionAdapter.paper_stats": {"executed_lines": [363, 364, 366], "summary": {"covered_lines": 3, "num_statements": 4, "percent_covered": 75.0, "percent_covered_display": "75", "missing_lines": 1, "excluded_lines": 0}, "missing_lines": [365], "excluded_lines": []}, "PaperExecutionAdapter.ready": {"executed_lines": [], "summary": {"covered_lines": 0, "num_statements": 1, "percent_covered": 0.0, "percent_covered_display": "0", "missing_lines": 1, "excluded_lines": 0}, "missing_lines": [375], "excluded_lines": []}, "PaperExecutionAdapter.trading_rules": {"executed_lines": [379, 380, 382, 399], "summary": {"covered_lines": 4, "num_statements": 6, "percent_covered": 66.66666666666667, "percent_covered_display": "67", "missing_lines": 2, "excluded_lines": 0}, "missing_lines": [381, 383], "excluded_lines": []}, "PaperExecutionAdapter.add_listener": {"executed_lines": [402], "summary": {"covered_lines": 1, "num_statements": 1, "percent_covered": 100.0, "percent_covered_display": "100", "missing_lines": 0, "excluded_lines": 0}, "missing_lines": [], "excluded_lines": []}, "PaperExecutionAdapter.remove_listener": {"executed_lines": [], "summary": {"covered_lines": 0, "num_statements": 2, "percent_covered": 0.0, "percent_covered_display": "0", "missing_lines": 2, "excluded_lines": 0}, "missing_lines": [405, 406], "excluded_lines": []}, "PaperExecutionAdapter.trigger_event": {"executed_lines": [409, 411, 412, 413, 414, 415, 416, 421], "summary": {"covered_lines": 8, "num_statements": 10, "percent_covered": 80.0, "percent_covered_display": "80", "missing_lines": 2, "excluded_lines": 0}, "missing_lines": [417, 418], "excluded_lines": []}, "PaperExecutionAdapter._relay_to_paper_connector": {"executed_lines": [424, 425], "summary": {"covered_lines": 2, "num_statements": 19, "percent_covered": 10.526315789473685, "percent_covered_display": "11", "missing_lines": 17, "excluded_lines": 0}, "missing_lines": [426, 427, 428, 429, 430, 431, 433, 434, 435, 436, 437, 438, 439, 440, 441, 442, 443], "excluded_lines": []}, "PaperExecutionAdapter.get_balance": {"executed_lines": [446], "summary": {"covered_lines": 1, "num_statements": 1, "percent_covered": 100.0, "percent_covered_display": "100", "missing_lines": 0, "excluded_lines": 0}, "missing_lines": [], "excluded_lines": []}, "PaperExecutionAdapter.get_available_balance": {"executed_lines": [449], "summary": {"covered_lines": 1, "num_statements": 1, "percent_covered": 100.0, "percent_covered_display": "100", "missing_lines": 0, "excluded_lines": 0}, "missing_lines": [], "excluded_lines": []}, "PaperExecutionAdapter.quantize_order_amount": {"executed_lines": [452, 453], "summary": {"covered_lines": 2, "num_statements": 3, "percent_covered": 66.66666666666667, "percent_covered_display": "67", "missing_lines": 1, "excluded_lines": 0}, "missing_lines": [454], "excluded_lines": []}, "PaperExecutionAdapter.quantize_order_price": {"executed_lines": [457, 458], "summary": {"covered_lines": 2, "num_statements": 3, "percent_covered": 66.66666666666667, "percent_covered_display": "67", "missing_lines": 1, "excluded_lines": 0}, "missing_lines": [459], "excluded_lines": []}, "PaperExecutionAdapter._rule_decimal": {"executed_lines": [462, 463, 466, 468, 469, 470, 471, 472, 473, 474, 475, 476, 477, 478], "summary": {"covered_lines": 14, "num_statements": 17, "percent_covered": 82.3529411764706, "percent_covered_display": "82", "missing_lines": 3, "excluded_lines": 0}, "missing_lines": [464, 465, 467], "excluded_lines": []}, "PaperExecutionAdapter._min_fill_amount": {"executed_lines": [481], "summary": {"covered_lines": 1, "num_statements": 1, "percent_covered": 100.0, "percent_covered_display": "100", "missing_lines": 0, "excluded_lines": 0}, "missing_lines": [], "excluded_lines": []}, "PaperExecutionAdapter._min_fill_notional": {"executed_lines": [495], "summary": {"covered_lines": 1, "num_statements": 1, "percent_covered": 100.0, "percent_covered_display": "100", "missing_lines": 0, "excluded_lines": 0}, "missing_lines": [], "excluded_lines": []}, "PaperExecutionAdapter.get_price_by_type": {"executed_lines": [506, 507], "summary": {"covered_lines": 2, "num_statements": 2, "percent_covered": 100.0, "percent_covered_display": "100", "missing_lines": 0, "excluded_lines": 0}, "missing_lines": [], "excluded_lines": []}, "PaperExecutionAdapter.get_order_book": {"executed_lines": [510, 511, 512, 515, 516, 518, 520], "summary": {"covered_lines": 7, "num_statements": 11, "percent_covered": 63.63636363636363, "percent_covered_display": "64", "missing_lines": 4, "excluded_lines": 0}, "missing_lines": [513, 514, 517, 519], "excluded_lines": []}, "PaperExecutionAdapter._try_get_order_book": {"executed_lines": [524, 526, 527, 528, 530, 531, 532, 533], "summary": {"covered_lines": 8, "num_statements": 13, "percent_covered": 61.53846153846154, "percent_covered_display": "62", "missing_lines": 5, "excluded_lines": 0}, "missing_lines": [525, 529, 534, 535, 536], "excluded_lines": []}, "PaperExecutionAdapter.cancel": {"executed_lines": [539, 540, 542, 543, 544, 547, 548, 554, 555, 556], "summary": {"covered_lines": 10, "num_statements": 13, "percent_covered": 76.92307692307692, "percent_covered_display": "77", "missing_lines": 3, "excluded_lines": 0}, "missing_lines": [541, 545, 549], "excluded_lines": []}, "PaperExecutionAdapter.buy": {"executed_lines": [559], "summary": {"covered_lines": 1, "num_statements": 1, "percent_covered": 100.0, "percent_covered_display": "100", "missing_lines": 0, "excluded_lines": 0}, "missing_lines": [], "excluded_lines": []}, "PaperExecutionAdapter.sell": {"executed_lines": [562], "summary": {"covered_lines": 1, "num_statements": 1, "percent_covered": 100.0, "percent_covered_display": "100", "missing_lines": 0, "excluded_lines": 0}, "missing_lines": [], "excluded_lines": []}, "PaperExecutionAdapter._update_orders_with_error_handler": {"executed_lines": [], "summary": {"covered_lines": 0, "num_statements": 2, "percent_covered": 0.0, "percent_covered_display": "0", "missing_lines": 2, "excluded_lines": 0}, "missing_lines": [565, 566], "excluded_lines": []}, "PaperExecutionAdapter._handle_update_error_for_lost_order": {"executed_lines": [], "summary": {"covered_lines": 0, "num_statements": 1, "percent_covered": 0.0, "percent_covered_display": "0", "missing_lines": 1, "excluded_lines": 0}, "missing_lines": [569], "excluded_lines": []}, "PaperExecutionAdapter.refresh_open_orders": {"executed_lines": [572, 573, 574, 575, 576, 577, 578, 579, 582, 583], "summary": {"covered_lines": 10, "num_statements": 12, "percent_covered": 83.33333333333333, "percent_covered_display": "83", "missing_lines": 2, "excluded_lines": 0}, "missing_lines": [580, 581], "excluded_lines": []}, "PaperExecutionAdapter._submit_order": {"executed_lines": [586, 587, 588, 590, 591, 597, 612, 613, 614, 615, 616, 617, 619, 620, 635, 655, 656, 658, 659, 660], "summary": {"covered_lines": 20, "num_statements": 27, "percent_covered": 74.07407407407408, "percent_covered_display": "74", "missing_lines": 7, "excluded_lines": 0}, "missing_lines": [589, 592, 593, 594, 595, 621, 622], "excluded_lines": []}, "PaperExecutionAdapter._reserve_for_order": {"executed_lines": [663, 664, 665, 666, 667, 668, 669, 670, 671], "summary": {"covered_lines": 9, "num_statements": 10, "percent_covered": 90.0, "percent_covered_display": "90", "missing_lines": 1, "excluded_lines": 0}, "missing_lines": [672], "excluded_lines": []}, "PaperExecutionAdapter._apply_fill": {"executed_lines": [675, 676, 678, 679, 681, 682, 684, 685, 687, 689, 690, 691, 692, 693, 694, 695, 696, 697, 698, 705, 707, 708, 709, 710, 711, 713, 714, 715, 716, 717, 719, 720, 721, 722, 724, 725, 726, 727, 728, 729, 731, 732, 734, 735, 736, 742, 743, 744, 745, 747], "summary": {"covered_lines": 50, "num_statements": 59, "percent_covered": 84.7457627118644, "percent_covered_display": "85", "missing_lines": 9, "excluded_lines": 0}, "missing_lines": [677, 680, 688, 704, 706, 737, 738, 739, 740], "excluded_lines": []}, "PaperExecutionAdapter._build_fill_event": {"executed_lines": [751, 776, 779, 796], "summary": {"covered_lines": 4, "num_statements": 9, "percent_covered": 44.44444444444444, "percent_covered_display": "44", "missing_lines": 5, "excluded_lines": 0}, "missing_lines": [752, 753, 763, 774, 775], "excluded_lines": []}, "PaperExecutionAdapter._build_completed_event": {"executed_lines": [800, 814], "summary": {"covered_lines": 2, "num_statements": 7, "percent_covered": 28.571428571428573, "percent_covered_display": "29", "missing_lines": 5, "excluded_lines": 0}, "missing_lines": [801, 802, 803, 812, 813], "excluded_lines": []}, "PaperExecutionAdapter._resolve_price": {"executed_lines": [824, 825, 826, 830, 831], "summary": {"covered_lines": 5, "num_statements": 13, "percent_covered": 38.46153846153846, "percent_covered_display": "38", "missing_lines": 8, "excluded_lines": 0}, "missing_lines": [827, 828, 829, 832, 833, 834, 835, 836], "excluded_lines": []}, "PaperExecutionAdapter._safe_balance": {"executed_lines": [840, 842, 843], "summary": {"covered_lines": 3, "num_statements": 6, "percent_covered": 50.0, "percent_covered_display": "50", "missing_lines": 3, "excluded_lines": 0}, "missing_lines": [841, 844, 845], "excluded_lines": []}, "PaperExecutionAdapter._next_order_id": {"executed_lines": [849, 850], "summary": {"covered_lines": 2, "num_statements": 2, "percent_covered": 100.0, "percent_covered_display": "100", "missing_lines": 0, "excluded_lines": 0}, "missing_lines": [], "excluded_lines": []}, "PaperExecutionAdapter.__getattr__": {"executed_lines": [], "summary": {"covered_lines": 0, "num_statements": 1, "percent_covered": 0.0, "percent_covered_display": "0", "missing_lines": 1, "excluded_lines": 0}, "missing_lines": [854], "excluded_lines": []}, "install_paper_adapter": {"executed_lines": [], "summary": {"covered_lines": 0, "num_statements": 33, "percent_covered": 0.0, "percent_covered_display": "0", "missing_lines": 33, "excluded_lines": 0}, "missing_lines": [858, 859, 860, 861, 868, 870, 871, 872, 873, 875, 876, 877, 878, 879, 880, 881, 882, 884, 885, 886, 887, 888, 889, 890, 891, 892, 901, 903, 912, 913, 918, 923, 924], "excluded_lines": []}, "_install_native_connector_delegation": {"executed_lines": [], "summary": {"covered_lines": 0, "num_statements": 41, "percent_covered": 0.0, "percent_covered_display": "0", "missing_lines": 41, "excluded_lines": 0}, "missing_lines": [933, 934, 935, 936, 938, 940, 943, 954, 956, 959, 962, 965, 968, 971, 974, 977, 980, 983, 984, 985, 986, 987, 988, 989, 990, 991, 992, 995, 996, 997, 998, 999, 1000, 1001, 1002, 1003, 1004, 1005, 1006, 1007, 1008], "excluded_lines": []}, "_install_native_connector_delegation._capture": {"executed_lines": [], "summary": {"covered_lines": 0, "num_statements": 1, "percent_covered": 0.0, "percent_covered_display": "0", "missing_lines": 1, "excluded_lines": 0}, "missing_lines": [941], "excluded_lines": []}, "_install_native_connector_delegation._delegate_buy": {"executed_lines": [], "summary": {"covered_lines": 0, "num_statements": 1, "percent_covered": 0.0, "percent_covered_display": "0", "missing_lines": 1, "excluded_lines": 0}, "missing_lines": [957], "excluded_lines": []}, "_install_native_connector_delegation._delegate_sell": 
[...]
_covered": 100.0, "percent_covered_display": "100", "missing_lines": 0, "excluded_lines": 0}, "missing_lines": [], "excluded_lines": []}}}, "services\\hb_bridge\\intent_consumer.py": {"executed_lines": [1, 3, 4, 6, 7, 12, 15, 16, 23, 24, 25, 26, 27, 28, 30, 31, 32, 34, 35, 37, 38, 40, 41, 42, 49, 50, 51, 52, 53, 54, 64, 65, 66, 67, 68, 73, 74, 75, 76, 77, 78, 80, 81, 82, 84], "summary": {"covered_lines": 45, "num_statements": 51, "percent_covered": 88.23529411764706, "percent_covered_display": "88", "missing_lines": 6, "excluded_lines": 0}, "missing_lines": [55, 56, 61, 62, 85, 90], "excluded_lines": [], "functions": {"HBIntentConsumer.__init__": {"executed_lines": [23, 24, 25, 26, 27, 28], "summary": {"covered_lines": 6, "num_statements": 6, "percent_covered": 100.0, "percent_covered_display": "100", "missing_lines": 0, "excluded_lines": 0}, "missing_lines": [], "excluded_lines": []}, "HBIntentConsumer._cleanup_seen": {"executed_lines": [31, 32], "summary": {"covered_lines": 2, "num_statements": 2, "percent_covered": 100.0, "percent_covered_display": "100", "missing_lines": 0, "excluded_lines": 0}, "missing_lines": [], "excluded_lines": []}, "HBIntentConsumer._is_seen": {"executed_lines": [35], "summary": {"covered_lines": 1, "num_statements": 1, "percent_covered": 100.0, "percent_covered_display": "100", "missing_lines": 0, "excluded_lines": 0}, "missing_lines": [], "excluded_lines": []}, "HBIntentConsumer._mark_seen": {"executed_lines": [38], "summary": {"covered_lines": 1, "num_statements": 1, "percent_covered": 100.0, "percent_covered_display": "100", "missing_lines": 0, "excluded_lines": 0}, "missing_lines": [], "excluded_lines": []}, "HBIntentConsumer.poll": {"executed_lines": [41, 42, 49, 50, 51, 52, 53, 54, 64, 65, 66, 67, 68, 73, 74, 75, 76, 77, 78], "summary": {"covered_lines": 19, "num_statements": 23, "percent_covered": 82.6086956521739, "percent_covered_display": "83", "missing_lines": 4, "excluded_lines": 0}, "missing_lines": [55, 56, 61, 62], "excluded_lines": []}, "HBIntentConsumer.ack": {"executed_lines": [81, 82], "summary": {"covered_lines": 2, "num_statements": 2, "percent_covered": 100.0, "percent_covered_display": "100", "missing_lines": 0, "excluded_lines": 0}, "missing_lines": [], "excluded_lines": []}, "HBIntentConsumer.reject": {"executed_lines": [], "summary": {"covered_lines": 0, "num_statements": 2, "percent_covered": 0.0, "percent_covered_display": "0", "missing_lines": 2, "excluded_lines": 0}, "missing_lines": [85, 90], "excluded_lines": []}, "": {"executed_lines": [1, 3, 4, 6, 7, 12, 15, 16, 30, 34, 37, 40, 80, 84], "summary": {"covered_lines": 14, "num_statements": 14, "percent_covered": 100.0, "percent_covered_display": "100", "missing_lines": 0, "excluded_lines": 0}, "missing_lines": [], "excluded_lines": []}}, "classes": {"HBIntentConsumer": {"executed_lines": [23, 24, 25, 26, 27, 28, 31, 32, 35, 38, 41, 42, 49, 50, 51, 52, 53, 54, 64, 65, 66, 67, 68, 73, 74, 75, 76, 77, 78, 81, 82], "summary": {"covered_lines": 31, "num_statements": 37, "percent_covered": 83.78378378378379, "percent_covered_display": "84", "missing_lines": 6, "excluded_lines": 0}, "missing_lines": [55, 56, 61, 62, 85, 90], "excluded_lines": []}, "": {"executed_lines": [1, 3, 4, 6, 7, 12, 15, 16, 30, 34, 37, 40, 80, 84], "summary": {"covered_lines": 14, "num_statements": 14, "percent_covered": 100.0, "percent_covered_display": "100", "missing_lines": 0, "excluded_lines": 0}, "missing_lines": [], "excluded_lines": []}}}, "services\\hb_bridge\\publisher.py": {"executed_lines": [], "summary": {"covered_lines": 0, "num_statements": 18, "percent_covered": 0.0, "percent_covered_display": "0", "missing_lines": 18, "excluded_lines": 0}, "missing_lines": [1, 3, 5, 6, 7, 10, 11, 12, 13, 15, 16, 17, 19, 20, 21, 27, 28, 29], "excluded_lines": [], "functions": {"HBEventPublisher.__init__": {"executed_lines": [], "summary": {"covered_lines": 0, "num_statements": 2, "percent_covered": 0.0, "percent_covered_display": "0", "missing_lines": 2, "excluded_lines": 0}, "missing_lines": [12, 13], "excluded_lines": []}, "HBEventPublisher.available": {"executed_lines": [], "summary": {"covered_lines": 0, "num_statements": 1, "percent_covered": 0.0, "percent_covered_display": "0", "missing_lines": 1, "excluded_lines": 0}, "missing_lines": [17], "excluded_lines": []}, "HBEventPublisher.publish_market_snapshot": {"executed_lines": [], "summary": {"covered_lines": 0, "num_statements": 2, "percent_covered": 0.0, "percent_covered_display": "0", "missing_lines": 2, "excluded_lines": 0}, "missing_lines": [20, 21], "excluded_lines": []}, "HBEventPublisher.publish_audit": {"executed_lines": [], "summary": {"covered_lines": 0, "num_statements": 2, "percent_covered": 0.0, "percent_covered_display": "0", "missing_lines": 2, "excluded_lines": 0}, "missing_lines": [28, 29], "excluded_lines": []}, "": {"executed_lines": [], "summary": {"covered_lines": 0, "num_statements": 11, "percent_covered": 0.0, "percent_covered_display": "0", "missing_lines": 11, "excluded_lines": 0}, "missing_lines": [1, 3, 5, 6, 7, 10, 11, 15, 16, 19, 27], "excluded_lines": []}}, "classes": {"HBEventPublisher": {"executed_lines": [], "summary": {"covered_lines": 0, "num_statements": 7, "percent_covered": 0.0, "percent_covered_display": "0", "missing_lines": 7, "excluded_lines": 0}, "missing_lines": [12, 13, 17, 20, 21, 28, 29], "excluded_lines": []}, "": {"executed_lines": [], "summary": {"covered_lines": 0, "num_statements": 11, "percent_covered": 0.0, "percent_covered_display": "0", "missing_lines": 11, "excluded_lines": 0}, "missing_lines": [1, 3, 5, 6, 7, 10, 11, 15, 16, 19, 27], "excluded_lines": []}}}, "services\\hb_bridge\\redis_client.py": {"executed_lines": [1, 3, 4, 5, 7, 8, 13, 14, 30, 31, 34, 42, 54, 63, 95], "summary": {"covered_lines": 15, "num_statements": 67, "percent_covered": 22.388059701492537, "percent_covered_display": "22", "missing_lines": 52, "excluded_lines": 2}, "missing_lines": [22, 23, 24, 25, 26, 27, 28, 32, 35, 36, 37, 38, 39, 40, 43, 44, 45, 46, 47, 48, 49, 50, 51, 52, 55, 56, 57, 58, 59, 61, 71, 72, 73, 74, 81, 82, 84, 85, 86, 87, 88, 89, 90, 91, 92, 93, 96, 97, 98, 99, 100, 101], "excluded_lines": [9, 10], "functions": {"RedisStreamClient.__init__": {"executed_lines": [], "summary": {"covered_lines": 0, "num_statements": 7, "percent_covered": 0.0, "percent_covered_display": "0", "missing_lines": 7, "excluded_lines": 0}, "missing_lines": [22, 23, 24, 25, 26, 27, 28], "excluded_lines": []}, "RedisStreamClient.enabled": {"executed_lines": [], "summary": {"covered_lines": 0, "num_statements": 1, "percent_covered": 0.0, "percent_covered_display": "0", "missing_lines": 1, "excluded_lines": 0}, "missing_lines": [32], "excluded_lines": []}, "RedisStreamClient.ping": {"executed_lines": [], "summary": {"covered_lines": 0, "num_statements": 6, "percent_covered": 0.0, "percent_covered_display": "0", "missing_lines": 6, "excluded_lines": 0}, "missing_lines": [35, 36, 37, 38, 39, 40], "excluded_lines": []}, "RedisStreamClient.xadd": {"executed_lines": [], "summary": {"covered_lines": 0, "num_statements": 10, "percent_covered": 0.0, "percent_covered_display": "0", "missing_lines": 10, "excluded_lines": 0}, "missing_lines": [43, 44, 45, 46, 47, 48, 49, 50, 51, 52], "excluded_lines": []}, "RedisStreamClient.create_group": {"executed_lines": [], "summary": {"covered_lines": 0, "num_statements": 6, "percent_covered": 0.0, "percent_covered_display": "0", "missing_lines": 6, "excluded_lines": 0}, "missing_lines": [55, 56, 57, 58, 59, 61], "excluded_lines": []}, "RedisStreamClient.read_group": {"executed_lines": [], "summary": {"covered_lines": 0, "num_statements": 16, "percent_covered": 0.0, "percent_covered_display": "0", "missing_lines": 16, "excluded_lines": 0}, "missing_lines": [71, 72, 73, 74, 81, 82, 84, 85, 86, 87, 88, 89, 90, 91, 92, 93], "excluded_lines": []}, "RedisStreamClient.ack": {"executed_lines": [], "summary": {"covered_lines": 0, "num_statements": 6, "percent_covered": 0.0, "percent_covered_display": "0", "missing_lines": 6, "excluded_lines": 0}, "missing_lines": [96, 97, 98, 99, 100, 101], "excluded_lines": []}, "": {"executed_lines": [1, 3, 4, 5, 7, 8, 13, 14, 30, 31, 34, 42, 54, 63, 95], "summary": {"covered_lines": 15, "num_statements": 15, "percent_covered": 100.0, "percent_covered_display": "100", "missing_lines": 0, "excluded_lines": 2}, "missing_lines": [], "excluded_lines": [9, 10]}}, "classes": {"RedisStreamClient": {"executed_lines": [], "summary": {"covered_lines": 0, "num_statements": 52, "percent_covered": 0.0, "percent_covered_display": "0", "missing_lines": 52, "excluded_lines": 0}, "missing_lines": [22, 23, 24, 25, 26, 27, 28, 32, 35, 36, 37, 38, 39, 40, 43, 44, 45, 46, 47, 48, 49, 50, 51, 52, 55, 56, 57, 58, 59, 61, 71, 72, 73, 74, 81, 82, 84, 85, 86, 87, 88, 89, 90, 91, 92, 93, 96, 97, 98, 99, 100, 101], "excluded_lines": []}, "": {"executed_lines": [1, 3, 4, 5, 7, 8, 13, 14, 30, 31, 34, 42, 54, 63, 95], "summary": {"covered_lines": 15, "num_statements": 15, "percent_covered": 100.0, "percent_covered_display": "100", "missing_lines": 0, "excluded_lines": 2}, "missing_lines": [], "excluded_lines": [9, 10]}}}, "services\\risk_service\\__init__.py": {"executed_lines": [1], "summary": {"covered_lines": 0, "num_statements": 0, "percent_covered": 100.0, "percent_covered_display": "100", "missing_lines": 0, "excluded_lines": 0}, "missing_lines": [], "excluded_lines": [], "functions": {"": {"executed_lines": [], "summary": {"covered_lines": 0, "num_statements": 0, "percent_covered": 100.0, "percent_covered_display": "100", "missing_lines": 0, "excluded_lines": 0}, "missing_lines": [], "excluded_lines": []}}, "classes": {"": {"executed_lines": [], "summary": {"covered_lines": 0, "num_statements": 0, "percent_covered": 100.0, "percent_covered_display": "100", "missing_lines": 0, "excluded_lines": 0}, "missing_lines": [], "excluded_lines": []}}}, "services\\risk_service\\main.py": {"executed_lines": [1, 3, 4, 6, 7, 8, 15, 18, 24, 25, 26, 27, 28, 29, 31, 32, 33, 36, 121], "summary": {"covered_lines": 19, "num_statements": 54, "percent_covered": 35.18518518518518, "percent_covered_display": "35", "missing_lines": 35, "excluded_lines": 0}, "missing_lines": [30, 37, 38, 39, 40, 41, 42, 43, 45, 52, 53, 54, 55, 58, 65, 66, 67, 68, 69, 70, 71, 72, 78, 95, 96, 97, 98, 99, 100, 101, 102, 112, 117, 118, 122], "excluded_lines": [], "functions": {"evaluate_ml_signal": {"executed_lines": [24, 25, 26, 27, 28, 29, 31, 32, 33], "summary": {"covered_lines": 9, "num_statements": 10, "percent_covered": 90.0, "percent_covered_display": "90", "missing_lines": 1, "excluded_lines": 0}, "missing_lines": [30], "excluded_lines": []}, "run": {"executed_lines": [], "summary": {"covered_lines": 0, "num_statements": 33, "percent_covered": 0.0, "percent_covered_display": "0", "missing_lines": 33, "excluded_lines": 0}, "missing_lines": [37, 38, 39, 40, 41, 42, 43, 45, 52, 53, 54, 55, 58, 65, 66, 67, 68, 69, 70, 71, 72, 78, 95, 96, 97, 98, 99, 100, 101, 102, 112, 117, 118], "excluded_lines": []}, "": {"executed_lines": [1, 3, 4, 6, 7, 8, 15, 18, 36, 121], "summary": {"covered_lines": 10, "num_statements": 11, "percent_covered": 90.9090909090909, "percent_covered_display": "91", "missing_lines": 1, "excluded_lines": 0}, "missing_lines": [122], "excluded_lines": []}}, "classes": {"": {"executed_lines": [1, 3, 4, 6, 7, 8, 15, 18, 24, 25, 26, 27, 28, 29, 31, 32, 33, 36, 121], "summary": {"covered_lines": 19, "num_statements": 54, "percent_covered": 35.18518518518518, "percent_covered_display": "35", "missing_lines": 35, "excluded_lines": 0}, "missing_lines": [30, 37, 38, 39, 40, 41, 42, 43, 45, 52, 53, 54, 55, 58, 65, 66, 67, 68, 69, 70, 71, 72, 78, 95, 96, 97, 98, 99, 100, 101, 102, 112, 117, 118, 122], "excluded_lines": []}}}, "services\\signal_service\\__init__.py": {"executed_lines": [1], "summary": {"covered_lines": 0, "num_statements": 0, "percent_covered": 100.0, "percent_covered_display": "100", "missing_lines": 0, "excluded_lines": 0}, "missing_lines": [], "excluded_lines": [], "functions": {"": {"executed_lines": [], "summary": {"covered_lines": 0, "num_statements": 0, "percent_covered": 100.0, "percent_covered_display": "100", "missing_lines": 0, "excluded_lines": 0}, "missing_lines": [], "excluded_lines": []}}, "classes": {"": {"executed_lines": [], "summary": {"covered_lines": 0, "num_statements": 0, "percent_covered": 100.0, "percent_covered_display": "100", "missing_lines": 0, "excluded_lines": 0}, "missing_lines": [], "excluded_lines": []}}}, "services\\signal_service\\feature_builder.py": {"executed_lines": [1, 3, 4, 5, 7, 10, 11, 13, 23, 24, 25, 26], "summary": {"covered_lines": 12, "num_statements": 13, "percent_covered": 92.3076923076923, "percent_covered_display": "92", "missing_lines": 1, "excluded_lines": 0}, "missing_lines": [12], "excluded_lines": [], "functions": {"build_features": {"executed_lines": [11, 13, 23, 24, 25, 26], "summary": {"covered_lines": 6, "num_statements": 7, "percent_covered": 85.71428571428571, "percent_covered_display": "86", "missing_lines": 1, "excluded_lines": 0}, "missing_lines": [12], "excluded_lines": []}, "": {"executed_lines": [1, 3, 4, 5, 7, 10], "summary": {"covered_lines": 6, "num_statements": 6, "percent_covered": 100.0, "percent_covered_display": "100", "missing_lines": 0, "excluded_lines": 0}, "missing_lines": [], "excluded_lines": []}}, "classes": {"": {"executed_lines": [1, 3, 4, 5, 7, 10, 11, 13, 23, 24, 25, 26], "summary": {"covered_lines": 12, "num_statements": 13, "percent_covered": 92.3076923076923, "percent_covered_display": "92", "missing_lines": 1, "excluded_lines": 0}, "missing_lines": [12], "excluded_lines": []}}}, "services\\signal_service\\inference_engine.py": {"executed_lines": [], "summary": {"covered_lines": 0, "num_statements": 33, "percent_covered": 0.0, "percent_covered_display": "0", "missing_lines": 33, "excluded_lines": 0}, "missing_lines": [1, 3, 4, 6, 9, 10, 11, 12, 13, 15, 16, 17, 18, 19, 20, 21, 22, 23, 25, 26, 28, 29, 30, 31, 32, 33, 34, 35, 37, 39, 41, 42, 43], "excluded_lines": [], "functions": {"run_inference": {"executed_lines": [], "summary": {"covered_lines": 0, "num_statements": 28, "percent_covered": 0.0, "percent_covered_display": "0", "missing_lines": 28, "excluded_lines": 0}, "missing_lines": [10, 11, 12, 13, 15, 16, 17, 18, 19, 20, 21, 22, 23, 25, 26, 28, 29, 30, 31, 32, 33, 34, 35, 37, 39, 41, 42, 43], "excluded_lines": []}, "": {"executed_lines": [], "summary": {"covered_lines": 0, "num_statements": 5, "percent_covered": 0.0, "percent_covered_display": "0", "missing_lines": 5, "excluded_lines": 0}, "missing_lines": [1, 3, 4, 6, 9], "excluded_lines": []}}, "classes": {"": {"executed_lines": [], "summary": {"covered_lines": 0, "num_statements": 33, "percent_covered": 0.0, "percent_covered_display": "0", "missing_lines": 33, "excluded_lines": 0}, "missing_lines": [1, 3, 4, 6, 9, 10, 11, 12, 13, 15, 16, 17, 18, 19, 20, 21, 22, 23, 25, 26, 28, 29, 30, 31, 32, 33, 34, 35, 37, 39, 41, 42, 43], "excluded_lines": []}}}, "services\\signal_service\\main.py": {"executed_lines": [], "summary": {"covered_lines": 0, "num_statements": 59, "percent_covered": 0.0, "percent_covered_display": "0", "missing_lines": 59, "excluded_lines": 0}, "missing_lines": [1, 3, 4, 6, 7, 8, 15, 16, 17, 18, 21, 22, 23, 24, 31, 32, 33, 34, 35, 36, 37, 38, 39, 40, 41, 42, 43, 45, 46, 49, 50, 51, 57, 58, 59, 60, 62, 69, 70, 71, 72, 73, 74, 76, 77, 78, 79, 80, 81, 98, 103, 104, 106, 107, 116, 121, 122, 125, 126], "excluded_lines": [], "functions": {"run": {"executed_lines": [], "summary": {"covered_lines": 0, "num_statements": 46, "percent_covered": 0.0, "percent_covered_display": "0", "missing_lines": 46, "excluded_lines": 0}, "missing_lines": [22, 23, 24, 31, 32, 33, 34, 35, 36, 37, 38, 39, 40, 41, 42, 43, 45, 46, 49, 50, 51, 57, 58, 59, 60, 62, 69, 70, 71, 72, 73, 74, 76, 77, 78, 79, 80, 81, 98, 103, 104, 106, 107, 116, 121, 122], "excluded_lines": []}, "": {"executed_lines": [], "summary": {"covered_lines": 0, "num_statements": 13, "percent_covered": 0.0, "percent_covered_display": "0", "missing_lines": 13, "excluded_lines": 0}, "missing_lines": [1, 3, 4, 6, 7, 8, 15, 16, 17, 18, 21, 125, 126], "excluded_lines": []}}, "classes": {"": {"executed_lines": [], "summary": {"covered_lines": 0, "num_statements": 59, "percent_covered": 0.0, "percent_covered_display": "0", "missing_lines": 59, "excluded_lines": 0}, "missing_lines": [1, 3, 4, 6, 7, 8, 15, 16, 17, 18, 21, 22, 23, 24, 31, 32, 33, 34, 35, 36, 37, 38, 39, 40, 41, 42, 43, 45, 46, 49, 50, 51, 57, 58, 59, 60, 62, 69, 70, 71, 72, 73, 74, 76, 77, 78, 79, 80, 81, 98, 103, 104, 106, 107, 116, 121, 122, 125, 126], "excluded_lines": []}}}, "services\\signal_service\\model_loader.py": {"executed_lines": [1, 3, 4, 5, 6, 7, 8, 10, 11, 15, 16, 21, 22, 23, 24, 25, 26, 27, 28, 31, 42, 59, 60, 62, 64, 67, 68, 70, 71, 72, 73, 76, 82, 83, 84, 86, 87, 89, 90, 91, 100, 101, 102, 103, 104, 105], "summary": {"covered_lines": 46, "num_statements": 70, "percent_covered": 65.71428571428571, "percent_covered_display": "66", "missing_lines": 24, "excluded_lines": 6}, "missing_lines": [32, 33, 34, 35, 36, 37, 38, 39, 44, 45, 48, 49, 50, 51, 52, 53, 54, 55, 56, 61, 63, 69, 88, 114], "excluded_lines": [12, 13, 17, 18, 46, 47], "functions": {"_download_http_to_temp": {"executed_lines": [], "summary": {"covered_lines": 0, "num_statements": 8, "percent_covered": 0.0, "percent_covered_display": "0", "missing_lines": 8, "excluded_lines": 0}, "missing_lines": [32, 33, 34, 35, 36, 37, 38, 39], "excluded_lines": []}, "_download_s3_to_temp": {"executed_lines": [], "summary": {"covered_lines": 0, "num_statements": 11, "percent_covered": 0.0, "percent_covered_display": "0", "missing_lines": 11, "excluded_lines": 2}, "missing_lines": [44, 45, 48, 49, 50, 51, 52, 53, 54, 55, 56], "excluded_lines": [46, 47]}, "_resolve_model_path": {"executed_lines": [60, 62, 64], "summary": {"covered_lines": 3, "num_statements": 5, "percent_covered": 60.0, "percent_covered_display": "60", "missing_lines": 2, "excluded_lines": 0}, "missing_lines": [61, 63], "excluded_lines": []}, "_load_custom_class": {"executed_lines": [68, 70, 71, 72, 73], "summary": {"covered_lines": 5, "num_statements": 6, "percent_covered": 83.33333333333333, "percent_covered_display": "83", "missing_lines": 1, "excluded_lines": 0}, "missing_lines": [69], "excluded_lines": []}, "load_model": {"executed_lines": [82, 83, 84, 86, 87, 89, 90, 91, 100, 101, 102, 103, 104, 105], "summary": {"covered_lines": 14, "num_statements": 16, "percent_covered": 87.5, "percent_covered_display": "88", "missing_lines": 2, "excluded_lines": 0}, "missing_lines": [88, 114], "excluded_lines": []}, "": {"executed_lines": [1, 3, 4, 5, 6, 7, 8, 10, 11, 15, 16, 21, 22, 23, 24, 25, 26, 27, 28, 31, 42, 59, 67, 76], "summary": {"covered_lines": 24, "num_statements": 24, "percent_covered": 100.0, "percent_covered_display": "100", "missing_lines": 0, "excluded_lines": 4}, "missing_lines": [], "excluded_lines": [12, 13, 17, 18]}}, "classes": {"LoadedModel": {"executed_lines": [], "summary": {"covered_lines": 0, "num_statements": 0, "percent_covered": 100.0, "percent_covered_display": "100", "missing_lines": 0, "excluded_lines": 0}, "missing_lines": [], "excluded_lines": []}, "": {"executed_lines": [1, 3, 4, 5, 6, 7, 8, 10, 11, 15, 16, 21, 22, 23, 24, 25, 26, 27, 28, 31, 42, 59, 60, 62, 64, 67, 68, 70, 71, 72, 73, 76, 82, 83, 84, 86, 87, 89, 90, 91, 100, 101, 102, 103, 104, 105], "summary": {"covered_lines": 46, "num_statements": 70, "percent_covered": 65.71428571428571, "percent_covered_display": "66", "missing_lines": 24, "excluded_lines": 6}, "missing_lines": [32, 33, 34, 35, 36, 37, 38, 39, 44, 45, 48, 49, 50, 51, 52, 53, 54, 55, 56, 61, 63, 69, 88, 114], "excluded_lines": [12, 13, 17, 18, 46, 47]}}}}, "totals": {"covered_lines": 711, "num_statements": 4116, "percent_covered": 17.27405247813411, "percent_covered_display": "17", "missing_lines": 3405, "excluded_lines": 43}}